2018-11-13 11:29:28,862 INFO  [org.jboss.modules] (main) JBoss Modules version 1.8.5.Final
2018-11-13 11:29:29,154 INFO  [org.jboss.msc] (main) JBoss MSC version 1.4.2.Final
2018-11-13 11:29:29,163 INFO  [org.jboss.threads] (main) JBoss Threads version 2.3.2.Final
2018-11-13 11:29:29,300 INFO  [org.jboss.as] (MSC service thread 1-2) WFLYSRV0049: Keycloak 4.5.0.Final (WildFly Core 5.0.0.Final) starting
2018-11-13 11:29:29,301 DEBUG [org.jboss.as.config] (MSC service thread 1-2) Configured system properties:
	[Server:load-balancer] = 
	[pcid:651396969] = 
	awt.toolkit = sun.lwawt.macosx.LWCToolkit
	file.encoding = UTF-8
	file.encoding.pkg = sun.io
	file.separator = /
	ftp.nonProxyHosts = local|*.local|169.254/16|*.169.254/16
	gopherProxySet = false
	http.nonProxyHosts = local|*.local|169.254/16|*.169.254/16
	java.awt.graphicsenv = sun.awt.CGraphicsEnvironment
	java.awt.headless = true
	java.awt.printerjob = sun.lwawt.macosx.CPrinterJob
	java.class.path = /Users/dariosarcevic/opt/keycloak-4.5.0.Final/jboss-modules.jar
	java.class.version = 52.0
	java.endorsed.dirs = /Library/Java/JavaVirtualMachines/jdk1.8.0_121.jdk/Contents/Home/jre/lib/endorsed
	java.ext.dirs = /Users/dariosarcevic/Library/Java/Extensions:/Library/Java/JavaVirtualMachines/jdk1.8.0_121.jdk/Contents/Home/jre/lib/ext:/Library/Java/Extensions:/Network/Library/Java/Extensions:/System/Library/Java/Extensions:/usr/lib/java
	java.home = /Library/Java/JavaVirtualMachines/jdk1.8.0_121.jdk/Contents/Home/jre
	java.io.tmpdir = /var/folders/7q/6n592llx45v38533ds9r46kr0000gn/T/
	java.library.path = /Users/dariosarcevic/Library/Java/Extensions:/Library/Java/Extensions:/Network/Library/Java/Extensions:/System/Library/Java/Extensions:/usr/lib/java:.
	java.net.preferIPv4Stack = true
	java.runtime.name = Java(TM) SE Runtime Environment
	java.runtime.version = 1.8.0_121-b13
	java.specification.name = Java Platform API Specification
	java.specification.vendor = Oracle Corporation
	java.specification.version = 1.8
	java.util.logging.manager = org.jboss.logmanager.LogManager
	java.vendor = Oracle Corporation
	java.vendor.url = http://java.oracle.com/
	java.vendor.url.bug = http://bugreport.sun.com/bugreport/
	java.version = 1.8.0_121
	java.vm.info = mixed mode
	java.vm.name = Java HotSpot(TM) 64-Bit Server VM
	java.vm.specification.name = Java Virtual Machine Specification
	java.vm.specification.vendor = Oracle Corporation
	java.vm.specification.version = 1.8
	java.vm.vendor = Oracle Corporation
	java.vm.version = 25.121-b13
	javax.management.builder.initial = org.jboss.as.jmx.PluggableMBeanServerBuilder
	jboss.domain.base.dir = /Users/dariosarcevic/opt/keycloak-4.5.0.Final/domain
	jboss.domain.config.dir = /Users/dariosarcevic/opt/keycloak-4.5.0.Final/domain/configuration
	jboss.home.dir = /Users/dariosarcevic/opt/keycloak-4.5.0.Final
	jboss.host.name = darios-macbook-pro
	jboss.modules.dir = /Users/dariosarcevic/opt/keycloak-4.5.0.Final/modules
	jboss.modules.system.pkgs = org.jboss.byteman
	jboss.node.name = master:load-balancer
	jboss.qualified.host.name = darios-macbook-pro.local
	jboss.server.base.dir = /Users/dariosarcevic/opt/keycloak-4.5.0.Final/domain/servers/load-balancer
	jboss.server.config.dir = /Users/dariosarcevic/opt/keycloak-4.5.0.Final/domain/servers/load-balancer/configuration
	jboss.server.data.dir = /Users/dariosarcevic/opt/keycloak-4.5.0.Final/domain/servers/load-balancer/data
	jboss.server.deploy.dir = /Users/dariosarcevic/opt/keycloak-4.5.0.Final/domain/servers/load-balancer/data/content
	jboss.server.log.dir = /Users/dariosarcevic/opt/keycloak-4.5.0.Final/domain/servers/load-balancer/log
	jboss.server.name = load-balancer
	jboss.server.persist.config = true
	jboss.server.temp.dir = /Users/dariosarcevic/opt/keycloak-4.5.0.Final/domain/servers/load-balancer/tmp
	line.separator = 

	logging.configuration = file:/Users/dariosarcevic/opt/keycloak-4.5.0.Final/domain/configuration/default-server-logging.properties
	module.path = /Users/dariosarcevic/opt/keycloak-4.5.0.Final/modules
	org.jboss.boot.log.file = /Users/dariosarcevic/opt/keycloak-4.5.0.Final/domain/servers/load-balancer/log/server.log
	org.jboss.resolver.warning = true
	os.arch = x86_64
	os.name = Mac OS X
	os.version = 10.14
	path.separator = :
	socksNonProxyHosts = local|*.local|169.254/16|*.169.254/16
	sun.arch.data.model = 64
	sun.boot.class.path = /Library/Java/JavaVirtualMachines/jdk1.8.0_121.jdk/Contents/Home/jre/lib/resources.jar:/Library/Java/JavaVirtualMachines/jdk1.8.0_121.jdk/Contents/Home/jre/lib/rt.jar:/Library/Java/JavaVirtualMachines/jdk1.8.0_121.jdk/Contents/Home/jre/lib/sunrsasign.jar:/Library/Java/JavaVirtualMachines/jdk1.8.0_121.jdk/Contents/Home/jre/lib/jsse.jar:/Library/Java/JavaVirtualMachines/jdk1.8.0_121.jdk/Contents/Home/jre/lib/jce.jar:/Library/Java/JavaVirtualMachines/jdk1.8.0_121.jdk/Contents/Home/jre/lib/charsets.jar:/Library/Java/JavaVirtualMachines/jdk1.8.0_121.jdk/Contents/Home/jre/lib/jfr.jar:/Library/Java/JavaVirtualMachines/jdk1.8.0_121.jdk/Contents/Home/jre/classes
	sun.boot.library.path = /Library/Java/JavaVirtualMachines/jdk1.8.0_121.jdk/Contents/Home/jre/lib
	sun.cpu.endian = little
	sun.cpu.isalist = 
	sun.io.unicode.encoding = UnicodeBig
	sun.java.command = /Users/dariosarcevic/opt/keycloak-4.5.0.Final/jboss-modules.jar -mp /Users/dariosarcevic/opt/keycloak-4.5.0.Final/modules org.jboss.as.server
	sun.java.launcher = SUN_STANDARD
	sun.jnu.encoding = UTF-8
	sun.management.compiler = HotSpot 64-Bit Tiered Compilers
	sun.os.patch.level = unknown
	user.country = US
	user.country.format = HR
	user.dir = /Users/dariosarcevic/opt/keycloak-4.5.0.Final
	user.home = /Users/dariosarcevic
	user.language = en
	user.name = dariosarcevic
	user.timezone = Europe/Zagreb
2018-11-13 11:29:29,302 DEBUG [org.jboss.as.config] (MSC service thread 1-2) VM Arguments: -D[Server:load-balancer] -D[pcid:651396969] -Xms64m -Xmx512m -XX:MetaspaceSize=96m -XX:MaxMetaspaceSize=256m -Djava.awt.headless=true -Djava.net.preferIPv4Stack=true -Djboss.home.dir=/Users/dariosarcevic/opt/keycloak-4.5.0.Final -Djboss.modules.system.pkgs=org.jboss.byteman -Djboss.server.log.dir=/Users/dariosarcevic/opt/keycloak-4.5.0.Final/domain/servers/load-balancer/log -Djboss.server.temp.dir=/Users/dariosarcevic/opt/keycloak-4.5.0.Final/domain/servers/load-balancer/tmp -Djboss.server.data.dir=/Users/dariosarcevic/opt/keycloak-4.5.0.Final/domain/servers/load-balancer/data -Dorg.jboss.boot.log.file=/Users/dariosarcevic/opt/keycloak-4.5.0.Final/domain/servers/load-balancer/log/server.log -Dlogging.configuration=file:/Users/dariosarcevic/opt/keycloak-4.5.0.Final/domain/configuration/default-server-logging.properties 
2018-11-13 11:29:29,379 INFO  [org.xnio] (MSC service thread 1-5) XNIO version 3.6.3.Final
2018-11-13 11:29:29,384 INFO  [org.xnio.nio] (MSC service thread 1-5) XNIO NIO Implementation Version 3.6.3.Final
2018-11-13 11:29:29,417 INFO  [org.jboss.remoting] (MSC service thread 1-2) JBoss Remoting version 5.0.7.Final
2018-11-13 11:29:29,716 INFO  [org.wildfly.security] (ServerService Thread Pool -- 2) ELY00001: WildFly Elytron version 1.3.3.Final
2018-11-13 11:29:30,656 INFO  [org.wildfly.extension.io] (ServerService Thread Pool -- 5) WFLYIO001: Worker 'default' has auto-configured to 16 core threads with 128 task threads based on your 8 available processors
2018-11-13 11:29:30,671 INFO  [org.wildfly.extension.undertow] (MSC service thread 1-3) WFLYUT0003: Undertow 2.0.9.Final starting
2018-11-13 11:29:30,713 INFO  [io.undertow] (MSC service thread 1-4) UT005039: Undertow starts mod_cluster proxy advertisements on /224.0.1.105:23364 with frequency 10000 ms
2018-11-13 11:29:30,716 ERROR [io.undertow] (default I/O-7) UT005041: Cannot send advertise message. Address: /224.0.1.105:23364: java.net.BindException: Can't assign requested address
	at sun.nio.ch.DatagramChannelImpl.send0(Native Method)
	at sun.nio.ch.DatagramChannelImpl.sendFromNativeBuffer(DatagramChannelImpl.java:521)
	at sun.nio.ch.DatagramChannelImpl.send(DatagramChannelImpl.java:498)
	at sun.nio.ch.DatagramChannelImpl.send(DatagramChannelImpl.java:462)
	at org.xnio.nio.NioUdpChannel.sendTo(NioUdpChannel.java:136)
	at io.undertow.server.handlers.proxy.mod_cluster.MCMPAdvertiseTask.run(MCMPAdvertiseTask.java:190)
	at org.xnio.nio.WorkerThread.safeRun(WorkerThread.java:612)
	at org.xnio.nio.WorkerThread.run(WorkerThread.java:479)

2018-11-13 11:29:30,752 INFO  [org.wildfly.extension.undertow] (MSC service thread 1-1) WFLYUT0012: Started server default-server.
2018-11-13 11:29:30,754 INFO  [org.wildfly.extension.undertow] (MSC service thread 1-6) WFLYUT0018: Host default-host starting
2018-11-13 11:29:30,796 INFO  [org.wildfly.extension.undertow] (MSC service thread 1-1) WFLYUT0006: Undertow HTTP listener default listening on 127.0.0.1:8080
2018-11-13 11:29:30,796 INFO  [org.wildfly.extension.undertow] (MSC service thread 1-4) WFLYUT0006: Undertow HTTP listener management listening on 127.0.0.1:8090
2018-11-13 11:29:30,813 INFO  [org.jboss.as.patching] (MSC service thread 1-7) WFLYPAT0050: Keycloak cumulative patch ID is: base, one-off patches include: none
2018-11-13 11:29:30,830 WARN  [org.jboss.as.domain.management.security] (MSC service thread 1-6) WFLYDM0111: Keystore /Users/dariosarcevic/opt/keycloak-4.5.0.Final/domain/configuration/application.keystore not found, it will be auto generated on first use with a self signed certificate for host localhost
2018-11-13 11:29:30,886 INFO  [org.jboss.as.server] (Controller Boot Thread) WFLYSRV0212: Resuming server
2018-11-13 11:29:30,889 INFO  [org.jboss.as] (Controller Boot Thread) WFLYSRV0025: Keycloak 4.5.0.Final (WildFly Core 5.0.0.Final) started in 2393ms - Started 72 of 87 services (38 services are lazy, passive or on-demand)
2018-11-13 11:29:40,720 ERROR [io.undertow] (default I/O-1) UT005041: Cannot send advertise message. Address: /224.0.1.105:23364: java.net.BindException: Can't assign requested address
	at sun.nio.ch.DatagramChannelImpl.send0(Native Method)
	at sun.nio.ch.DatagramChannelImpl.sendFromNativeBuffer(DatagramChannelImpl.java:521)
	at sun.nio.ch.DatagramChannelImpl.send(DatagramChannelImpl.java:498)
	at sun.nio.ch.DatagramChannelImpl.send(DatagramChannelImpl.java:462)
	at org.xnio.nio.NioUdpChannel.sendTo(NioUdpChannel.java:136)
	at io.undertow.server.handlers.proxy.mod_cluster.MCMPAdvertiseTask.run(MCMPAdvertiseTask.java:190)
	at org.xnio.nio.WorkerThread$RepeatKey.run(WorkerThread.java:694)
	at org.xnio.nio.WorkerThread.safeRun(WorkerThread.java:612)
	at org.xnio.nio.WorkerThread.run(WorkerThread.java:479)

2018-11-13 11:29:50,724 ERROR [io.undertow] (default I/O-1) UT005041: Cannot send advertise message. Address: /224.0.1.105:23364: java.net.BindException: Can't assign requested address
	at sun.nio.ch.DatagramChannelImpl.send0(Native Method)
	at sun.nio.ch.DatagramChannelImpl.sendFromNativeBuffer(DatagramChannelImpl.java:521)
	at sun.nio.ch.DatagramChannelImpl.send(DatagramChannelImpl.java:498)
	at sun.nio.ch.DatagramChannelImpl.send(DatagramChannelImpl.java:462)
	at org.xnio.nio.NioUdpChannel.sendTo(NioUdpChannel.java:136)
	at io.undertow.server.handlers.proxy.mod_cluster.MCMPAdvertiseTask.run(MCMPAdvertiseTask.java:190)
	at org.xnio.nio.WorkerThread$RepeatKey.run(WorkerThread.java:694)
	at org.xnio.nio.WorkerThread.safeRun(WorkerThread.java:612)
	at org.xnio.nio.WorkerThread.run(WorkerThread.java:479)

2018-11-13 11:30:00,732 ERROR [io.undertow] (default I/O-1) UT005041: Cannot send advertise message. Address: /224.0.1.105:23364: java.net.BindException: Can't assign requested address
	at sun.nio.ch.DatagramChannelImpl.send0(Native Method)
	at sun.nio.ch.DatagramChannelImpl.sendFromNativeBuffer(DatagramChannelImpl.java:521)
	at sun.nio.ch.DatagramChannelImpl.send(DatagramChannelImpl.java:498)
	at sun.nio.ch.DatagramChannelImpl.send(DatagramChannelImpl.java:462)
	at org.xnio.nio.NioUdpChannel.sendTo(NioUdpChannel.java:136)
	at io.undertow.server.handlers.proxy.mod_cluster.MCMPAdvertiseTask.run(MCMPAdvertiseTask.java:190)
	at org.xnio.nio.WorkerThread$RepeatKey.run(WorkerThread.java:694)
	at org.xnio.nio.WorkerThread.safeRun(WorkerThread.java:612)
	at org.xnio.nio.WorkerThread.run(WorkerThread.java:479)

2018-11-13 11:30:10,734 ERROR [io.undertow] (default I/O-1) UT005041: Cannot send advertise message. Address: /224.0.1.105:23364: java.net.BindException: Can't assign requested address
	at sun.nio.ch.DatagramChannelImpl.send0(Native Method)
	at sun.nio.ch.DatagramChannelImpl.sendFromNativeBuffer(DatagramChannelImpl.java:521)
	at sun.nio.ch.DatagramChannelImpl.send(DatagramChannelImpl.java:498)
	at sun.nio.ch.DatagramChannelImpl.send(DatagramChannelImpl.java:462)
	at org.xnio.nio.NioUdpChannel.sendTo(NioUdpChannel.java:136)
	at io.undertow.server.handlers.proxy.mod_cluster.MCMPAdvertiseTask.run(MCMPAdvertiseTask.java:190)
	at org.xnio.nio.WorkerThread$RepeatKey.run(WorkerThread.java:694)
	at org.xnio.nio.WorkerThread.safeRun(WorkerThread.java:612)
	at org.xnio.nio.WorkerThread.run(WorkerThread.java:479)

2018-11-13 11:30:20,740 ERROR [io.undertow] (default I/O-1) UT005041: Cannot send advertise message. Address: /224.0.1.105:23364: java.net.BindException: Can't assign requested address
	at sun.nio.ch.DatagramChannelImpl.send0(Native Method)
	at sun.nio.ch.DatagramChannelImpl.sendFromNativeBuffer(DatagramChannelImpl.java:521)
	at sun.nio.ch.DatagramChannelImpl.send(DatagramChannelImpl.java:498)
	at sun.nio.ch.DatagramChannelImpl.send(DatagramChannelImpl.java:462)
	at org.xnio.nio.NioUdpChannel.sendTo(NioUdpChannel.java:136)
	at io.undertow.server.handlers.proxy.mod_cluster.MCMPAdvertiseTask.run(MCMPAdvertiseTask.java:190)
	at org.xnio.nio.WorkerThread$RepeatKey.run(WorkerThread.java:694)
	at org.xnio.nio.WorkerThread.safeRun(WorkerThread.java:612)
	at org.xnio.nio.WorkerThread.run(WorkerThread.java:479)

2018-11-13 11:30:30,759 ERROR [io.undertow] (default I/O-1) UT005041: Cannot send advertise message. Address: /224.0.1.105:23364: java.net.BindException: Can't assign requested address
	at sun.nio.ch.DatagramChannelImpl.send0(Native Method)
	at sun.nio.ch.DatagramChannelImpl.sendFromNativeBuffer(DatagramChannelImpl.java:521)
	at sun.nio.ch.DatagramChannelImpl.send(DatagramChannelImpl.java:498)
	at sun.nio.ch.DatagramChannelImpl.send(DatagramChannelImpl.java:462)
	at org.xnio.nio.NioUdpChannel.sendTo(NioUdpChannel.java:136)
	at io.undertow.server.handlers.proxy.mod_cluster.MCMPAdvertiseTask.run(MCMPAdvertiseTask.java:190)
	at org.xnio.nio.WorkerThread$RepeatKey.run(WorkerThread.java:694)
	at org.xnio.nio.WorkerThread.safeRun(WorkerThread.java:612)
	at org.xnio.nio.WorkerThread.run(WorkerThread.java:479)

2018-11-13 11:30:40,764 ERROR [io.undertow] (default I/O-1) UT005041: Cannot send advertise message. Address: /224.0.1.105:23364: java.net.BindException: Can't assign requested address
	at sun.nio.ch.DatagramChannelImpl.send0(Native Method)
	at sun.nio.ch.DatagramChannelImpl.sendFromNativeBuffer(DatagramChannelImpl.java:521)
	at sun.nio.ch.DatagramChannelImpl.send(DatagramChannelImpl.java:498)
	at sun.nio.ch.DatagramChannelImpl.send(DatagramChannelImpl.java:462)
	at org.xnio.nio.NioUdpChannel.sendTo(NioUdpChannel.java:136)
	at io.undertow.server.handlers.proxy.mod_cluster.MCMPAdvertiseTask.run(MCMPAdvertiseTask.java:190)
	at org.xnio.nio.WorkerThread$RepeatKey.run(WorkerThread.java:694)
	at org.xnio.nio.WorkerThread.safeRun(WorkerThread.java:612)
	at org.xnio.nio.WorkerThread.run(WorkerThread.java:479)

2018-11-13 11:30:50,201 INFO  [org.jboss.as.server] (Thread-2) WFLYSRV0236: Suspending server with no timeout.
2018-11-13 11:30:50,209 INFO  [org.jboss.as.server] (Thread-2) WFLYSRV0220: Server shutdown has been requested via an OS signal
2018-11-13 11:30:50,227 INFO  [org.wildfly.extension.undertow] (MSC service thread 1-3) WFLYUT0019: Host default-host stopping
2018-11-13 11:30:50,230 INFO  [org.wildfly.extension.undertow] (MSC service thread 1-6) WFLYUT0008: Undertow HTTP listener management suspending
2018-11-13 11:30:50,233 INFO  [org.wildfly.extension.undertow] (MSC service thread 1-5) WFLYUT0008: Undertow HTTP listener default suspending
2018-11-13 11:30:50,240 INFO  [org.wildfly.extension.undertow] (MSC service thread 1-6) WFLYUT0007: Undertow HTTP listener management stopped, was bound to 127.0.0.1:8090
2018-11-13 11:30:50,241 INFO  [org.wildfly.extension.undertow] (MSC service thread 1-5) WFLYUT0007: Undertow HTTP listener default stopped, was bound to 127.0.0.1:8080
2018-11-13 11:30:50,243 INFO  [org.wildfly.extension.undertow] (MSC service thread 1-5) WFLYUT0004: Undertow 2.0.9.Final stopping
2018-11-13 11:30:50,275 INFO  [org.jboss.as] (MSC service thread 1-1) WFLYSRV0050: Keycloak 4.5.0.Final (WildFly Core 5.0.0.Final) stopped in 59ms
2018-11-13 11:30:59,852 INFO  [org.jboss.modules] (main) JBoss Modules version 1.8.5.Final
2018-11-13 11:31:00,165 INFO  [org.jboss.msc] (main) JBoss MSC version 1.4.2.Final
2018-11-13 11:31:00,174 INFO  [org.jboss.threads] (main) JBoss Threads version 2.3.2.Final
2018-11-13 11:31:00,316 INFO  [org.jboss.as] (MSC service thread 1-1) WFLYSRV0049: Keycloak 4.5.0.Final (WildFly Core 5.0.0.Final) starting
2018-11-13 11:31:00,317 DEBUG [org.jboss.as.config] (MSC service thread 1-1) Configured system properties:
	[Server:load-balancer] = 
	[pcid:234166849] = 
	awt.toolkit = sun.lwawt.macosx.LWCToolkit
	file.encoding = UTF-8
	file.encoding.pkg = sun.io
	file.separator = /
	ftp.nonProxyHosts = local|*.local|169.254/16|*.169.254/16
	gopherProxySet = false
	http.nonProxyHosts = local|*.local|169.254/16|*.169.254/16
	java.awt.graphicsenv = sun.awt.CGraphicsEnvironment
	java.awt.headless = true
	java.awt.printerjob = sun.lwawt.macosx.CPrinterJob
	java.class.path = /Users/dariosarcevic/opt/keycloak-4.5.0.Final/jboss-modules.jar
	java.class.version = 52.0
	java.endorsed.dirs = /Library/Java/JavaVirtualMachines/jdk1.8.0_121.jdk/Contents/Home/jre/lib/endorsed
	java.ext.dirs = /Users/dariosarcevic/Library/Java/Extensions:/Library/Java/JavaVirtualMachines/jdk1.8.0_121.jdk/Contents/Home/jre/lib/ext:/Library/Java/Extensions:/Network/Library/Java/Extensions:/System/Library/Java/Extensions:/usr/lib/java
	java.home = /Library/Java/JavaVirtualMachines/jdk1.8.0_121.jdk/Contents/Home/jre
	java.io.tmpdir = /var/folders/7q/6n592llx45v38533ds9r46kr0000gn/T/
	java.library.path = /Users/dariosarcevic/Library/Java/Extensions:/Library/Java/Extensions:/Network/Library/Java/Extensions:/System/Library/Java/Extensions:/usr/lib/java:.
	java.net.preferIPv4Stack = true
	java.runtime.name = Java(TM) SE Runtime Environment
	java.runtime.version = 1.8.0_121-b13
	java.specification.name = Java Platform API Specification
	java.specification.vendor = Oracle Corporation
	java.specification.version = 1.8
	java.util.logging.manager = org.jboss.logmanager.LogManager
	java.vendor = Oracle Corporation
	java.vendor.url = http://java.oracle.com/
	java.vendor.url.bug = http://bugreport.sun.com/bugreport/
	java.version = 1.8.0_121
	java.vm.info = mixed mode
	java.vm.name = Java HotSpot(TM) 64-Bit Server VM
	java.vm.specification.name = Java Virtual Machine Specification
	java.vm.specification.vendor = Oracle Corporation
	java.vm.specification.version = 1.8
	java.vm.vendor = Oracle Corporation
	java.vm.version = 25.121-b13
	javax.management.builder.initial = org.jboss.as.jmx.PluggableMBeanServerBuilder
	jboss.domain.base.dir = /Users/dariosarcevic/opt/keycloak-4.5.0.Final/domain
	jboss.domain.config.dir = /Users/dariosarcevic/opt/keycloak-4.5.0.Final/domain/configuration
	jboss.home.dir = /Users/dariosarcevic/opt/keycloak-4.5.0.Final
	jboss.host.name = darios-macbook-pro
	jboss.modules.dir = /Users/dariosarcevic/opt/keycloak-4.5.0.Final/modules
	jboss.modules.system.pkgs = org.jboss.byteman
	jboss.node.name = master:load-balancer
	jboss.qualified.host.name = darios-macbook-pro.local
	jboss.server.base.dir = /Users/dariosarcevic/opt/keycloak-4.5.0.Final/domain/servers/load-balancer
	jboss.server.config.dir = /Users/dariosarcevic/opt/keycloak-4.5.0.Final/domain/servers/load-balancer/configuration
	jboss.server.data.dir = /Users/dariosarcevic/opt/keycloak-4.5.0.Final/domain/servers/load-balancer/data
	jboss.server.deploy.dir = /Users/dariosarcevic/opt/keycloak-4.5.0.Final/domain/servers/load-balancer/data/content
	jboss.server.log.dir = /Users/dariosarcevic/opt/keycloak-4.5.0.Final/domain/servers/load-balancer/log
	jboss.server.name = load-balancer
	jboss.server.persist.config = true
	jboss.server.temp.dir = /Users/dariosarcevic/opt/keycloak-4.5.0.Final/domain/servers/load-balancer/tmp
	line.separator = 

	logging.configuration = file:/Users/dariosarcevic/opt/keycloak-4.5.0.Final/domain/servers/load-balancer/data/logging.properties
	module.path = /Users/dariosarcevic/opt/keycloak-4.5.0.Final/modules
	org.jboss.resolver.warning = true
	os.arch = x86_64
	os.name = Mac OS X
	os.version = 10.14
	path.separator = :
	socksNonProxyHosts = local|*.local|169.254/16|*.169.254/16
	sun.arch.data.model = 64
	sun.boot.class.path = /Library/Java/JavaVirtualMachines/jdk1.8.0_121.jdk/Contents/Home/jre/lib/resources.jar:/Library/Java/JavaVirtualMachines/jdk1.8.0_121.jdk/Contents/Home/jre/lib/rt.jar:/Library/Java/JavaVirtualMachines/jdk1.8.0_121.jdk/Contents/Home/jre/lib/sunrsasign.jar:/Library/Java/JavaVirtualMachines/jdk1.8.0_121.jdk/Contents/Home/jre/lib/jsse.jar:/Library/Java/JavaVirtualMachines/jdk1.8.0_121.jdk/Contents/Home/jre/lib/jce.jar:/Library/Java/JavaVirtualMachines/jdk1.8.0_121.jdk/Contents/Home/jre/lib/charsets.jar:/Library/Java/JavaVirtualMachines/jdk1.8.0_121.jdk/Contents/Home/jre/lib/jfr.jar:/Library/Java/JavaVirtualMachines/jdk1.8.0_121.jdk/Contents/Home/jre/classes
	sun.boot.library.path = /Library/Java/JavaVirtualMachines/jdk1.8.0_121.jdk/Contents/Home/jre/lib
	sun.cpu.endian = little
	sun.cpu.isalist = 
	sun.io.unicode.encoding = UnicodeBig
	sun.java.command = /Users/dariosarcevic/opt/keycloak-4.5.0.Final/jboss-modules.jar -mp /Users/dariosarcevic/opt/keycloak-4.5.0.Final/modules org.jboss.as.server
	sun.java.launcher = SUN_STANDARD
	sun.jnu.encoding = UTF-8
	sun.management.compiler = HotSpot 64-Bit Tiered Compilers
	sun.os.patch.level = unknown
	user.country = US
	user.country.format = HR
	user.dir = /Users/dariosarcevic/opt/keycloak-4.5.0.Final
	user.home = /Users/dariosarcevic
	user.language = en
	user.name = dariosarcevic
	user.timezone = Europe/Zagreb
2018-11-13 11:31:00,318 DEBUG [org.jboss.as.config] (MSC service thread 1-1) VM Arguments: -D[Server:load-balancer] -D[pcid:234166849] -Xms64m -Xmx512m -XX:MetaspaceSize=96m -XX:MaxMetaspaceSize=256m -Djava.awt.headless=true -Djava.net.preferIPv4Stack=true -Djboss.home.dir=/Users/dariosarcevic/opt/keycloak-4.5.0.Final -Djboss.modules.system.pkgs=org.jboss.byteman -Djboss.server.log.dir=/Users/dariosarcevic/opt/keycloak-4.5.0.Final/domain/servers/load-balancer/log -Djboss.server.temp.dir=/Users/dariosarcevic/opt/keycloak-4.5.0.Final/domain/servers/load-balancer/tmp -Djboss.server.data.dir=/Users/dariosarcevic/opt/keycloak-4.5.0.Final/domain/servers/load-balancer/data -Dlogging.configuration=file:/Users/dariosarcevic/opt/keycloak-4.5.0.Final/domain/servers/load-balancer/data/logging.properties 
2018-11-13 11:31:00,400 INFO  [org.xnio] (MSC service thread 1-5) XNIO version 3.6.3.Final
2018-11-13 11:31:00,406 INFO  [org.xnio.nio] (MSC service thread 1-5) XNIO NIO Implementation Version 3.6.3.Final
2018-11-13 11:31:00,440 INFO  [org.jboss.remoting] (MSC service thread 1-6) JBoss Remoting version 5.0.7.Final
2018-11-13 11:31:00,734 INFO  [org.wildfly.security] (ServerService Thread Pool -- 2) ELY00001: WildFly Elytron version 1.3.3.Final
2018-11-13 11:31:01,572 INFO  [org.wildfly.extension.io] (ServerService Thread Pool -- 7) WFLYIO001: Worker 'default' has auto-configured to 16 core threads with 128 task threads based on your 8 available processors
2018-11-13 11:31:01,585 INFO  [org.wildfly.extension.undertow] (MSC service thread 1-1) WFLYUT0003: Undertow 2.0.9.Final starting
2018-11-13 11:31:01,620 INFO  [io.undertow] (MSC service thread 1-6) UT005039: Undertow starts mod_cluster proxy advertisements on /224.0.1.105:23364 with frequency 10000 ms
2018-11-13 11:31:01,622 ERROR [io.undertow] (default I/O-14) UT005041: Cannot send advertise message. Address: /224.0.1.105:23364: java.net.BindException: Can't assign requested address
	at sun.nio.ch.DatagramChannelImpl.send0(Native Method)
	at sun.nio.ch.DatagramChannelImpl.sendFromNativeBuffer(DatagramChannelImpl.java:521)
	at sun.nio.ch.DatagramChannelImpl.send(DatagramChannelImpl.java:498)
	at sun.nio.ch.DatagramChannelImpl.send(DatagramChannelImpl.java:462)
	at org.xnio.nio.NioUdpChannel.sendTo(NioUdpChannel.java:136)
	at io.undertow.server.handlers.proxy.mod_cluster.MCMPAdvertiseTask.run(MCMPAdvertiseTask.java:190)
	at org.xnio.nio.WorkerThread.safeRun(WorkerThread.java:612)
	at org.xnio.nio.WorkerThread.run(WorkerThread.java:479)

2018-11-13 11:31:01,663 INFO  [org.wildfly.extension.undertow] (MSC service thread 1-5) WFLYUT0012: Started server default-server.
2018-11-13 11:31:01,665 INFO  [org.wildfly.extension.undertow] (MSC service thread 1-6) WFLYUT0018: Host default-host starting
2018-11-13 11:31:01,705 INFO  [org.wildfly.extension.undertow] (MSC service thread 1-5) WFLYUT0006: Undertow HTTP listener default listening on 127.0.0.1:8080
2018-11-13 11:31:01,705 INFO  [org.wildfly.extension.undertow] (MSC service thread 1-4) WFLYUT0006: Undertow HTTP listener management listening on 127.0.0.1:8090
2018-11-13 11:31:01,724 INFO  [org.jboss.as.patching] (MSC service thread 1-7) WFLYPAT0050: Keycloak cumulative patch ID is: base, one-off patches include: none
2018-11-13 11:31:01,744 WARN  [org.jboss.as.domain.management.security] (MSC service thread 1-8) WFLYDM0111: Keystore /Users/dariosarcevic/opt/keycloak-4.5.0.Final/domain/configuration/application.keystore not found, it will be auto generated on first use with a self signed certificate for host localhost
2018-11-13 11:31:01,796 INFO  [org.jboss.as.server] (Controller Boot Thread) WFLYSRV0212: Resuming server
2018-11-13 11:31:01,799 INFO  [org.jboss.as] (Controller Boot Thread) WFLYSRV0025: Keycloak 4.5.0.Final (WildFly Core 5.0.0.Final) started in 2355ms - Started 72 of 87 services (38 services are lazy, passive or on-demand)
2018-11-13 11:31:11,624 ERROR [io.undertow] (default I/O-5) UT005041: Cannot send advertise message. Address: /224.0.1.105:23364: java.net.BindException: Can't assign requested address
	at sun.nio.ch.DatagramChannelImpl.send0(Native Method)
	at sun.nio.ch.DatagramChannelImpl.sendFromNativeBuffer(DatagramChannelImpl.java:521)
	at sun.nio.ch.DatagramChannelImpl.send(DatagramChannelImpl.java:498)
	at sun.nio.ch.DatagramChannelImpl.send(DatagramChannelImpl.java:462)
	at org.xnio.nio.NioUdpChannel.sendTo(NioUdpChannel.java:136)
	at io.undertow.server.handlers.proxy.mod_cluster.MCMPAdvertiseTask.run(MCMPAdvertiseTask.java:190)
	at org.xnio.nio.WorkerThread$RepeatKey.run(WorkerThread.java:694)
	at org.xnio.nio.WorkerThread.safeRun(WorkerThread.java:612)
	at org.xnio.nio.WorkerThread.run(WorkerThread.java:479)

2018-11-13 11:31:21,626 ERROR [io.undertow] (default I/O-5) UT005041: Cannot send advertise message. Address: /224.0.1.105:23364: java.net.BindException: Can't assign requested address
	at sun.nio.ch.DatagramChannelImpl.send0(Native Method)
	at sun.nio.ch.DatagramChannelImpl.sendFromNativeBuffer(DatagramChannelImpl.java:521)
	at sun.nio.ch.DatagramChannelImpl.send(DatagramChannelImpl.java:498)
	at sun.nio.ch.DatagramChannelImpl.send(DatagramChannelImpl.java:462)
	at org.xnio.nio.NioUdpChannel.sendTo(NioUdpChannel.java:136)
	at io.undertow.server.handlers.proxy.mod_cluster.MCMPAdvertiseTask.run(MCMPAdvertiseTask.java:190)
	at org.xnio.nio.WorkerThread$RepeatKey.run(WorkerThread.java:694)
	at org.xnio.nio.WorkerThread.safeRun(WorkerThread.java:612)
	at org.xnio.nio.WorkerThread.run(WorkerThread.java:479)

2018-11-13 11:31:25,096 INFO  [org.jboss.as.server] (Thread-2) WFLYSRV0236: Suspending server with no timeout.
2018-11-13 11:31:25,101 INFO  [org.jboss.as.server] (Thread-2) WFLYSRV0220: Server shutdown has been requested via an OS signal
2018-11-13 11:31:25,109 INFO  [org.wildfly.extension.undertow] (MSC service thread 1-1) WFLYUT0019: Host default-host stopping
2018-11-13 11:31:25,109 INFO  [org.wildfly.extension.undertow] (MSC service thread 1-8) WFLYUT0008: Undertow HTTP listener management suspending
2018-11-13 11:31:25,111 INFO  [org.wildfly.extension.undertow] (MSC service thread 1-3) WFLYUT0008: Undertow HTTP listener default suspending
2018-11-13 11:31:25,112 INFO  [org.wildfly.extension.undertow] (MSC service thread 1-8) WFLYUT0007: Undertow HTTP listener management stopped, was bound to 127.0.0.1:8090
2018-11-13 11:31:25,113 INFO  [org.wildfly.extension.undertow] (MSC service thread 1-3) WFLYUT0007: Undertow HTTP listener default stopped, was bound to 127.0.0.1:8080
2018-11-13 11:31:25,116 INFO  [org.wildfly.extension.undertow] (MSC service thread 1-6) WFLYUT0004: Undertow 2.0.9.Final stopping
2018-11-13 11:31:25,147 INFO  [org.jboss.as] (MSC service thread 1-2) WFLYSRV0050: Keycloak 4.5.0.Final (WildFly Core 5.0.0.Final) stopped in 41ms
2018-11-13 11:31:42,349 INFO  [org.jboss.modules] (main) JBoss Modules version 1.8.5.Final
2018-11-13 11:31:42,664 INFO  [org.jboss.msc] (main) JBoss MSC version 1.4.2.Final
2018-11-13 11:31:42,673 INFO  [org.jboss.threads] (main) JBoss Threads version 2.3.2.Final
2018-11-13 11:31:42,811 INFO  [org.jboss.as] (MSC service thread 1-2) WFLYSRV0049: Keycloak 4.5.0.Final (WildFly Core 5.0.0.Final) starting
2018-11-13 11:31:42,812 DEBUG [org.jboss.as.config] (MSC service thread 1-2) Configured system properties:
	[Server:load-balancer] = 
	[pcid:2049679569] = 
	awt.toolkit = sun.lwawt.macosx.LWCToolkit
	file.encoding = UTF-8
	file.encoding.pkg = sun.io
	file.separator = /
	ftp.nonProxyHosts = local|*.local|169.254/16|*.169.254/16
	gopherProxySet = false
	http.nonProxyHosts = local|*.local|169.254/16|*.169.254/16
	java.awt.graphicsenv = sun.awt.CGraphicsEnvironment
	java.awt.headless = true
	java.awt.printerjob = sun.lwawt.macosx.CPrinterJob
	java.class.path = /Users/dariosarcevic/opt/keycloak-4.5.0.Final/jboss-modules.jar
	java.class.version = 52.0
	java.endorsed.dirs = /Library/Java/JavaVirtualMachines/jdk1.8.0_121.jdk/Contents/Home/jre/lib/endorsed
	java.ext.dirs = /Users/dariosarcevic/Library/Java/Extensions:/Library/Java/JavaVirtualMachines/jdk1.8.0_121.jdk/Contents/Home/jre/lib/ext:/Library/Java/Extensions:/Network/Library/Java/Extensions:/System/Library/Java/Extensions:/usr/lib/java
	java.home = /Library/Java/JavaVirtualMachines/jdk1.8.0_121.jdk/Contents/Home/jre
	java.io.tmpdir = /var/folders/7q/6n592llx45v38533ds9r46kr0000gn/T/
	java.library.path = /Users/dariosarcevic/Library/Java/Extensions:/Library/Java/Extensions:/Network/Library/Java/Extensions:/System/Library/Java/Extensions:/usr/lib/java:.
	java.net.preferIPv4Stack = true
	java.runtime.name = Java(TM) SE Runtime Environment
	java.runtime.version = 1.8.0_121-b13
	java.specification.name = Java Platform API Specification
	java.specification.vendor = Oracle Corporation
	java.specification.version = 1.8
	java.util.logging.manager = org.jboss.logmanager.LogManager
	java.vendor = Oracle Corporation
	java.vendor.url = http://java.oracle.com/
	java.vendor.url.bug = http://bugreport.sun.com/bugreport/
	java.version = 1.8.0_121
	java.vm.info = mixed mode
	java.vm.name = Java HotSpot(TM) 64-Bit Server VM
	java.vm.specification.name = Java Virtual Machine Specification
	java.vm.specification.vendor = Oracle Corporation
	java.vm.specification.version = 1.8
	java.vm.vendor = Oracle Corporation
	java.vm.version = 25.121-b13
	javax.management.builder.initial = org.jboss.as.jmx.PluggableMBeanServerBuilder
	jboss.domain.base.dir = /Users/dariosarcevic/opt/keycloak-4.5.0.Final/domain
	jboss.domain.config.dir = /Users/dariosarcevic/opt/keycloak-4.5.0.Final/domain/configuration
	jboss.home.dir = /Users/dariosarcevic/opt/keycloak-4.5.0.Final
	jboss.host.name = darios-macbook-pro
	jboss.modules.dir = /Users/dariosarcevic/opt/keycloak-4.5.0.Final/modules
	jboss.modules.system.pkgs = org.jboss.byteman
	jboss.node.name = master:load-balancer
	jboss.qualified.host.name = darios-macbook-pro.local
	jboss.server.base.dir = /Users/dariosarcevic/opt/keycloak-4.5.0.Final/domain/servers/load-balancer
	jboss.server.config.dir = /Users/dariosarcevic/opt/keycloak-4.5.0.Final/domain/servers/load-balancer/configuration
	jboss.server.data.dir = /Users/dariosarcevic/opt/keycloak-4.5.0.Final/domain/servers/load-balancer/data
	jboss.server.deploy.dir = /Users/dariosarcevic/opt/keycloak-4.5.0.Final/domain/servers/load-balancer/data/content
	jboss.server.log.dir = /Users/dariosarcevic/opt/keycloak-4.5.0.Final/domain/servers/load-balancer/log
	jboss.server.name = load-balancer
	jboss.server.persist.config = true
	jboss.server.temp.dir = /Users/dariosarcevic/opt/keycloak-4.5.0.Final/domain/servers/load-balancer/tmp
	line.separator = 

	logging.configuration = file:/Users/dariosarcevic/opt/keycloak-4.5.0.Final/domain/servers/load-balancer/data/logging.properties
	module.path = /Users/dariosarcevic/opt/keycloak-4.5.0.Final/modules
	org.jboss.resolver.warning = true
	os.arch = x86_64
	os.name = Mac OS X
	os.version = 10.14
	path.separator = :
	socksNonProxyHosts = local|*.local|169.254/16|*.169.254/16
	sun.arch.data.model = 64
	sun.boot.class.path = /Library/Java/JavaVirtualMachines/jdk1.8.0_121.jdk/Contents/Home/jre/lib/resources.jar:/Library/Java/JavaVirtualMachines/jdk1.8.0_121.jdk/Contents/Home/jre/lib/rt.jar:/Library/Java/JavaVirtualMachines/jdk1.8.0_121.jdk/Contents/Home/jre/lib/sunrsasign.jar:/Library/Java/JavaVirtualMachines/jdk1.8.0_121.jdk/Contents/Home/jre/lib/jsse.jar:/Library/Java/JavaVirtualMachines/jdk1.8.0_121.jdk/Contents/Home/jre/lib/jce.jar:/Library/Java/JavaVirtualMachines/jdk1.8.0_121.jdk/Contents/Home/jre/lib/charsets.jar:/Library/Java/JavaVirtualMachines/jdk1.8.0_121.jdk/Contents/Home/jre/lib/jfr.jar:/Library/Java/JavaVirtualMachines/jdk1.8.0_121.jdk/Contents/Home/jre/classes
	sun.boot.library.path = /Library/Java/JavaVirtualMachines/jdk1.8.0_121.jdk/Contents/Home/jre/lib
	sun.cpu.endian = little
	sun.cpu.isalist = 
	sun.io.unicode.encoding = UnicodeBig
	sun.java.command = /Users/dariosarcevic/opt/keycloak-4.5.0.Final/jboss-modules.jar -mp /Users/dariosarcevic/opt/keycloak-4.5.0.Final/modules org.jboss.as.server
	sun.java.launcher = SUN_STANDARD
	sun.jnu.encoding = UTF-8
	sun.management.compiler = HotSpot 64-Bit Tiered Compilers
	sun.os.patch.level = unknown
	user.country = US
	user.country.format = HR
	user.dir = /Users/dariosarcevic/opt/keycloak-4.5.0.Final
	user.home = /Users/dariosarcevic
	user.language = en
	user.name = dariosarcevic
	user.timezone = Europe/Zagreb
2018-11-13 11:31:42,813 DEBUG [org.jboss.as.config] (MSC service thread 1-2) VM Arguments: -D[Server:load-balancer] -D[pcid:2049679569] -Xms64m -Xmx512m -XX:MetaspaceSize=96m -XX:MaxMetaspaceSize=256m -Djava.awt.headless=true -Djava.net.preferIPv4Stack=true -Djboss.home.dir=/Users/dariosarcevic/opt/keycloak-4.5.0.Final -Djboss.modules.system.pkgs=org.jboss.byteman -Djboss.server.log.dir=/Users/dariosarcevic/opt/keycloak-4.5.0.Final/domain/servers/load-balancer/log -Djboss.server.temp.dir=/Users/dariosarcevic/opt/keycloak-4.5.0.Final/domain/servers/load-balancer/tmp -Djboss.server.data.dir=/Users/dariosarcevic/opt/keycloak-4.5.0.Final/domain/servers/load-balancer/data -Dlogging.configuration=file:/Users/dariosarcevic/opt/keycloak-4.5.0.Final/domain/servers/load-balancer/data/logging.properties 
2018-11-13 11:31:42,890 INFO  [org.xnio] (MSC service thread 1-7) XNIO version 3.6.3.Final
2018-11-13 11:31:42,896 INFO  [org.xnio.nio] (MSC service thread 1-7) XNIO NIO Implementation Version 3.6.3.Final
2018-11-13 11:31:42,929 INFO  [org.jboss.remoting] (MSC service thread 1-8) JBoss Remoting version 5.0.7.Final
2018-11-13 11:31:43,220 INFO  [org.wildfly.security] (ServerService Thread Pool -- 2) ELY00001: WildFly Elytron version 1.3.3.Final
2018-11-13 11:31:44,040 INFO  [org.wildfly.extension.io] (ServerService Thread Pool -- 24) WFLYIO001: Worker 'default' has auto-configured to 16 core threads with 128 task threads based on your 8 available processors
2018-11-13 11:31:44,053 INFO  [org.wildfly.extension.undertow] (MSC service thread 1-6) WFLYUT0003: Undertow 2.0.9.Final starting
2018-11-13 11:31:44,088 INFO  [io.undertow] (MSC service thread 1-3) UT005039: Undertow starts mod_cluster proxy advertisements on /224.0.1.105:23364 with frequency 10000 ms
2018-11-13 11:31:44,091 ERROR [io.undertow] (default I/O-15) UT005041: Cannot send advertise message. Address: /224.0.1.105:23364: java.net.BindException: Can't assign requested address
	at sun.nio.ch.DatagramChannelImpl.send0(Native Method)
	at sun.nio.ch.DatagramChannelImpl.sendFromNativeBuffer(DatagramChannelImpl.java:521)
	at sun.nio.ch.DatagramChannelImpl.send(DatagramChannelImpl.java:498)
	at sun.nio.ch.DatagramChannelImpl.send(DatagramChannelImpl.java:462)
	at org.xnio.nio.NioUdpChannel.sendTo(NioUdpChannel.java:136)
	at io.undertow.server.handlers.proxy.mod_cluster.MCMPAdvertiseTask.run(MCMPAdvertiseTask.java:190)
	at org.xnio.nio.WorkerThread.safeRun(WorkerThread.java:612)
	at org.xnio.nio.WorkerThread.run(WorkerThread.java:479)

2018-11-13 11:31:44,139 INFO  [org.wildfly.extension.undertow] (MSC service thread 1-3) WFLYUT0012: Started server default-server.
2018-11-13 11:31:44,142 INFO  [org.wildfly.extension.undertow] (MSC service thread 1-8) WFLYUT0018: Host default-host starting
2018-11-13 11:31:44,181 INFO  [org.wildfly.extension.undertow] (MSC service thread 1-4) WFLYUT0006: Undertow HTTP listener default listening on 127.0.0.1:8080
2018-11-13 11:31:44,181 INFO  [org.wildfly.extension.undertow] (MSC service thread 1-5) WFLYUT0006: Undertow HTTP listener management listening on 127.0.0.1:8090
2018-11-13 11:31:44,197 INFO  [org.jboss.as.patching] (MSC service thread 1-5) WFLYPAT0050: Keycloak cumulative patch ID is: base, one-off patches include: none
2018-11-13 11:31:44,211 WARN  [org.jboss.as.domain.management.security] (MSC service thread 1-3) WFLYDM0111: Keystore /Users/dariosarcevic/opt/keycloak-4.5.0.Final/domain/configuration/application.keystore not found, it will be auto generated on first use with a self signed certificate for host localhost
2018-11-13 11:31:44,269 INFO  [org.jboss.as.server] (Controller Boot Thread) WFLYSRV0212: Resuming server
2018-11-13 11:31:44,272 INFO  [org.jboss.as] (Controller Boot Thread) WFLYSRV0025: Keycloak 4.5.0.Final (WildFly Core 5.0.0.Final) started in 2326ms - Started 72 of 87 services (38 services are lazy, passive or on-demand)
2018-11-13 11:31:54,093 ERROR [io.undertow] (default I/O-13) UT005041: Cannot send advertise message. Address: /224.0.1.105:23364: java.net.BindException: Can't assign requested address
	at sun.nio.ch.DatagramChannelImpl.send0(Native Method)
	at sun.nio.ch.DatagramChannelImpl.sendFromNativeBuffer(DatagramChannelImpl.java:521)
	at sun.nio.ch.DatagramChannelImpl.send(DatagramChannelImpl.java:498)
	at sun.nio.ch.DatagramChannelImpl.send(DatagramChannelImpl.java:462)
	at org.xnio.nio.NioUdpChannel.sendTo(NioUdpChannel.java:136)
	at io.undertow.server.handlers.proxy.mod_cluster.MCMPAdvertiseTask.run(MCMPAdvertiseTask.java:190)
	at org.xnio.nio.WorkerThread$RepeatKey.run(WorkerThread.java:694)
	at org.xnio.nio.WorkerThread.safeRun(WorkerThread.java:612)
	at org.xnio.nio.WorkerThread.run(WorkerThread.java:479)

2018-11-13 11:32:04,095 ERROR [io.undertow] (default I/O-13) UT005041: Cannot send advertise message. Address: /224.0.1.105:23364: java.net.BindException: Can't assign requested address
	at sun.nio.ch.DatagramChannelImpl.send0(Native Method)
	at sun.nio.ch.DatagramChannelImpl.sendFromNativeBuffer(DatagramChannelImpl.java:521)
	at sun.nio.ch.DatagramChannelImpl.send(DatagramChannelImpl.java:498)
	at sun.nio.ch.DatagramChannelImpl.send(DatagramChannelImpl.java:462)
	at org.xnio.nio.NioUdpChannel.sendTo(NioUdpChannel.java:136)
	at io.undertow.server.handlers.proxy.mod_cluster.MCMPAdvertiseTask.run(MCMPAdvertiseTask.java:190)
	at org.xnio.nio.WorkerThread$RepeatKey.run(WorkerThread.java:694)
	at org.xnio.nio.WorkerThread.safeRun(WorkerThread.java:612)
	at org.xnio.nio.WorkerThread.run(WorkerThread.java:479)

2018-11-13 11:32:14,099 ERROR [io.undertow] (default I/O-13) UT005041: Cannot send advertise message. Address: /224.0.1.105:23364: java.net.BindException: Can't assign requested address
	at sun.nio.ch.DatagramChannelImpl.send0(Native Method)
	at sun.nio.ch.DatagramChannelImpl.sendFromNativeBuffer(DatagramChannelImpl.java:521)
	at sun.nio.ch.DatagramChannelImpl.send(DatagramChannelImpl.java:498)
	at sun.nio.ch.DatagramChannelImpl.send(DatagramChannelImpl.java:462)
	at org.xnio.nio.NioUdpChannel.sendTo(NioUdpChannel.java:136)
	at io.undertow.server.handlers.proxy.mod_cluster.MCMPAdvertiseTask.run(MCMPAdvertiseTask.java:190)
	at org.xnio.nio.WorkerThread$RepeatKey.run(WorkerThread.java:694)
	at org.xnio.nio.WorkerThread.safeRun(WorkerThread.java:612)
	at org.xnio.nio.WorkerThread.run(WorkerThread.java:479)

2018-11-13 11:32:24,106 ERROR [io.undertow] (default I/O-13) UT005041: Cannot send advertise message. Address: /224.0.1.105:23364: java.net.BindException: Can't assign requested address
	at sun.nio.ch.DatagramChannelImpl.send0(Native Method)
	at sun.nio.ch.DatagramChannelImpl.sendFromNativeBuffer(DatagramChannelImpl.java:521)
	at sun.nio.ch.DatagramChannelImpl.send(DatagramChannelImpl.java:498)
	at sun.nio.ch.DatagramChannelImpl.send(DatagramChannelImpl.java:462)
	at org.xnio.nio.NioUdpChannel.sendTo(NioUdpChannel.java:136)
	at io.undertow.server.handlers.proxy.mod_cluster.MCMPAdvertiseTask.run(MCMPAdvertiseTask.java:190)
	at org.xnio.nio.WorkerThread$RepeatKey.run(WorkerThread.java:694)
	at org.xnio.nio.WorkerThread.safeRun(WorkerThread.java:612)
	at org.xnio.nio.WorkerThread.run(WorkerThread.java:479)

2018-11-13 11:32:34,111 ERROR [io.undertow] (default I/O-13) UT005041: Cannot send advertise message. Address: /224.0.1.105:23364: java.net.BindException: Can't assign requested address
	at sun.nio.ch.DatagramChannelImpl.send0(Native Method)
	at sun.nio.ch.DatagramChannelImpl.sendFromNativeBuffer(DatagramChannelImpl.java:521)
	at sun.nio.ch.DatagramChannelImpl.send(DatagramChannelImpl.java:498)
	at sun.nio.ch.DatagramChannelImpl.send(DatagramChannelImpl.java:462)
	at org.xnio.nio.NioUdpChannel.sendTo(NioUdpChannel.java:136)
	at io.undertow.server.handlers.proxy.mod_cluster.MCMPAdvertiseTask.run(MCMPAdvertiseTask.java:190)
	at org.xnio.nio.WorkerThread$RepeatKey.run(WorkerThread.java:694)
	at org.xnio.nio.WorkerThread.safeRun(WorkerThread.java:612)
	at org.xnio.nio.WorkerThread.run(WorkerThread.java:479)

2018-11-13 11:32:44,113 ERROR [io.undertow] (default I/O-13) UT005041: Cannot send advertise message. Address: /224.0.1.105:23364: java.net.BindException: Can't assign requested address
	at sun.nio.ch.DatagramChannelImpl.send0(Native Method)
	at sun.nio.ch.DatagramChannelImpl.sendFromNativeBuffer(DatagramChannelImpl.java:521)
	at sun.nio.ch.DatagramChannelImpl.send(DatagramChannelImpl.java:498)
	at sun.nio.ch.DatagramChannelImpl.send(DatagramChannelImpl.java:462)
	at org.xnio.nio.NioUdpChannel.sendTo(NioUdpChannel.java:136)
	at io.undertow.server.handlers.proxy.mod_cluster.MCMPAdvertiseTask.run(MCMPAdvertiseTask.java:190)
	at org.xnio.nio.WorkerThread$RepeatKey.run(WorkerThread.java:694)
	at org.xnio.nio.WorkerThread.safeRun(WorkerThread.java:612)
	at org.xnio.nio.WorkerThread.run(WorkerThread.java:479)

2018-11-13 11:32:54,116 ERROR [io.undertow] (default I/O-13) UT005041: Cannot send advertise message. Address: /224.0.1.105:23364: java.net.BindException: Can't assign requested address
	at sun.nio.ch.DatagramChannelImpl.send0(Native Method)
	at sun.nio.ch.DatagramChannelImpl.sendFromNativeBuffer(DatagramChannelImpl.java:521)
	at sun.nio.ch.DatagramChannelImpl.send(DatagramChannelImpl.java:498)
	at sun.nio.ch.DatagramChannelImpl.send(DatagramChannelImpl.java:462)
	at org.xnio.nio.NioUdpChannel.sendTo(NioUdpChannel.java:136)
	at io.undertow.server.handlers.proxy.mod_cluster.MCMPAdvertiseTask.run(MCMPAdvertiseTask.java:190)
	at org.xnio.nio.WorkerThread$RepeatKey.run(WorkerThread.java:694)
	at org.xnio.nio.WorkerThread.safeRun(WorkerThread.java:612)
	at org.xnio.nio.WorkerThread.run(WorkerThread.java:479)

2018-11-13 11:33:04,118 ERROR [io.undertow] (default I/O-13) UT005041: Cannot send advertise message. Address: /224.0.1.105:23364: java.net.BindException: Can't assign requested address
	at sun.nio.ch.DatagramChannelImpl.send0(Native Method)
	at sun.nio.ch.DatagramChannelImpl.sendFromNativeBuffer(DatagramChannelImpl.java:521)
	at sun.nio.ch.DatagramChannelImpl.send(DatagramChannelImpl.java:498)
	at sun.nio.ch.DatagramChannelImpl.send(DatagramChannelImpl.java:462)
	at org.xnio.nio.NioUdpChannel.sendTo(NioUdpChannel.java:136)
	at io.undertow.server.handlers.proxy.mod_cluster.MCMPAdvertiseTask.run(MCMPAdvertiseTask.java:190)
	at org.xnio.nio.WorkerThread$RepeatKey.run(WorkerThread.java:694)
	at org.xnio.nio.WorkerThread.safeRun(WorkerThread.java:612)
	at org.xnio.nio.WorkerThread.run(WorkerThread.java:479)

2018-11-13 11:33:14,121 ERROR [io.undertow] (default I/O-13) UT005041: Cannot send advertise message. Address: /224.0.1.105:23364: java.net.BindException: Can't assign requested address
	at sun.nio.ch.DatagramChannelImpl.send0(Native Method)
	at sun.nio.ch.DatagramChannelImpl.sendFromNativeBuffer(DatagramChannelImpl.java:521)
	at sun.nio.ch.DatagramChannelImpl.send(DatagramChannelImpl.java:498)
	at sun.nio.ch.DatagramChannelImpl.send(DatagramChannelImpl.java:462)
	at org.xnio.nio.NioUdpChannel.sendTo(NioUdpChannel.java:136)
	at io.undertow.server.handlers.proxy.mod_cluster.MCMPAdvertiseTask.run(MCMPAdvertiseTask.java:190)
	at org.xnio.nio.WorkerThread$RepeatKey.run(WorkerThread.java:694)
	at org.xnio.nio.WorkerThread.safeRun(WorkerThread.java:612)
	at org.xnio.nio.WorkerThread.run(WorkerThread.java:479)

2018-11-13 11:33:24,124 ERROR [io.undertow] (default I/O-13) UT005041: Cannot send advertise message. Address: /224.0.1.105:23364: java.net.BindException: Can't assign requested address
	at sun.nio.ch.DatagramChannelImpl.send0(Native Method)
	at sun.nio.ch.DatagramChannelImpl.sendFromNativeBuffer(DatagramChannelImpl.java:521)
	at sun.nio.ch.DatagramChannelImpl.send(DatagramChannelImpl.java:498)
	at sun.nio.ch.DatagramChannelImpl.send(DatagramChannelImpl.java:462)
	at org.xnio.nio.NioUdpChannel.sendTo(NioUdpChannel.java:136)
	at io.undertow.server.handlers.proxy.mod_cluster.MCMPAdvertiseTask.run(MCMPAdvertiseTask.java:190)
	at org.xnio.nio.WorkerThread$RepeatKey.run(WorkerThread.java:694)
	at org.xnio.nio.WorkerThread.safeRun(WorkerThread.java:612)
	at org.xnio.nio.WorkerThread.run(WorkerThread.java:479)

2018-11-13 11:33:34,128 ERROR [io.undertow] (default I/O-13) UT005041: Cannot send advertise message. Address: /224.0.1.105:23364: java.net.BindException: Can't assign requested address
	at sun.nio.ch.DatagramChannelImpl.send0(Native Method)
	at sun.nio.ch.DatagramChannelImpl.sendFromNativeBuffer(DatagramChannelImpl.java:521)
	at sun.nio.ch.DatagramChannelImpl.send(DatagramChannelImpl.java:498)
	at sun.nio.ch.DatagramChannelImpl.send(DatagramChannelImpl.java:462)
	at org.xnio.nio.NioUdpChannel.sendTo(NioUdpChannel.java:136)
	at io.undertow.server.handlers.proxy.mod_cluster.MCMPAdvertiseTask.run(MCMPAdvertiseTask.java:190)
	at org.xnio.nio.WorkerThread$RepeatKey.run(WorkerThread.java:694)
	at org.xnio.nio.WorkerThread.safeRun(WorkerThread.java:612)
	at org.xnio.nio.WorkerThread.run(WorkerThread.java:479)

2018-11-13 11:33:44,129 ERROR [io.undertow] (default I/O-13) UT005041: Cannot send advertise message. Address: /224.0.1.105:23364: java.net.BindException: Can't assign requested address
	at sun.nio.ch.DatagramChannelImpl.send0(Native Method)
	at sun.nio.ch.DatagramChannelImpl.sendFromNativeBuffer(DatagramChannelImpl.java:521)
	at sun.nio.ch.DatagramChannelImpl.send(DatagramChannelImpl.java:498)
	at sun.nio.ch.DatagramChannelImpl.send(DatagramChannelImpl.java:462)
	at org.xnio.nio.NioUdpChannel.sendTo(NioUdpChannel.java:136)
	at io.undertow.server.handlers.proxy.mod_cluster.MCMPAdvertiseTask.run(MCMPAdvertiseTask.java:190)
	at org.xnio.nio.WorkerThread$RepeatKey.run(WorkerThread.java:694)
	at org.xnio.nio.WorkerThread.safeRun(WorkerThread.java:612)
	at org.xnio.nio.WorkerThread.run(WorkerThread.java:479)

2018-11-13 11:33:54,130 ERROR [io.undertow] (default I/O-13) UT005041: Cannot send advertise message. Address: /224.0.1.105:23364: java.net.BindException: Can't assign requested address
	at sun.nio.ch.DatagramChannelImpl.send0(Native Method)
	at sun.nio.ch.DatagramChannelImpl.sendFromNativeBuffer(DatagramChannelImpl.java:521)
	at sun.nio.ch.DatagramChannelImpl.send(DatagramChannelImpl.java:498)
	at sun.nio.ch.DatagramChannelImpl.send(DatagramChannelImpl.java:462)
	at org.xnio.nio.NioUdpChannel.sendTo(NioUdpChannel.java:136)
	at io.undertow.server.handlers.proxy.mod_cluster.MCMPAdvertiseTask.run(MCMPAdvertiseTask.java:190)
	at org.xnio.nio.WorkerThread$RepeatKey.run(WorkerThread.java:694)
	at org.xnio.nio.WorkerThread.safeRun(WorkerThread.java:612)
	at org.xnio.nio.WorkerThread.run(WorkerThread.java:479)

2018-11-13 11:34:04,136 ERROR [io.undertow] (default I/O-13) UT005041: Cannot send advertise message. Address: /224.0.1.105:23364: java.net.BindException: Can't assign requested address
	at sun.nio.ch.DatagramChannelImpl.send0(Native Method)
	at sun.nio.ch.DatagramChannelImpl.sendFromNativeBuffer(DatagramChannelImpl.java:521)
	at sun.nio.ch.DatagramChannelImpl.send(DatagramChannelImpl.java:498)
	at sun.nio.ch.DatagramChannelImpl.send(DatagramChannelImpl.java:462)
	at org.xnio.nio.NioUdpChannel.sendTo(NioUdpChannel.java:136)
	at io.undertow.server.handlers.proxy.mod_cluster.MCMPAdvertiseTask.run(MCMPAdvertiseTask.java:190)
	at org.xnio.nio.WorkerThread$RepeatKey.run(WorkerThread.java:694)
	at org.xnio.nio.WorkerThread.safeRun(WorkerThread.java:612)
	at org.xnio.nio.WorkerThread.run(WorkerThread.java:479)

2018-11-13 11:34:14,142 ERROR [io.undertow] (default I/O-13) UT005041: Cannot send advertise message. Address: /224.0.1.105:23364: java.net.BindException: Can't assign requested address
	at sun.nio.ch.DatagramChannelImpl.send0(Native Method)
	at sun.nio.ch.DatagramChannelImpl.sendFromNativeBuffer(DatagramChannelImpl.java:521)
	at sun.nio.ch.DatagramChannelImpl.send(DatagramChannelImpl.java:498)
	at sun.nio.ch.DatagramChannelImpl.send(DatagramChannelImpl.java:462)
	at org.xnio.nio.NioUdpChannel.sendTo(NioUdpChannel.java:136)
	at io.undertow.server.handlers.proxy.mod_cluster.MCMPAdvertiseTask.run(MCMPAdvertiseTask.java:190)
	at org.xnio.nio.WorkerThread$RepeatKey.run(WorkerThread.java:694)
	at org.xnio.nio.WorkerThread.safeRun(WorkerThread.java:612)
	at org.xnio.nio.WorkerThread.run(WorkerThread.java:479)

2018-11-13 11:34:24,143 ERROR [io.undertow] (default I/O-13) UT005041: Cannot send advertise message. Address: /224.0.1.105:23364: java.net.BindException: Can't assign requested address
	at sun.nio.ch.DatagramChannelImpl.send0(Native Method)
	at sun.nio.ch.DatagramChannelImpl.sendFromNativeBuffer(DatagramChannelImpl.java:521)
	at sun.nio.ch.DatagramChannelImpl.send(DatagramChannelImpl.java:498)
	at sun.nio.ch.DatagramChannelImpl.send(DatagramChannelImpl.java:462)
	at org.xnio.nio.NioUdpChannel.sendTo(NioUdpChannel.java:136)
	at io.undertow.server.handlers.proxy.mod_cluster.MCMPAdvertiseTask.run(MCMPAdvertiseTask.java:190)
	at org.xnio.nio.WorkerThread$RepeatKey.run(WorkerThread.java:694)
	at org.xnio.nio.WorkerThread.safeRun(WorkerThread.java:612)
	at org.xnio.nio.WorkerThread.run(WorkerThread.java:479)

2018-11-13 11:34:34,149 ERROR [io.undertow] (default I/O-13) UT005041: Cannot send advertise message. Address: /224.0.1.105:23364: java.net.BindException: Can't assign requested address
	at sun.nio.ch.DatagramChannelImpl.send0(Native Method)
	at sun.nio.ch.DatagramChannelImpl.sendFromNativeBuffer(DatagramChannelImpl.java:521)
	at sun.nio.ch.DatagramChannelImpl.send(DatagramChannelImpl.java:498)
	at sun.nio.ch.DatagramChannelImpl.send(DatagramChannelImpl.java:462)
	at org.xnio.nio.NioUdpChannel.sendTo(NioUdpChannel.java:136)
	at io.undertow.server.handlers.proxy.mod_cluster.MCMPAdvertiseTask.run(MCMPAdvertiseTask.java:190)
	at org.xnio.nio.WorkerThread$RepeatKey.run(WorkerThread.java:694)
	at org.xnio.nio.WorkerThread.safeRun(WorkerThread.java:612)
	at org.xnio.nio.WorkerThread.run(WorkerThread.java:479)

2018-11-13 11:34:44,152 ERROR [io.undertow] (default I/O-13) UT005041: Cannot send advertise message. Address: /224.0.1.105:23364: java.net.BindException: Can't assign requested address
	at sun.nio.ch.DatagramChannelImpl.send0(Native Method)
	at sun.nio.ch.DatagramChannelImpl.sendFromNativeBuffer(DatagramChannelImpl.java:521)
	at sun.nio.ch.DatagramChannelImpl.send(DatagramChannelImpl.java:498)
	at sun.nio.ch.DatagramChannelImpl.send(DatagramChannelImpl.java:462)
	at org.xnio.nio.NioUdpChannel.sendTo(NioUdpChannel.java:136)
	at io.undertow.server.handlers.proxy.mod_cluster.MCMPAdvertiseTask.run(MCMPAdvertiseTask.java:190)
	at org.xnio.nio.WorkerThread$RepeatKey.run(WorkerThread.java:694)
	at org.xnio.nio.WorkerThread.safeRun(WorkerThread.java:612)
	at org.xnio.nio.WorkerThread.run(WorkerThread.java:479)

2018-11-13 11:34:54,157 ERROR [io.undertow] (default I/O-13) UT005041: Cannot send advertise message. Address: /224.0.1.105:23364: java.net.BindException: Can't assign requested address
	at sun.nio.ch.DatagramChannelImpl.send0(Native Method)
	at sun.nio.ch.DatagramChannelImpl.sendFromNativeBuffer(DatagramChannelImpl.java:521)
	at sun.nio.ch.DatagramChannelImpl.send(DatagramChannelImpl.java:498)
	at sun.nio.ch.DatagramChannelImpl.send(DatagramChannelImpl.java:462)
	at org.xnio.nio.NioUdpChannel.sendTo(NioUdpChannel.java:136)
	at io.undertow.server.handlers.proxy.mod_cluster.MCMPAdvertiseTask.run(MCMPAdvertiseTask.java:190)
	at org.xnio.nio.WorkerThread$RepeatKey.run(WorkerThread.java:694)
	at org.xnio.nio.WorkerThread.safeRun(WorkerThread.java:612)
	at org.xnio.nio.WorkerThread.run(WorkerThread.java:479)

2018-11-13 11:35:04,163 ERROR [io.undertow] (default I/O-13) UT005041: Cannot send advertise message. Address: /224.0.1.105:23364: java.net.BindException: Can't assign requested address
	at sun.nio.ch.DatagramChannelImpl.send0(Native Method)
	at sun.nio.ch.DatagramChannelImpl.sendFromNativeBuffer(DatagramChannelImpl.java:521)
	at sun.nio.ch.DatagramChannelImpl.send(DatagramChannelImpl.java:498)
	at sun.nio.ch.DatagramChannelImpl.send(DatagramChannelImpl.java:462)
	at org.xnio.nio.NioUdpChannel.sendTo(NioUdpChannel.java:136)
	at io.undertow.server.handlers.proxy.mod_cluster.MCMPAdvertiseTask.run(MCMPAdvertiseTask.java:190)
	at org.xnio.nio.WorkerThread$RepeatKey.run(WorkerThread.java:694)
	at org.xnio.nio.WorkerThread.safeRun(WorkerThread.java:612)
	at org.xnio.nio.WorkerThread.run(WorkerThread.java:479)

2018-11-13 11:35:14,165 ERROR [io.undertow] (default I/O-13) UT005041: Cannot send advertise message. Address: /224.0.1.105:23364: java.net.BindException: Can't assign requested address
	at sun.nio.ch.DatagramChannelImpl.send0(Native Method)
	at sun.nio.ch.DatagramChannelImpl.sendFromNativeBuffer(DatagramChannelImpl.java:521)
	at sun.nio.ch.DatagramChannelImpl.send(DatagramChannelImpl.java:498)
	at sun.nio.ch.DatagramChannelImpl.send(DatagramChannelImpl.java:462)
	at org.xnio.nio.NioUdpChannel.sendTo(NioUdpChannel.java:136)
	at io.undertow.server.handlers.proxy.mod_cluster.MCMPAdvertiseTask.run(MCMPAdvertiseTask.java:190)
	at org.xnio.nio.WorkerThread$RepeatKey.run(WorkerThread.java:694)
	at org.xnio.nio.WorkerThread.safeRun(WorkerThread.java:612)
	at org.xnio.nio.WorkerThread.run(WorkerThread.java:479)

2018-11-13 11:35:24,167 ERROR [io.undertow] (default I/O-13) UT005041: Cannot send advertise message. Address: /224.0.1.105:23364: java.net.BindException: Can't assign requested address
	at sun.nio.ch.DatagramChannelImpl.send0(Native Method)
	at sun.nio.ch.DatagramChannelImpl.sendFromNativeBuffer(DatagramChannelImpl.java:521)
	at sun.nio.ch.DatagramChannelImpl.send(DatagramChannelImpl.java:498)
	at sun.nio.ch.DatagramChannelImpl.send(DatagramChannelImpl.java:462)
	at org.xnio.nio.NioUdpChannel.sendTo(NioUdpChannel.java:136)
	at io.undertow.server.handlers.proxy.mod_cluster.MCMPAdvertiseTask.run(MCMPAdvertiseTask.java:190)
	at org.xnio.nio.WorkerThread$RepeatKey.run(WorkerThread.java:694)
	at org.xnio.nio.WorkerThread.safeRun(WorkerThread.java:612)
	at org.xnio.nio.WorkerThread.run(WorkerThread.java:479)

2018-11-13 11:35:34,171 ERROR [io.undertow] (default I/O-13) UT005041: Cannot send advertise message. Address: /224.0.1.105:23364: java.net.BindException: Can't assign requested address
	at sun.nio.ch.DatagramChannelImpl.send0(Native Method)
	at sun.nio.ch.DatagramChannelImpl.sendFromNativeBuffer(DatagramChannelImpl.java:521)
	at sun.nio.ch.DatagramChannelImpl.send(DatagramChannelImpl.java:498)
	at sun.nio.ch.DatagramChannelImpl.send(DatagramChannelImpl.java:462)
	at org.xnio.nio.NioUdpChannel.sendTo(NioUdpChannel.java:136)
	at io.undertow.server.handlers.proxy.mod_cluster.MCMPAdvertiseTask.run(MCMPAdvertiseTask.java:190)
	at org.xnio.nio.WorkerThread$RepeatKey.run(WorkerThread.java:694)
	at org.xnio.nio.WorkerThread.safeRun(WorkerThread.java:612)
	at org.xnio.nio.WorkerThread.run(WorkerThread.java:479)

2018-11-13 11:35:44,175 ERROR [io.undertow] (default I/O-13) UT005041: Cannot send advertise message. Address: /224.0.1.105:23364: java.net.BindException: Can't assign requested address
	at sun.nio.ch.DatagramChannelImpl.send0(Native Method)
	at sun.nio.ch.DatagramChannelImpl.sendFromNativeBuffer(DatagramChannelImpl.java:521)
	at sun.nio.ch.DatagramChannelImpl.send(DatagramChannelImpl.java:498)
	at sun.nio.ch.DatagramChannelImpl.send(DatagramChannelImpl.java:462)
	at org.xnio.nio.NioUdpChannel.sendTo(NioUdpChannel.java:136)
	at io.undertow.server.handlers.proxy.mod_cluster.MCMPAdvertiseTask.run(MCMPAdvertiseTask.java:190)
	at org.xnio.nio.WorkerThread$RepeatKey.run(WorkerThread.java:694)
	at org.xnio.nio.WorkerThread.safeRun(WorkerThread.java:612)
	at org.xnio.nio.WorkerThread.run(WorkerThread.java:479)

2018-11-13 11:35:54,181 ERROR [io.undertow] (default I/O-13) UT005041: Cannot send advertise message. Address: /224.0.1.105:23364: java.net.BindException: Can't assign requested address
	at sun.nio.ch.DatagramChannelImpl.send0(Native Method)
	at sun.nio.ch.DatagramChannelImpl.sendFromNativeBuffer(DatagramChannelImpl.java:521)
	at sun.nio.ch.DatagramChannelImpl.send(DatagramChannelImpl.java:498)
	at sun.nio.ch.DatagramChannelImpl.send(DatagramChannelImpl.java:462)
	at org.xnio.nio.NioUdpChannel.sendTo(NioUdpChannel.java:136)
	at io.undertow.server.handlers.proxy.mod_cluster.MCMPAdvertiseTask.run(MCMPAdvertiseTask.java:190)
	at org.xnio.nio.WorkerThread$RepeatKey.run(WorkerThread.java:694)
	at org.xnio.nio.WorkerThread.safeRun(WorkerThread.java:612)
	at org.xnio.nio.WorkerThread.run(WorkerThread.java:479)

2018-11-13 11:36:04,186 ERROR [io.undertow] (default I/O-13) UT005041: Cannot send advertise message. Address: /224.0.1.105:23364: java.net.BindException: Can't assign requested address
	at sun.nio.ch.DatagramChannelImpl.send0(Native Method)
	at sun.nio.ch.DatagramChannelImpl.sendFromNativeBuffer(DatagramChannelImpl.java:521)
	at sun.nio.ch.DatagramChannelImpl.send(DatagramChannelImpl.java:498)
	at sun.nio.ch.DatagramChannelImpl.send(DatagramChannelImpl.java:462)
	at org.xnio.nio.NioUdpChannel.sendTo(NioUdpChannel.java:136)
	at io.undertow.server.handlers.proxy.mod_cluster.MCMPAdvertiseTask.run(MCMPAdvertiseTask.java:190)
	at org.xnio.nio.WorkerThread$RepeatKey.run(WorkerThread.java:694)
	at org.xnio.nio.WorkerThread.safeRun(WorkerThread.java:612)
	at org.xnio.nio.WorkerThread.run(WorkerThread.java:479)

2018-11-13 11:36:14,191 ERROR [io.undertow] (default I/O-13) UT005041: Cannot send advertise message. Address: /224.0.1.105:23364: java.net.BindException: Can't assign requested address
	at sun.nio.ch.DatagramChannelImpl.send0(Native Method)
	at sun.nio.ch.DatagramChannelImpl.sendFromNativeBuffer(DatagramChannelImpl.java:521)
	at sun.nio.ch.DatagramChannelImpl.send(DatagramChannelImpl.java:498)
	at sun.nio.ch.DatagramChannelImpl.send(DatagramChannelImpl.java:462)
	at org.xnio.nio.NioUdpChannel.sendTo(NioUdpChannel.java:136)
	at io.undertow.server.handlers.proxy.mod_cluster.MCMPAdvertiseTask.run(MCMPAdvertiseTask.java:190)
	at org.xnio.nio.WorkerThread$RepeatKey.run(WorkerThread.java:694)
	at org.xnio.nio.WorkerThread.safeRun(WorkerThread.java:612)
	at org.xnio.nio.WorkerThread.run(WorkerThread.java:479)

2018-11-13 11:36:24,195 ERROR [io.undertow] (default I/O-13) UT005041: Cannot send advertise message. Address: /224.0.1.105:23364: java.net.BindException: Can't assign requested address
	at sun.nio.ch.DatagramChannelImpl.send0(Native Method)
	at sun.nio.ch.DatagramChannelImpl.sendFromNativeBuffer(DatagramChannelImpl.java:521)
	at sun.nio.ch.DatagramChannelImpl.send(DatagramChannelImpl.java:498)
	at sun.nio.ch.DatagramChannelImpl.send(DatagramChannelImpl.java:462)
	at org.xnio.nio.NioUdpChannel.sendTo(NioUdpChannel.java:136)
	at io.undertow.server.handlers.proxy.mod_cluster.MCMPAdvertiseTask.run(MCMPAdvertiseTask.java:190)
	at org.xnio.nio.WorkerThread$RepeatKey.run(WorkerThread.java:694)
	at org.xnio.nio.WorkerThread.safeRun(WorkerThread.java:612)
	at org.xnio.nio.WorkerThread.run(WorkerThread.java:479)

2018-11-13 11:36:34,198 ERROR [io.undertow] (default I/O-13) UT005041: Cannot send advertise message. Address: /224.0.1.105:23364: java.net.BindException: Can't assign requested address
	at sun.nio.ch.DatagramChannelImpl.send0(Native Method)
	at sun.nio.ch.DatagramChannelImpl.sendFromNativeBuffer(DatagramChannelImpl.java:521)
	at sun.nio.ch.DatagramChannelImpl.send(DatagramChannelImpl.java:498)
	at sun.nio.ch.DatagramChannelImpl.send(DatagramChannelImpl.java:462)
	at org.xnio.nio.NioUdpChannel.sendTo(NioUdpChannel.java:136)
	at io.undertow.server.handlers.proxy.mod_cluster.MCMPAdvertiseTask.run(MCMPAdvertiseTask.java:190)
	at org.xnio.nio.WorkerThread$RepeatKey.run(WorkerThread.java:694)
	at org.xnio.nio.WorkerThread.safeRun(WorkerThread.java:612)
	at org.xnio.nio.WorkerThread.run(WorkerThread.java:479)

2018-11-13 11:36:44,201 ERROR [io.undertow] (default I/O-13) UT005041: Cannot send advertise message. Address: /224.0.1.105:23364: java.net.BindException: Can't assign requested address
	at sun.nio.ch.DatagramChannelImpl.send0(Native Method)
	at sun.nio.ch.DatagramChannelImpl.sendFromNativeBuffer(DatagramChannelImpl.java:521)
	at sun.nio.ch.DatagramChannelImpl.send(DatagramChannelImpl.java:498)
	at sun.nio.ch.DatagramChannelImpl.send(DatagramChannelImpl.java:462)
	at org.xnio.nio.NioUdpChannel.sendTo(NioUdpChannel.java:136)
	at io.undertow.server.handlers.proxy.mod_cluster.MCMPAdvertiseTask.run(MCMPAdvertiseTask.java:190)
	at org.xnio.nio.WorkerThread$RepeatKey.run(WorkerThread.java:694)
	at org.xnio.nio.WorkerThread.safeRun(WorkerThread.java:612)
	at org.xnio.nio.WorkerThread.run(WorkerThread.java:479)

2018-11-13 11:36:54,205 ERROR [io.undertow] (default I/O-13) UT005041: Cannot send advertise message. Address: /224.0.1.105:23364: java.net.BindException: Can't assign requested address
	at sun.nio.ch.DatagramChannelImpl.send0(Native Method)
	at sun.nio.ch.DatagramChannelImpl.sendFromNativeBuffer(DatagramChannelImpl.java:521)
	at sun.nio.ch.DatagramChannelImpl.send(DatagramChannelImpl.java:498)
	at sun.nio.ch.DatagramChannelImpl.send(DatagramChannelImpl.java:462)
	at org.xnio.nio.NioUdpChannel.sendTo(NioUdpChannel.java:136)
	at io.undertow.server.handlers.proxy.mod_cluster.MCMPAdvertiseTask.run(MCMPAdvertiseTask.java:190)
	at org.xnio.nio.WorkerThread$RepeatKey.run(WorkerThread.java:694)
	at org.xnio.nio.WorkerThread.safeRun(WorkerThread.java:612)
	at org.xnio.nio.WorkerThread.run(WorkerThread.java:479)

2018-11-13 11:37:04,208 ERROR [io.undertow] (default I/O-13) UT005041: Cannot send advertise message. Address: /224.0.1.105:23364: java.net.BindException: Can't assign requested address
	at sun.nio.ch.DatagramChannelImpl.send0(Native Method)
	at sun.nio.ch.DatagramChannelImpl.sendFromNativeBuffer(DatagramChannelImpl.java:521)
	at sun.nio.ch.DatagramChannelImpl.send(DatagramChannelImpl.java:498)
	at sun.nio.ch.DatagramChannelImpl.send(DatagramChannelImpl.java:462)
	at org.xnio.nio.NioUdpChannel.sendTo(NioUdpChannel.java:136)
	at io.undertow.server.handlers.proxy.mod_cluster.MCMPAdvertiseTask.run(MCMPAdvertiseTask.java:190)
	at org.xnio.nio.WorkerThread$RepeatKey.run(WorkerThread.java:694)
	at org.xnio.nio.WorkerThread.safeRun(WorkerThread.java:612)
	at org.xnio.nio.WorkerThread.run(WorkerThread.java:479)

2018-11-13 11:37:14,211 ERROR [io.undertow] (default I/O-13) UT005041: Cannot send advertise message. Address: /224.0.1.105:23364: java.net.BindException: Can't assign requested address
	at sun.nio.ch.DatagramChannelImpl.send0(Native Method)
	at sun.nio.ch.DatagramChannelImpl.sendFromNativeBuffer(DatagramChannelImpl.java:521)
	at sun.nio.ch.DatagramChannelImpl.send(DatagramChannelImpl.java:498)
	at sun.nio.ch.DatagramChannelImpl.send(DatagramChannelImpl.java:462)
	at org.xnio.nio.NioUdpChannel.sendTo(NioUdpChannel.java:136)
	at io.undertow.server.handlers.proxy.mod_cluster.MCMPAdvertiseTask.run(MCMPAdvertiseTask.java:190)
	at org.xnio.nio.WorkerThread$RepeatKey.run(WorkerThread.java:694)
	at org.xnio.nio.WorkerThread.safeRun(WorkerThread.java:612)
	at org.xnio.nio.WorkerThread.run(WorkerThread.java:479)

2018-11-13 11:37:24,217 ERROR [io.undertow] (default I/O-13) UT005041: Cannot send advertise message. Address: /224.0.1.105:23364: java.net.BindException: Can't assign requested address
	at sun.nio.ch.DatagramChannelImpl.send0(Native Method)
	at sun.nio.ch.DatagramChannelImpl.sendFromNativeBuffer(DatagramChannelImpl.java:521)
	at sun.nio.ch.DatagramChannelImpl.send(DatagramChannelImpl.java:498)
	at sun.nio.ch.DatagramChannelImpl.send(DatagramChannelImpl.java:462)
	at org.xnio.nio.NioUdpChannel.sendTo(NioUdpChannel.java:136)
	at io.undertow.server.handlers.proxy.mod_cluster.MCMPAdvertiseTask.run(MCMPAdvertiseTask.java:190)
	at org.xnio.nio.WorkerThread$RepeatKey.run(WorkerThread.java:694)
	at org.xnio.nio.WorkerThread.safeRun(WorkerThread.java:612)
	at org.xnio.nio.WorkerThread.run(WorkerThread.java:479)

2018-11-13 11:37:34,221 ERROR [io.undertow] (default I/O-13) UT005041: Cannot send advertise message. Address: /224.0.1.105:23364: java.net.BindException: Can't assign requested address
	at sun.nio.ch.DatagramChannelImpl.send0(Native Method)
	at sun.nio.ch.DatagramChannelImpl.sendFromNativeBuffer(DatagramChannelImpl.java:521)
	at sun.nio.ch.DatagramChannelImpl.send(DatagramChannelImpl.java:498)
	at sun.nio.ch.DatagramChannelImpl.send(DatagramChannelImpl.java:462)
	at org.xnio.nio.NioUdpChannel.sendTo(NioUdpChannel.java:136)
	at io.undertow.server.handlers.proxy.mod_cluster.MCMPAdvertiseTask.run(MCMPAdvertiseTask.java:190)
	at org.xnio.nio.WorkerThread$RepeatKey.run(WorkerThread.java:694)
	at org.xnio.nio.WorkerThread.safeRun(WorkerThread.java:612)
	at org.xnio.nio.WorkerThread.run(WorkerThread.java:479)

2018-11-13 11:37:44,226 ERROR [io.undertow] (default I/O-13) UT005041: Cannot send advertise message. Address: /224.0.1.105:23364: java.net.BindException: Can't assign requested address
	at sun.nio.ch.DatagramChannelImpl.send0(Native Method)
	at sun.nio.ch.DatagramChannelImpl.sendFromNativeBuffer(DatagramChannelImpl.java:521)
	at sun.nio.ch.DatagramChannelImpl.send(DatagramChannelImpl.java:498)
	at sun.nio.ch.DatagramChannelImpl.send(DatagramChannelImpl.java:462)
	at org.xnio.nio.NioUdpChannel.sendTo(NioUdpChannel.java:136)
	at io.undertow.server.handlers.proxy.mod_cluster.MCMPAdvertiseTask.run(MCMPAdvertiseTask.java:190)
	at org.xnio.nio.WorkerThread$RepeatKey.run(WorkerThread.java:694)
	at org.xnio.nio.WorkerThread.safeRun(WorkerThread.java:612)
	at org.xnio.nio.WorkerThread.run(WorkerThread.java:479)

2018-11-13 11:37:46,859 INFO  [org.jboss.as.server] (Thread-2) WFLYSRV0236: Suspending server with no timeout.
2018-11-13 11:37:46,864 INFO  [org.jboss.as.server] (Thread-2) WFLYSRV0220: Server shutdown has been requested via an OS signal
2018-11-13 11:37:46,874 INFO  [org.wildfly.extension.undertow] (MSC service thread 1-6) WFLYUT0019: Host default-host stopping
2018-11-13 11:37:46,874 INFO  [org.wildfly.extension.undertow] (MSC service thread 1-4) WFLYUT0008: Undertow HTTP listener management suspending
2018-11-13 11:37:46,875 INFO  [org.wildfly.extension.undertow] (MSC service thread 1-5) WFLYUT0008: Undertow HTTP listener default suspending
2018-11-13 11:37:46,878 INFO  [org.wildfly.extension.undertow] (MSC service thread 1-4) WFLYUT0007: Undertow HTTP listener management stopped, was bound to 127.0.0.1:8090
2018-11-13 11:37:46,878 INFO  [org.wildfly.extension.undertow] (MSC service thread 1-5) WFLYUT0007: Undertow HTTP listener default stopped, was bound to 127.0.0.1:8080
2018-11-13 11:37:46,880 INFO  [org.wildfly.extension.undertow] (MSC service thread 1-2) WFLYUT0004: Undertow 2.0.9.Final stopping
2018-11-13 11:37:46,904 INFO  [org.jboss.as] (MSC service thread 1-7) WFLYSRV0050: Keycloak 4.5.0.Final (WildFly Core 5.0.0.Final) stopped in 35ms
