2018-11-13 11:29:30,973 INFO  [org.jboss.modules] (main) JBoss Modules version 1.8.5.Final
2018-11-13 11:29:31,287 INFO  [org.jboss.msc] (main) JBoss MSC version 1.4.2.Final
2018-11-13 11:29:31,296 INFO  [org.jboss.threads] (main) JBoss Threads version 2.3.2.Final
2018-11-13 11:29:31,436 INFO  [org.jboss.as] (MSC service thread 1-2) WFLYSRV0049: Keycloak 4.5.0.Final (WildFly Core 5.0.0.Final) starting
2018-11-13 11:29:31,437 DEBUG [org.jboss.as.config] (MSC service thread 1-2) Configured system properties:
	[Server:server-one] = 
	[pcid:1803793690] = 
	awt.toolkit = sun.lwawt.macosx.LWCToolkit
	file.encoding = UTF-8
	file.encoding.pkg = sun.io
	file.separator = /
	ftp.nonProxyHosts = local|*.local|169.254/16|*.169.254/16
	gopherProxySet = false
	http.nonProxyHosts = local|*.local|169.254/16|*.169.254/16
	java.awt.graphicsenv = sun.awt.CGraphicsEnvironment
	java.awt.headless = true
	java.awt.printerjob = sun.lwawt.macosx.CPrinterJob
	java.class.path = /Users/dariosarcevic/opt/keycloak-4.5.0.Final/jboss-modules.jar
	java.class.version = 52.0
	java.endorsed.dirs = /Library/Java/JavaVirtualMachines/jdk1.8.0_121.jdk/Contents/Home/jre/lib/endorsed
	java.ext.dirs = /Users/dariosarcevic/Library/Java/Extensions:/Library/Java/JavaVirtualMachines/jdk1.8.0_121.jdk/Contents/Home/jre/lib/ext:/Library/Java/Extensions:/Network/Library/Java/Extensions:/System/Library/Java/Extensions:/usr/lib/java
	java.home = /Library/Java/JavaVirtualMachines/jdk1.8.0_121.jdk/Contents/Home/jre
	java.io.tmpdir = /var/folders/7q/6n592llx45v38533ds9r46kr0000gn/T/
	java.library.path = /Users/dariosarcevic/Library/Java/Extensions:/Library/Java/Extensions:/Network/Library/Java/Extensions:/System/Library/Java/Extensions:/usr/lib/java:.
	java.net.preferIPv4Stack = true
	java.runtime.name = Java(TM) SE Runtime Environment
	java.runtime.version = 1.8.0_121-b13
	java.specification.name = Java Platform API Specification
	java.specification.vendor = Oracle Corporation
	java.specification.version = 1.8
	java.util.logging.manager = org.jboss.logmanager.LogManager
	java.vendor = Oracle Corporation
	java.vendor.url = http://java.oracle.com/
	java.vendor.url.bug = http://bugreport.sun.com/bugreport/
	java.version = 1.8.0_121
	java.vm.info = mixed mode
	java.vm.name = Java HotSpot(TM) 64-Bit Server VM
	java.vm.specification.name = Java Virtual Machine Specification
	java.vm.specification.vendor = Oracle Corporation
	java.vm.specification.version = 1.8
	java.vm.vendor = Oracle Corporation
	java.vm.version = 25.121-b13
	javax.management.builder.initial = org.jboss.as.jmx.PluggableMBeanServerBuilder
	jboss.domain.base.dir = /Users/dariosarcevic/opt/keycloak-4.5.0.Final/domain
	jboss.domain.config.dir = /Users/dariosarcevic/opt/keycloak-4.5.0.Final/domain/configuration
	jboss.home.dir = /Users/dariosarcevic/opt/keycloak-4.5.0.Final
	jboss.host.name = darios-macbook-pro
	jboss.modules.dir = /Users/dariosarcevic/opt/keycloak-4.5.0.Final/modules
	jboss.modules.system.pkgs = org.jboss.byteman
	jboss.node.name = master:server-one
	jboss.qualified.host.name = darios-macbook-pro.local
	jboss.server.base.dir = /Users/dariosarcevic/opt/keycloak-4.5.0.Final/domain/servers/server-one
	jboss.server.config.dir = /Users/dariosarcevic/opt/keycloak-4.5.0.Final/domain/servers/server-one/configuration
	jboss.server.data.dir = /Users/dariosarcevic/opt/keycloak-4.5.0.Final/domain/servers/server-one/data
	jboss.server.deploy.dir = /Users/dariosarcevic/opt/keycloak-4.5.0.Final/domain/servers/server-one/data/content
	jboss.server.log.dir = /Users/dariosarcevic/opt/keycloak-4.5.0.Final/domain/servers/server-one/log
	jboss.server.name = server-one
	jboss.server.persist.config = true
	jboss.server.temp.dir = /Users/dariosarcevic/opt/keycloak-4.5.0.Final/domain/servers/server-one/tmp
	line.separator = 

	logging.configuration = file:/Users/dariosarcevic/opt/keycloak-4.5.0.Final/domain/configuration/default-server-logging.properties
	module.path = /Users/dariosarcevic/opt/keycloak-4.5.0.Final/modules
	org.jboss.boot.log.file = /Users/dariosarcevic/opt/keycloak-4.5.0.Final/domain/servers/server-one/log/server.log
	org.jboss.resolver.warning = true
	os.arch = x86_64
	os.name = Mac OS X
	os.version = 10.14
	path.separator = :
	socksNonProxyHosts = local|*.local|169.254/16|*.169.254/16
	sun.arch.data.model = 64
	sun.boot.class.path = /Library/Java/JavaVirtualMachines/jdk1.8.0_121.jdk/Contents/Home/jre/lib/resources.jar:/Library/Java/JavaVirtualMachines/jdk1.8.0_121.jdk/Contents/Home/jre/lib/rt.jar:/Library/Java/JavaVirtualMachines/jdk1.8.0_121.jdk/Contents/Home/jre/lib/sunrsasign.jar:/Library/Java/JavaVirtualMachines/jdk1.8.0_121.jdk/Contents/Home/jre/lib/jsse.jar:/Library/Java/JavaVirtualMachines/jdk1.8.0_121.jdk/Contents/Home/jre/lib/jce.jar:/Library/Java/JavaVirtualMachines/jdk1.8.0_121.jdk/Contents/Home/jre/lib/charsets.jar:/Library/Java/JavaVirtualMachines/jdk1.8.0_121.jdk/Contents/Home/jre/lib/jfr.jar:/Library/Java/JavaVirtualMachines/jdk1.8.0_121.jdk/Contents/Home/jre/classes
	sun.boot.library.path = /Library/Java/JavaVirtualMachines/jdk1.8.0_121.jdk/Contents/Home/jre/lib
	sun.cpu.endian = little
	sun.cpu.isalist = 
	sun.io.unicode.encoding = UnicodeBig
	sun.java.command = /Users/dariosarcevic/opt/keycloak-4.5.0.Final/jboss-modules.jar -mp /Users/dariosarcevic/opt/keycloak-4.5.0.Final/modules org.jboss.as.server
	sun.java.launcher = SUN_STANDARD
	sun.jnu.encoding = UTF-8
	sun.management.compiler = HotSpot 64-Bit Tiered Compilers
	sun.os.patch.level = unknown
	user.country = US
	user.country.format = HR
	user.dir = /Users/dariosarcevic/opt/keycloak-4.5.0.Final
	user.home = /Users/dariosarcevic
	user.language = en
	user.name = dariosarcevic
	user.timezone = Europe/Zagreb
2018-11-13 11:29:31,438 DEBUG [org.jboss.as.config] (MSC service thread 1-2) VM Arguments: -D[Server:server-one] -D[pcid:1803793690] -Xms64m -Xmx512m -XX:MetaspaceSize=96m -XX:MaxMetaspaceSize=256m -Djava.awt.headless=true -Djava.net.preferIPv4Stack=true -Djboss.home.dir=/Users/dariosarcevic/opt/keycloak-4.5.0.Final -Djboss.modules.system.pkgs=org.jboss.byteman -Djboss.server.log.dir=/Users/dariosarcevic/opt/keycloak-4.5.0.Final/domain/servers/server-one/log -Djboss.server.temp.dir=/Users/dariosarcevic/opt/keycloak-4.5.0.Final/domain/servers/server-one/tmp -Djboss.server.data.dir=/Users/dariosarcevic/opt/keycloak-4.5.0.Final/domain/servers/server-one/data -Dorg.jboss.boot.log.file=/Users/dariosarcevic/opt/keycloak-4.5.0.Final/domain/servers/server-one/log/server.log -Dlogging.configuration=file:/Users/dariosarcevic/opt/keycloak-4.5.0.Final/domain/configuration/default-server-logging.properties 
2018-11-13 11:29:31,520 INFO  [org.xnio] (MSC service thread 1-6) XNIO version 3.6.3.Final
2018-11-13 11:29:31,524 INFO  [org.xnio.nio] (MSC service thread 1-6) XNIO NIO Implementation Version 3.6.3.Final
2018-11-13 11:29:31,556 INFO  [org.jboss.remoting] (MSC service thread 1-5) JBoss Remoting version 5.0.7.Final
2018-11-13 11:29:31,842 INFO  [org.wildfly.security] (ServerService Thread Pool -- 2) ELY00001: WildFly Elytron version 1.3.3.Final
2018-11-13 11:29:32,534 INFO  [org.jboss.as.controller.management-deprecated] (ServerService Thread Pool -- 21) WFLYCTL0028: Attribute 'security-realm' in the resource at address '/subsystem=undertow/server=default-server/https-listener=https' is deprecated, and may be removed in a future version. See the attribute description in the output of the read-resource-description operation to learn more about the deprecation.
2018-11-13 11:29:32,693 WARN  [org.jboss.as.txn] (ServerService Thread Pool -- 29) WFLYTX0013: The node-identifier attribute on the /subsystem=transactions is set to the default value. This is a danger for environments running multiple servers. Please make sure the attribute value is unique.
2018-11-13 11:29:32,702 INFO  [org.jboss.as.security] (ServerService Thread Pool -- 31) WFLYSEC0002: Activating Security Subsystem
2018-11-13 11:29:32,702 INFO  [org.jboss.as.naming] (ServerService Thread Pool -- 35) WFLYNAM0001: Activating Naming Subsystem
2018-11-13 11:29:32,705 INFO  [org.jboss.as.clustering.jgroups] (ServerService Thread Pool -- 40) WFLYCLJG0001: Activating JGroups subsystem. JGroups version 4.0.11
2018-11-13 11:29:32,711 INFO  [org.jboss.as.clustering.infinispan] (ServerService Thread Pool -- 43) WFLYCLINF0001: Activating Infinispan subsystem.
2018-11-13 11:29:32,712 INFO  [org.wildfly.extension.io] (ServerService Thread Pool -- 44) WFLYIO001: Worker 'default' has auto-configured to 16 core threads with 128 task threads based on your 8 available processors
2018-11-13 11:29:32,720 INFO  [org.jboss.as.jaxrs] (ServerService Thread Pool -- 42) WFLYRS0016: RESTEasy version 3.5.1.Final
2018-11-13 11:29:32,723 INFO  [org.jboss.as.security] (MSC service thread 1-7) WFLYSEC0001: Current PicketBox version=5.0.2.Final
2018-11-13 11:29:32,729 INFO  [org.jboss.as.connector] (MSC service thread 1-2) WFLYJCA0009: Starting JCA Subsystem (WildFly/IronJacamar 1.4.9.Final)
2018-11-13 11:29:32,753 INFO  [org.wildfly.extension.undertow] (ServerService Thread Pool -- 28) WFLYUT0014: Creating file handler for path '/Users/dariosarcevic/opt/keycloak-4.5.0.Final/welcome-content' with options [directory-listing: 'false', follow-symlink: 'false', case-sensitive: 'true', safe-symlink-paths: '[]']
2018-11-13 11:29:32,753 INFO  [org.jboss.as.ee] (ServerService Thread Pool -- 46) WFLYEE0119: The system property 'ee8.preview.mode' is NOT set to 'true'. For provided EE 8 APIs where the EE 8 version of the API differs from what is supported in EE 7, the EE 7 variant of the API will be used. Support for this setting will be removed once all EE 8 APIs are provided and certified.
2018-11-13 11:29:32,754 INFO  [org.jboss.as.naming] (MSC service thread 1-8) WFLYNAM0003: Starting Naming Service
2018-11-13 11:29:32,754 INFO  [org.jboss.as.mail.extension] (MSC service thread 1-4) WFLYMAIL0001: Bound mail session [java:jboss/mail/Default]
2018-11-13 11:29:32,757 INFO  [org.wildfly.extension.undertow] (MSC service thread 1-3) WFLYUT0003: Undertow 2.0.9.Final starting
2018-11-13 11:29:32,759 INFO  [org.jboss.as.connector.subsystems.datasources] (ServerService Thread Pool -- 47) WFLYJCA0004: Deploying JDBC-compliant driver class org.h2.Driver (version 1.4)
2018-11-13 11:29:32,761 INFO  [org.jboss.as.connector.deployers.jdbc] (MSC service thread 1-1) WFLYJCA0018: Started Driver service with driver-name = h2
2018-11-13 11:29:32,834 INFO  [org.jboss.as.ejb3] (MSC service thread 1-7) WFLYEJB0481: Strict pool slsb-strict-max-pool is using a max instance size of 128 (per class), which is derived from thread worker pool sizing.
2018-11-13 11:29:32,834 INFO  [org.jboss.as.ejb3] (MSC service thread 1-5) WFLYEJB0482: Strict pool mdb-strict-max-pool is using a max instance size of 32 (per class), which is derived from the number of CPUs on this host.
2018-11-13 11:29:32,863 INFO  [org.wildfly.extension.undertow] (MSC service thread 1-2) WFLYUT0012: Started server default-server.
2018-11-13 11:29:32,865 INFO  [org.wildfly.extension.undertow] (MSC service thread 1-3) WFLYUT0018: Host default-host starting
2018-11-13 11:29:32,905 INFO  [org.wildfly.extension.undertow] (MSC service thread 1-4) WFLYUT0006: Undertow AJP listener ajp listening on 127.0.0.1:8159
2018-11-13 11:29:32,908 INFO  [org.wildfly.extension.undertow] (MSC service thread 1-2) WFLYUT0006: Undertow HTTP listener default listening on 127.0.0.1:8230
2018-11-13 11:29:32,919 INFO  [org.jboss.modcluster] (ServerService Thread Pool -- 50) MODCLUSTER000001: Initializing mod_cluster version 1.3.9.Final
2018-11-13 11:29:32,930 INFO  [org.jboss.modcluster] (ServerService Thread Pool -- 50) MODCLUSTER000032: Listening to proxy advertisements on /224.0.1.105:23364
2018-11-13 11:29:33,011 INFO  [org.jboss.as.ejb3] (MSC service thread 1-6) WFLYEJB0493: EJB subsystem suspension complete
2018-11-13 11:29:33,085 INFO  [org.jboss.as.connector.subsystems.datasources] (MSC service thread 1-8) WFLYJCA0001: Bound data source [java:jboss/datasources/ExampleDS]
2018-11-13 11:29:33,085 INFO  [org.jboss.as.connector.subsystems.datasources] (MSC service thread 1-5) WFLYJCA0001: Bound data source [java:jboss/datasources/KeycloakDS]
2018-11-13 11:29:33,273 INFO  [org.jboss.as.patching] (MSC service thread 1-2) WFLYPAT0050: Keycloak cumulative patch ID is: base, one-off patches include: none
2018-11-13 11:29:33,281 WARN  [org.jboss.as.domain.management.security] (MSC service thread 1-6) WFLYDM0111: Keystore /Users/dariosarcevic/opt/keycloak-4.5.0.Final/domain/configuration/application.keystore not found, it will be auto generated on first use with a self signed certificate for host localhost
2018-11-13 11:29:33,296 INFO  [org.jboss.as.server.deployment] (MSC service thread 1-1) WFLYSRV0027: Starting deployment of "keycloak-server.war" (runtime-name: "keycloak-server.war")
2018-11-13 11:29:33,317 INFO  [org.wildfly.extension.undertow] (MSC service thread 1-8) WFLYUT0006: Undertow HTTPS listener https listening on 127.0.0.1:8593
2018-11-13 11:29:33,812 WARN  [org.jgroups.protocols.UDP] (ServerService Thread Pool -- 50) JGRP000015: the receive buffer of socket MulticastSocket was set to 20.00MB, but the OS only allocated 6.71MB. This might lead to performance problems. Please set your max receive buffer in the OS correctly (e.g. net.core.rmem_max on Linux)
2018-11-13 11:29:33,813 WARN  [org.jgroups.protocols.UDP] (ServerService Thread Pool -- 50) JGRP000015: the receive buffer of socket MulticastSocket was set to 25.00MB, but the OS only allocated 6.71MB. This might lead to performance problems. Please set your max receive buffer in the OS correctly (e.g. net.core.rmem_max on Linux)
2018-11-13 11:29:37,236 INFO  [org.infinispan.remoting.transport.jgroups.JGroupsTransport] (MSC service thread 1-4) ISPN000078: Starting JGroups channel ejb
2018-11-13 11:29:37,236 INFO  [org.infinispan.remoting.transport.jgroups.JGroupsTransport] (MSC service thread 1-1) ISPN000078: Starting JGroups channel ejb
2018-11-13 11:29:37,236 INFO  [org.infinispan.remoting.transport.jgroups.JGroupsTransport] (MSC service thread 1-5) ISPN000078: Starting JGroups channel ejb
2018-11-13 11:29:37,236 INFO  [org.infinispan.remoting.transport.jgroups.JGroupsTransport] (MSC service thread 1-6) ISPN000078: Starting JGroups channel ejb
2018-11-13 11:29:37,236 INFO  [org.infinispan.remoting.transport.jgroups.JGroupsTransport] (MSC service thread 1-8) ISPN000078: Starting JGroups channel ejb
2018-11-13 11:29:37,241 INFO  [org.infinispan.CLUSTER] (MSC service thread 1-4) ISPN000094: Received new cluster view for channel ejb: [master:server-one|0] (1) [master:server-one]
2018-11-13 11:29:37,241 INFO  [org.infinispan.CLUSTER] (MSC service thread 1-8) ISPN000094: Received new cluster view for channel ejb: [master:server-one|0] (1) [master:server-one]
2018-11-13 11:29:37,241 INFO  [org.infinispan.CLUSTER] (MSC service thread 1-6) ISPN000094: Received new cluster view for channel ejb: [master:server-one|0] (1) [master:server-one]
2018-11-13 11:29:37,241 INFO  [org.infinispan.CLUSTER] (MSC service thread 1-5) ISPN000094: Received new cluster view for channel ejb: [master:server-one|0] (1) [master:server-one]
2018-11-13 11:29:37,241 INFO  [org.infinispan.CLUSTER] (MSC service thread 1-1) ISPN000094: Received new cluster view for channel ejb: [master:server-one|0] (1) [master:server-one]
2018-11-13 11:29:37,248 INFO  [org.infinispan.remoting.transport.jgroups.JGroupsTransport] (MSC service thread 1-8) ISPN000079: Channel ejb local address is master:server-one, physical addresses are [127.0.0.1:55350]
2018-11-13 11:29:37,249 INFO  [org.infinispan.remoting.transport.jgroups.JGroupsTransport] (MSC service thread 1-6) ISPN000079: Channel ejb local address is master:server-one, physical addresses are [127.0.0.1:55350]
2018-11-13 11:29:37,248 INFO  [org.infinispan.remoting.transport.jgroups.JGroupsTransport] (MSC service thread 1-4) ISPN000079: Channel ejb local address is master:server-one, physical addresses are [127.0.0.1:55350]
2018-11-13 11:29:37,249 INFO  [org.infinispan.remoting.transport.jgroups.JGroupsTransport] (MSC service thread 1-5) ISPN000079: Channel ejb local address is master:server-one, physical addresses are [127.0.0.1:55350]
2018-11-13 11:29:37,248 INFO  [org.infinispan.remoting.transport.jgroups.JGroupsTransport] (MSC service thread 1-1) ISPN000079: Channel ejb local address is master:server-one, physical addresses are [127.0.0.1:55350]
2018-11-13 11:29:37,252 INFO  [org.infinispan.factories.GlobalComponentRegistry] (MSC service thread 1-1) ISPN000128: Infinispan version: Infinispan 'Gaina' 9.2.4.Final
2018-11-13 11:29:37,518 INFO  [org.jboss.as.clustering.infinispan] (ServerService Thread Pool -- 59) WFLYCLINF0002: Started keys cache from keycloak container
2018-11-13 11:29:37,518 INFO  [org.jboss.as.clustering.infinispan] (ServerService Thread Pool -- 56) WFLYCLINF0002: Started realms cache from keycloak container
2018-11-13 11:29:37,518 INFO  [org.jboss.as.clustering.infinispan] (ServerService Thread Pool -- 61) WFLYCLINF0002: Started users cache from keycloak container
2018-11-13 11:29:37,518 INFO  [org.jboss.as.clustering.infinispan] (ServerService Thread Pool -- 55) WFLYCLINF0002: Started authorization cache from keycloak container
2018-11-13 11:29:37,577 INFO  [org.jboss.as.clustering.infinispan] (ServerService Thread Pool -- 51) WFLYCLINF0002: Started authenticationSessions cache from keycloak container
2018-11-13 11:29:37,577 INFO  [org.jboss.as.clustering.infinispan] (ServerService Thread Pool -- 60) WFLYCLINF0002: Started work cache from keycloak container
2018-11-13 11:29:37,578 INFO  [org.jboss.as.clustering.infinispan] (ServerService Thread Pool -- 62) WFLYCLINF0002: Started client-mappings cache from ejb container
2018-11-13 11:29:37,578 INFO  [org.jboss.as.clustering.infinispan] (ServerService Thread Pool -- 54) WFLYCLINF0002: Started sessions cache from keycloak container
2018-11-13 11:29:37,578 INFO  [org.jboss.as.clustering.infinispan] (ServerService Thread Pool -- 53) WFLYCLINF0002: Started clientSessions cache from keycloak container
2018-11-13 11:29:37,579 INFO  [org.jboss.as.clustering.infinispan] (ServerService Thread Pool -- 52) WFLYCLINF0002: Started actionTokens cache from keycloak container
2018-11-13 11:29:37,579 INFO  [org.jboss.as.clustering.infinispan] (ServerService Thread Pool -- 58) WFLYCLINF0002: Started loginFailures cache from keycloak container
2018-11-13 11:29:37,579 INFO  [org.jboss.as.clustering.infinispan] (ServerService Thread Pool -- 50) WFLYCLINF0002: Started offlineSessions cache from keycloak container
2018-11-13 11:29:37,581 INFO  [org.jboss.as.clustering.infinispan] (ServerService Thread Pool -- 57) WFLYCLINF0002: Started offlineClientSessions cache from keycloak container
2018-11-13 11:29:38,429 INFO  [org.keycloak.services] (ServerService Thread Pool -- 57) KC-SERVICES0001: Loading config from standalone.xml or domain.xml
2018-11-13 11:29:38,913 INFO  [org.jboss.as.clustering.infinispan] (ServerService Thread Pool -- 57) WFLYCLINF0002: Started realmRevisions cache from keycloak container
2018-11-13 11:29:38,918 INFO  [org.jboss.as.clustering.infinispan] (ServerService Thread Pool -- 57) WFLYCLINF0002: Started userRevisions cache from keycloak container
2018-11-13 11:29:38,925 INFO  [org.jboss.as.clustering.infinispan] (ServerService Thread Pool -- 57) WFLYCLINF0002: Started authorizationRevisions cache from keycloak container
2018-11-13 11:29:38,927 INFO  [org.keycloak.connections.infinispan.DefaultInfinispanConnectionProviderFactory] (ServerService Thread Pool -- 57) Node name: master:server-one, Site name: null
2018-11-13 11:29:41,309 INFO  [org.keycloak.connections.jpa.updater.liquibase.LiquibaseJpaUpdaterProvider] (ServerService Thread Pool -- 57) Initializing database schema. Using changelog META-INF/jpa-changelog-master.xml
2018-11-13 11:29:42,293 INFO  [org.hibernate.jpa.internal.util.LogHelper] (ServerService Thread Pool -- 57) HHH000204: Processing PersistenceUnitInfo [
	name: keycloak-default
	...]
2018-11-13 11:29:42,361 INFO  [org.hibernate.Version] (ServerService Thread Pool -- 57) HHH000412: Hibernate Core {5.1.14.Final}
2018-11-13 11:29:42,364 INFO  [org.hibernate.cfg.Environment] (ServerService Thread Pool -- 57) HHH000206: hibernate.properties not found
2018-11-13 11:29:42,366 INFO  [org.hibernate.cfg.Environment] (ServerService Thread Pool -- 57) HHH000021: Bytecode provider name : javassist
2018-11-13 11:29:42,409 INFO  [org.hibernate.annotations.common.Version] (ServerService Thread Pool -- 57) HCANN000001: Hibernate Commons Annotations {5.0.2.Final}
2018-11-13 11:29:42,566 INFO  [org.hibernate.dialect.Dialect] (ServerService Thread Pool -- 57) HHH000400: Using dialect: org.hibernate.dialect.H2Dialect
2018-11-13 11:29:42,574 WARN  [org.hibernate.dialect.H2Dialect] (ServerService Thread Pool -- 57) HHH000431: Unable to determine H2 database version, certain features may not work
2018-11-13 11:29:42,610 INFO  [org.hibernate.envers.boot.internal.EnversServiceImpl] (ServerService Thread Pool -- 57) Envers integration enabled? : true
2018-11-13 11:29:43,127 INFO  [org.hibernate.validator.internal.util.Version] (ServerService Thread Pool -- 57) HV000001: Hibernate Validator 5.3.6.Final
2018-11-13 11:29:43,786 INFO  [org.hibernate.hql.internal.QueryTranslatorFactoryInitiator] (ServerService Thread Pool -- 57) HHH000397: Using ASTQueryTranslatorFactory
2018-11-13 11:29:44,570 INFO  [org.keycloak.services] (ServerService Thread Pool -- 57) KC-SERVICES0050: Initializing master realm
2018-11-13 11:29:45,762 INFO  [org.jboss.resteasy.resteasy_jaxrs.i18n] (ServerService Thread Pool -- 57) RESTEASY002225: Deploying javax.ws.rs.core.Application: class org.keycloak.services.resources.KeycloakApplication
2018-11-13 11:29:45,764 INFO  [org.jboss.resteasy.resteasy_jaxrs.i18n] (ServerService Thread Pool -- 57) RESTEASY002200: Adding class resource org.keycloak.services.resources.ThemeResource from Application class org.keycloak.services.resources.KeycloakApplication
2018-11-13 11:29:45,764 INFO  [org.jboss.resteasy.resteasy_jaxrs.i18n] (ServerService Thread Pool -- 57) RESTEASY002205: Adding provider class org.keycloak.services.filters.KeycloakTransactionCommitter from Application class org.keycloak.services.resources.KeycloakApplication
2018-11-13 11:29:45,764 INFO  [org.jboss.resteasy.resteasy_jaxrs.i18n] (ServerService Thread Pool -- 57) RESTEASY002205: Adding provider class org.keycloak.services.error.KeycloakErrorHandler from Application class org.keycloak.services.resources.KeycloakApplication
2018-11-13 11:29:45,764 INFO  [org.jboss.resteasy.resteasy_jaxrs.i18n] (ServerService Thread Pool -- 57) RESTEASY002200: Adding class resource org.keycloak.services.resources.JsResource from Application class org.keycloak.services.resources.KeycloakApplication
2018-11-13 11:29:45,764 INFO  [org.jboss.resteasy.resteasy_jaxrs.i18n] (ServerService Thread Pool -- 57) RESTEASY002220: Adding singleton resource org.keycloak.services.resources.WelcomeResource from Application class org.keycloak.services.resources.KeycloakApplication
2018-11-13 11:29:45,765 INFO  [org.jboss.resteasy.resteasy_jaxrs.i18n] (ServerService Thread Pool -- 57) RESTEASY002220: Adding singleton resource org.keycloak.services.resources.RealmsResource from Application class org.keycloak.services.resources.KeycloakApplication
2018-11-13 11:29:45,765 INFO  [org.jboss.resteasy.resteasy_jaxrs.i18n] (ServerService Thread Pool -- 57) RESTEASY002220: Adding singleton resource org.keycloak.services.resources.admin.AdminRoot from Application class org.keycloak.services.resources.KeycloakApplication
2018-11-13 11:29:45,765 INFO  [org.jboss.resteasy.resteasy_jaxrs.i18n] (ServerService Thread Pool -- 57) RESTEASY002220: Adding singleton resource org.keycloak.services.resources.RobotsResource from Application class org.keycloak.services.resources.KeycloakApplication
2018-11-13 11:29:45,765 INFO  [org.jboss.resteasy.resteasy_jaxrs.i18n] (ServerService Thread Pool -- 57) RESTEASY002210: Adding provider singleton org.keycloak.services.util.ObjectMapperResolver from Application class org.keycloak.services.resources.KeycloakApplication
2018-11-13 11:29:45,844 INFO  [org.wildfly.extension.undertow] (ServerService Thread Pool -- 57) WFLYUT0021: Registered web context: '/auth' for server 'default-server'
2018-11-13 11:29:45,872 INFO  [org.jboss.as.server] (ServerService Thread Pool -- 27) WFLYSRV0010: Deployed "keycloak-server.war" (runtime-name : "keycloak-server.war")
2018-11-13 11:29:45,901 INFO  [org.jboss.as.server] (Controller Boot Thread) WFLYSRV0212: Resuming server
2018-11-13 11:29:45,905 INFO  [org.jboss.as] (Controller Boot Thread) WFLYSRV0025: Keycloak 4.5.0.Final (WildFly Core 5.0.0.Final) started in 15530ms - Started 609 of 889 services (619 services are lazy, passive or on-demand)
2018-11-13 11:30:50,200 INFO  [org.jboss.as.server] (Thread-2) WFLYSRV0236: Suspending server with no timeout.
2018-11-13 11:30:50,205 INFO  [org.jboss.as.ejb3] (Thread-2) WFLYEJB0493: EJB subsystem suspension complete
2018-11-13 11:30:50,210 INFO  [org.jboss.as.server] (Thread-2) WFLYSRV0220: Server shutdown has been requested via an OS signal
2018-11-13 11:30:50,251 INFO  [org.wildfly.extension.undertow] (MSC service thread 1-8) WFLYUT0008: Undertow HTTPS listener https suspending
2018-11-13 11:30:50,252 INFO  [org.jboss.as.connector.subsystems.datasources] (MSC service thread 1-5) WFLYJCA0010: Unbound data source [java:jboss/datasources/KeycloakDS]
2018-11-13 11:30:50,253 INFO  [org.infinispan.remoting.transport.jgroups.JGroupsTransport] (MSC service thread 1-1) ISPN000080: Disconnecting JGroups channel ejb
2018-11-13 11:30:50,281 INFO  [org.infinispan.remoting.transport.jgroups.JGroupsTransport] (MSC service thread 1-6) ISPN000080: Disconnecting JGroups channel ejb
2018-11-13 11:30:50,284 INFO  [org.infinispan.remoting.transport.jgroups.JGroupsTransport] (MSC service thread 1-7) ISPN000080: Disconnecting JGroups channel ejb
2018-11-13 11:30:50,292 INFO  [org.wildfly.extension.undertow] (ServerService Thread Pool -- 57) WFLYUT0022: Unregistered web context: '/auth' from server 'default-server'
2018-11-13 11:30:50,308 INFO  [org.wildfly.extension.undertow] (MSC service thread 1-8) WFLYUT0007: Undertow HTTPS listener https stopped, was bound to 127.0.0.1:8593
2018-11-13 11:30:50,329 INFO  [org.wildfly.extension.undertow] (MSC service thread 1-8) WFLYUT0008: Undertow AJP listener ajp suspending
2018-11-13 11:30:50,329 INFO  [org.jboss.modcluster] (ServerService Thread Pool -- 66) MODCLUSTER000002: Initiating mod_cluster shutdown
2018-11-13 11:30:50,331 INFO  [org.jboss.as.connector.subsystems.datasources] (MSC service thread 1-2) WFLYJCA0010: Unbound data source [java:jboss/datasources/ExampleDS]
2018-11-13 11:30:50,331 INFO  [org.wildfly.extension.undertow] (MSC service thread 1-8) WFLYUT0007: Undertow AJP listener ajp stopped, was bound to 127.0.0.1:8159
2018-11-13 11:30:50,331 INFO  [org.jboss.as.connector.deployers.jdbc] (MSC service thread 1-8) WFLYJCA0019: Stopped Driver service with driver-name = h2
2018-11-13 11:30:50,332 WARN  [org.jboss.modcluster] (ServerService Thread Pool -- 66) MODCLUSTER000033: Failed to interrupt socket reception.: java.io.IOException: Can't assign requested address (sendto failed)
	at java.net.PlainDatagramSocketImpl.send(Native Method)
	at java.net.DatagramSocket.send(DatagramSocket.java:693)
	at org.jboss.modcluster.advertise.impl.AdvertiseListenerImpl.interruptDatagramReader(AdvertiseListenerImpl.java:209)
	at org.jboss.modcluster.advertise.impl.AdvertiseListenerImpl.stop(AdvertiseListenerImpl.java:228)
	at org.jboss.modcluster.advertise.impl.AdvertiseListenerImpl.destroy(AdvertiseListenerImpl.java:244)
	at org.jboss.modcluster.ModClusterService.shutdown(ModClusterService.java:216)
	at org.wildfly.extension.mod_cluster.ContainerEventHandlerService.stop(ContainerEventHandlerService.java:69)
	at org.wildfly.clustering.service.AsynchronousServiceBuilder.lambda$stop$1(AsynchronousServiceBuilder.java:124)
	at org.jboss.threads.ContextClassLoaderSavingRunnable.run(ContextClassLoaderSavingRunnable.java:35)
	at org.jboss.threads.EnhancedQueueExecutor.safeRun(EnhancedQueueExecutor.java:1985)
	at org.jboss.threads.EnhancedQueueExecutor$ThreadBody.doRunTask(EnhancedQueueExecutor.java:1487)
	at org.jboss.threads.EnhancedQueueExecutor$ThreadBody.run(EnhancedQueueExecutor.java:1378)
	at java.lang.Thread.run(Thread.java:745)
	at org.jboss.threads.JBossThread.run(JBossThread.java:485)

2018-11-13 11:30:50,334 INFO  [org.wildfly.extension.undertow] (MSC service thread 1-1) WFLYUT0019: Host default-host stopping
2018-11-13 11:30:50,355 INFO  [org.jboss.as.clustering.infinispan] (ServerService Thread Pool -- 74) WFLYCLINF0003: Stopped users cache from keycloak container
2018-11-13 11:30:50,357 INFO  [org.jboss.as.clustering.infinispan] (ServerService Thread Pool -- 76) WFLYCLINF0003: Stopped authorization cache from keycloak container
2018-11-13 11:30:50,359 INFO  [org.jboss.as.clustering.infinispan] (ServerService Thread Pool -- 75) WFLYCLINF0003: Stopped keys cache from keycloak container
2018-11-13 11:30:50,362 INFO  [org.jboss.as.clustering.infinispan] (ServerService Thread Pool -- 57) WFLYCLINF0003: Stopped realms cache from keycloak container
2018-11-13 11:30:50,373 INFO  [org.wildfly.extension.undertow] (MSC service thread 1-2) WFLYUT0008: Undertow HTTP listener default suspending
2018-11-13 11:30:50,376 INFO  [org.wildfly.extension.undertow] (MSC service thread 1-2) WFLYUT0007: Undertow HTTP listener default stopped, was bound to 127.0.0.1:8230
2018-11-13 11:30:50,377 INFO  [org.wildfly.extension.undertow] (MSC service thread 1-3) WFLYUT0004: Undertow 2.0.9.Final stopping
2018-11-13 11:30:50,378 INFO  [org.jboss.as.server.deployment] (MSC service thread 1-4) WFLYSRV0028: Stopped deployment keycloak-server.war (runtime-name: keycloak-server.war) in 162ms
2018-11-13 11:30:50,385 INFO  [org.jboss.as.clustering.infinispan] (ServerService Thread Pool -- 72) WFLYCLINF0003: Stopped actionTokens cache from keycloak container
2018-11-13 11:30:50,385 INFO  [org.jboss.as.clustering.infinispan] (ServerService Thread Pool -- 68) WFLYCLINF0003: Stopped authenticationSessions cache from keycloak container
2018-11-13 11:30:50,386 INFO  [org.jboss.as.clustering.infinispan] (ServerService Thread Pool -- 67) WFLYCLINF0003: Stopped clientSessions cache from keycloak container
2018-11-13 11:30:50,386 INFO  [org.jboss.as.clustering.infinispan] (ServerService Thread Pool -- 71) WFLYCLINF0003: Stopped sessions cache from keycloak container
2018-11-13 11:30:50,388 INFO  [org.jboss.as.clustering.infinispan] (ServerService Thread Pool -- 69) WFLYCLINF0003: Stopped offlineSessions cache from keycloak container
2018-11-13 11:30:50,388 INFO  [org.jboss.as.clustering.infinispan] (ServerService Thread Pool -- 73) WFLYCLINF0003: Stopped loginFailures cache from keycloak container
2018-11-13 11:30:50,388 INFO  [org.jboss.as.clustering.infinispan] (ServerService Thread Pool -- 70) WFLYCLINF0003: Stopped offlineClientSessions cache from keycloak container
2018-11-13 11:30:50,389 INFO  [org.jboss.as.clustering.infinispan] (ServerService Thread Pool -- 65) WFLYCLINF0003: Stopped work cache from keycloak container
2018-11-13 11:30:50,390 INFO  [org.jboss.as.clustering.infinispan] (ServerService Thread Pool -- 2) WFLYCLINF0003: Stopped client-mappings cache from ejb container
2018-11-13 11:30:50,394 INFO  [org.jboss.as.clustering.infinispan] (MSC service thread 1-1) WFLYCLINF0003: Stopped authorizationRevisions cache from keycloak container
2018-11-13 11:30:50,396 INFO  [org.infinispan.remoting.transport.jgroups.JGroupsTransport] (MSC service thread 1-4) ISPN000080: Disconnecting JGroups channel ejb
2018-11-13 11:30:50,406 INFO  [org.jboss.as.clustering.infinispan] (MSC service thread 1-1) WFLYCLINF0003: Stopped realmRevisions cache from keycloak container
2018-11-13 11:30:50,411 INFO  [org.jboss.as.clustering.infinispan] (MSC service thread 1-1) WFLYCLINF0003: Stopped userRevisions cache from keycloak container
2018-11-13 11:30:50,412 INFO  [org.infinispan.remoting.transport.jgroups.JGroupsTransport] (MSC service thread 1-1) ISPN000080: Disconnecting JGroups channel ejb
2018-11-13 11:30:50,444 INFO  [org.jboss.as] (MSC service thread 1-6) WFLYSRV0050: Keycloak 4.5.0.Final (WildFly Core 5.0.0.Final) stopped in 227ms
2018-11-13 11:31:01,891 INFO  [org.jboss.modules] (main) JBoss Modules version 1.8.5.Final
2018-11-13 11:31:02,198 INFO  [org.jboss.msc] (main) JBoss MSC version 1.4.2.Final
2018-11-13 11:31:02,206 INFO  [org.jboss.threads] (main) JBoss Threads version 2.3.2.Final
2018-11-13 11:31:02,343 INFO  [org.jboss.as] (MSC service thread 1-2) WFLYSRV0049: Keycloak 4.5.0.Final (WildFly Core 5.0.0.Final) starting
2018-11-13 11:31:02,344 DEBUG [org.jboss.as.config] (MSC service thread 1-2) Configured system properties:
	[Server:server-one] = 
	[pcid:850622782] = 
	awt.toolkit = sun.lwawt.macosx.LWCToolkit
	file.encoding = UTF-8
	file.encoding.pkg = sun.io
	file.separator = /
	ftp.nonProxyHosts = local|*.local|169.254/16|*.169.254/16
	gopherProxySet = false
	http.nonProxyHosts = local|*.local|169.254/16|*.169.254/16
	java.awt.graphicsenv = sun.awt.CGraphicsEnvironment
	java.awt.headless = true
	java.awt.printerjob = sun.lwawt.macosx.CPrinterJob
	java.class.path = /Users/dariosarcevic/opt/keycloak-4.5.0.Final/jboss-modules.jar
	java.class.version = 52.0
	java.endorsed.dirs = /Library/Java/JavaVirtualMachines/jdk1.8.0_121.jdk/Contents/Home/jre/lib/endorsed
	java.ext.dirs = /Users/dariosarcevic/Library/Java/Extensions:/Library/Java/JavaVirtualMachines/jdk1.8.0_121.jdk/Contents/Home/jre/lib/ext:/Library/Java/Extensions:/Network/Library/Java/Extensions:/System/Library/Java/Extensions:/usr/lib/java
	java.home = /Library/Java/JavaVirtualMachines/jdk1.8.0_121.jdk/Contents/Home/jre
	java.io.tmpdir = /var/folders/7q/6n592llx45v38533ds9r46kr0000gn/T/
	java.library.path = /Users/dariosarcevic/Library/Java/Extensions:/Library/Java/Extensions:/Network/Library/Java/Extensions:/System/Library/Java/Extensions:/usr/lib/java:.
	java.net.preferIPv4Stack = true
	java.runtime.name = Java(TM) SE Runtime Environment
	java.runtime.version = 1.8.0_121-b13
	java.specification.name = Java Platform API Specification
	java.specification.vendor = Oracle Corporation
	java.specification.version = 1.8
	java.util.logging.manager = org.jboss.logmanager.LogManager
	java.vendor = Oracle Corporation
	java.vendor.url = http://java.oracle.com/
	java.vendor.url.bug = http://bugreport.sun.com/bugreport/
	java.version = 1.8.0_121
	java.vm.info = mixed mode
	java.vm.name = Java HotSpot(TM) 64-Bit Server VM
	java.vm.specification.name = Java Virtual Machine Specification
	java.vm.specification.vendor = Oracle Corporation
	java.vm.specification.version = 1.8
	java.vm.vendor = Oracle Corporation
	java.vm.version = 25.121-b13
	javax.management.builder.initial = org.jboss.as.jmx.PluggableMBeanServerBuilder
	jboss.domain.base.dir = /Users/dariosarcevic/opt/keycloak-4.5.0.Final/domain
	jboss.domain.config.dir = /Users/dariosarcevic/opt/keycloak-4.5.0.Final/domain/configuration
	jboss.home.dir = /Users/dariosarcevic/opt/keycloak-4.5.0.Final
	jboss.host.name = darios-macbook-pro
	jboss.modules.dir = /Users/dariosarcevic/opt/keycloak-4.5.0.Final/modules
	jboss.modules.system.pkgs = org.jboss.byteman
	jboss.node.name = master:server-one
	jboss.qualified.host.name = darios-macbook-pro.local
	jboss.server.base.dir = /Users/dariosarcevic/opt/keycloak-4.5.0.Final/domain/servers/server-one
	jboss.server.config.dir = /Users/dariosarcevic/opt/keycloak-4.5.0.Final/domain/servers/server-one/configuration
	jboss.server.data.dir = /Users/dariosarcevic/opt/keycloak-4.5.0.Final/domain/servers/server-one/data
	jboss.server.deploy.dir = /Users/dariosarcevic/opt/keycloak-4.5.0.Final/domain/servers/server-one/data/content
	jboss.server.log.dir = /Users/dariosarcevic/opt/keycloak-4.5.0.Final/domain/servers/server-one/log
	jboss.server.name = server-one
	jboss.server.persist.config = true
	jboss.server.temp.dir = /Users/dariosarcevic/opt/keycloak-4.5.0.Final/domain/servers/server-one/tmp
	line.separator = 

	logging.configuration = file:/Users/dariosarcevic/opt/keycloak-4.5.0.Final/domain/servers/server-one/data/logging.properties
	module.path = /Users/dariosarcevic/opt/keycloak-4.5.0.Final/modules
	org.jboss.resolver.warning = true
	os.arch = x86_64
	os.name = Mac OS X
	os.version = 10.14
	path.separator = :
	socksNonProxyHosts = local|*.local|169.254/16|*.169.254/16
	sun.arch.data.model = 64
	sun.boot.class.path = /Library/Java/JavaVirtualMachines/jdk1.8.0_121.jdk/Contents/Home/jre/lib/resources.jar:/Library/Java/JavaVirtualMachines/jdk1.8.0_121.jdk/Contents/Home/jre/lib/rt.jar:/Library/Java/JavaVirtualMachines/jdk1.8.0_121.jdk/Contents/Home/jre/lib/sunrsasign.jar:/Library/Java/JavaVirtualMachines/jdk1.8.0_121.jdk/Contents/Home/jre/lib/jsse.jar:/Library/Java/JavaVirtualMachines/jdk1.8.0_121.jdk/Contents/Home/jre/lib/jce.jar:/Library/Java/JavaVirtualMachines/jdk1.8.0_121.jdk/Contents/Home/jre/lib/charsets.jar:/Library/Java/JavaVirtualMachines/jdk1.8.0_121.jdk/Contents/Home/jre/lib/jfr.jar:/Library/Java/JavaVirtualMachines/jdk1.8.0_121.jdk/Contents/Home/jre/classes
	sun.boot.library.path = /Library/Java/JavaVirtualMachines/jdk1.8.0_121.jdk/Contents/Home/jre/lib
	sun.cpu.endian = little
	sun.cpu.isalist = 
	sun.io.unicode.encoding = UnicodeBig
	sun.java.command = /Users/dariosarcevic/opt/keycloak-4.5.0.Final/jboss-modules.jar -mp /Users/dariosarcevic/opt/keycloak-4.5.0.Final/modules org.jboss.as.server
	sun.java.launcher = SUN_STANDARD
	sun.jnu.encoding = UTF-8
	sun.management.compiler = HotSpot 64-Bit Tiered Compilers
	sun.os.patch.level = unknown
	user.country = US
	user.country.format = HR
	user.dir = /Users/dariosarcevic/opt/keycloak-4.5.0.Final
	user.home = /Users/dariosarcevic
	user.language = en
	user.name = dariosarcevic
	user.timezone = Europe/Zagreb
2018-11-13 11:31:02,346 DEBUG [org.jboss.as.config] (MSC service thread 1-2) VM Arguments: -D[Server:server-one] -D[pcid:850622782] -Xms64m -Xmx512m -XX:MetaspaceSize=96m -XX:MaxMetaspaceSize=256m -Djava.awt.headless=true -Djava.net.preferIPv4Stack=true -Djboss.home.dir=/Users/dariosarcevic/opt/keycloak-4.5.0.Final -Djboss.modules.system.pkgs=org.jboss.byteman -Djboss.server.log.dir=/Users/dariosarcevic/opt/keycloak-4.5.0.Final/domain/servers/server-one/log -Djboss.server.temp.dir=/Users/dariosarcevic/opt/keycloak-4.5.0.Final/domain/servers/server-one/tmp -Djboss.server.data.dir=/Users/dariosarcevic/opt/keycloak-4.5.0.Final/domain/servers/server-one/data -Dlogging.configuration=file:/Users/dariosarcevic/opt/keycloak-4.5.0.Final/domain/servers/server-one/data/logging.properties 
2018-11-13 11:31:02,426 INFO  [org.xnio] (MSC service thread 1-3) XNIO version 3.6.3.Final
2018-11-13 11:31:02,432 INFO  [org.xnio.nio] (MSC service thread 1-3) XNIO NIO Implementation Version 3.6.3.Final
2018-11-13 11:31:02,464 INFO  [org.jboss.remoting] (MSC service thread 1-1) JBoss Remoting version 5.0.7.Final
2018-11-13 11:31:02,762 INFO  [org.wildfly.security] (ServerService Thread Pool -- 2) ELY00001: WildFly Elytron version 1.3.3.Final
2018-11-13 11:31:03,455 INFO  [org.jboss.as.controller.management-deprecated] (ServerService Thread Pool -- 4) WFLYCTL0028: Attribute 'security-realm' in the resource at address '/subsystem=undertow/server=default-server/https-listener=https' is deprecated, and may be removed in a future version. See the attribute description in the output of the read-resource-description operation to learn more about the deprecation.
2018-11-13 11:31:03,617 WARN  [org.jboss.as.txn] (ServerService Thread Pool -- 29) WFLYTX0013: The node-identifier attribute on the /subsystem=transactions is set to the default value. This is a danger for environments running multiple servers. Please make sure the attribute value is unique.
2018-11-13 11:31:03,624 INFO  [org.jboss.as.naming] (ServerService Thread Pool -- 35) WFLYNAM0001: Activating Naming Subsystem
2018-11-13 11:31:03,624 INFO  [org.jboss.as.clustering.jgroups] (ServerService Thread Pool -- 40) WFLYCLJG0001: Activating JGroups subsystem. JGroups version 4.0.11
2018-11-13 11:31:03,624 INFO  [org.jboss.as.security] (ServerService Thread Pool -- 31) WFLYSEC0002: Activating Security Subsystem
2018-11-13 11:31:03,630 INFO  [org.jboss.as.security] (MSC service thread 1-7) WFLYSEC0001: Current PicketBox version=5.0.2.Final
2018-11-13 11:31:03,633 INFO  [org.jboss.as.clustering.infinispan] (ServerService Thread Pool -- 43) WFLYCLINF0001: Activating Infinispan subsystem.
2018-11-13 11:31:03,641 INFO  [org.jboss.as.jaxrs] (ServerService Thread Pool -- 42) WFLYRS0016: RESTEasy version 3.5.1.Final
2018-11-13 11:31:03,642 INFO  [org.wildfly.extension.io] (ServerService Thread Pool -- 44) WFLYIO001: Worker 'default' has auto-configured to 16 core threads with 128 task threads based on your 8 available processors
2018-11-13 11:31:03,655 INFO  [org.jboss.as.ee] (ServerService Thread Pool -- 46) WFLYEE0119: The system property 'ee8.preview.mode' is NOT set to 'true'. For provided EE 8 APIs where the EE 8 version of the API differs from what is supported in EE 7, the EE 7 variant of the API will be used. Support for this setting will be removed once all EE 8 APIs are provided and certified.
2018-11-13 11:31:03,655 INFO  [org.wildfly.extension.undertow] (MSC service thread 1-2) WFLYUT0003: Undertow 2.0.9.Final starting
2018-11-13 11:31:03,656 INFO  [org.wildfly.extension.undertow] (ServerService Thread Pool -- 28) WFLYUT0014: Creating file handler for path '/Users/dariosarcevic/opt/keycloak-4.5.0.Final/welcome-content' with options [directory-listing: 'false', follow-symlink: 'false', case-sensitive: 'true', safe-symlink-paths: '[]']
2018-11-13 11:31:03,659 INFO  [org.jboss.as.connector] (MSC service thread 1-4) WFLYJCA0009: Starting JCA Subsystem (WildFly/IronJacamar 1.4.9.Final)
2018-11-13 11:31:03,676 INFO  [org.jboss.as.naming] (MSC service thread 1-3) WFLYNAM0003: Starting Naming Service
2018-11-13 11:31:03,677 INFO  [org.jboss.as.mail.extension] (MSC service thread 1-3) WFLYMAIL0001: Bound mail session [java:jboss/mail/Default]
2018-11-13 11:31:03,681 INFO  [org.jboss.as.connector.subsystems.datasources] (ServerService Thread Pool -- 47) WFLYJCA0004: Deploying JDBC-compliant driver class org.h2.Driver (version 1.4)
2018-11-13 11:31:03,685 INFO  [org.jboss.as.connector.deployers.jdbc] (MSC service thread 1-4) WFLYJCA0018: Started Driver service with driver-name = h2
2018-11-13 11:31:03,784 INFO  [org.wildfly.extension.undertow] (MSC service thread 1-1) WFLYUT0012: Started server default-server.
2018-11-13 11:31:03,787 INFO  [org.jboss.as.ejb3] (MSC service thread 1-4) WFLYEJB0482: Strict pool mdb-strict-max-pool is using a max instance size of 32 (per class), which is derived from the number of CPUs on this host.
2018-11-13 11:31:03,787 INFO  [org.jboss.as.ejb3] (MSC service thread 1-8) WFLYEJB0481: Strict pool slsb-strict-max-pool is using a max instance size of 128 (per class), which is derived from thread worker pool sizing.
2018-11-13 11:31:03,789 INFO  [org.wildfly.extension.undertow] (MSC service thread 1-5) WFLYUT0018: Host default-host starting
2018-11-13 11:31:03,818 INFO  [org.wildfly.extension.undertow] (MSC service thread 1-7) WFLYUT0006: Undertow HTTP listener default listening on 127.0.0.1:8230
2018-11-13 11:31:03,818 INFO  [org.wildfly.extension.undertow] (MSC service thread 1-1) WFLYUT0006: Undertow AJP listener ajp listening on 127.0.0.1:8159
2018-11-13 11:31:03,824 INFO  [org.jboss.modcluster] (ServerService Thread Pool -- 50) MODCLUSTER000001: Initializing mod_cluster version 1.3.9.Final
2018-11-13 11:31:03,832 INFO  [org.jboss.modcluster] (ServerService Thread Pool -- 50) MODCLUSTER000032: Listening to proxy advertisements on /224.0.1.105:23364
2018-11-13 11:31:03,905 INFO  [org.jboss.as.ejb3] (MSC service thread 1-4) WFLYEJB0493: EJB subsystem suspension complete
2018-11-13 11:31:04,099 INFO  [org.jboss.as.patching] (MSC service thread 1-8) WFLYPAT0050: Keycloak cumulative patch ID is: base, one-off patches include: none
2018-11-13 11:31:04,107 INFO  [org.jboss.as.connector.subsystems.datasources] (MSC service thread 1-1) WFLYJCA0001: Bound data source [java:jboss/datasources/KeycloakDS]
2018-11-13 11:31:04,107 INFO  [org.jboss.as.connector.subsystems.datasources] (MSC service thread 1-1) WFLYJCA0001: Bound data source [java:jboss/datasources/ExampleDS]
2018-11-13 11:31:04,110 WARN  [org.jboss.as.domain.management.security] (MSC service thread 1-6) WFLYDM0111: Keystore /Users/dariosarcevic/opt/keycloak-4.5.0.Final/domain/configuration/application.keystore not found, it will be auto generated on first use with a self signed certificate for host localhost
2018-11-13 11:31:04,118 INFO  [org.jboss.as.server.deployment] (MSC service thread 1-1) WFLYSRV0027: Starting deployment of "keycloak-server.war" (runtime-name: "keycloak-server.war")
2018-11-13 11:31:04,137 INFO  [org.wildfly.extension.undertow] (MSC service thread 1-7) WFLYUT0006: Undertow HTTPS listener https listening on 127.0.0.1:8593
2018-11-13 11:31:04,576 WARN  [org.jgroups.protocols.UDP] (ServerService Thread Pool -- 50) JGRP000015: the receive buffer of socket MulticastSocket was set to 20.00MB, but the OS only allocated 6.71MB. This might lead to performance problems. Please set your max receive buffer in the OS correctly (e.g. net.core.rmem_max on Linux)
2018-11-13 11:31:04,576 WARN  [org.jgroups.protocols.UDP] (ServerService Thread Pool -- 50) JGRP000015: the receive buffer of socket MulticastSocket was set to 25.00MB, but the OS only allocated 6.71MB. This might lead to performance problems. Please set your max receive buffer in the OS correctly (e.g. net.core.rmem_max on Linux)
2018-11-13 11:31:07,997 INFO  [org.infinispan.remoting.transport.jgroups.JGroupsTransport] (MSC service thread 1-6) ISPN000078: Starting JGroups channel ejb
2018-11-13 11:31:07,996 INFO  [org.infinispan.remoting.transport.jgroups.JGroupsTransport] (MSC service thread 1-4) ISPN000078: Starting JGroups channel ejb
2018-11-13 11:31:07,997 INFO  [org.infinispan.remoting.transport.jgroups.JGroupsTransport] (MSC service thread 1-2) ISPN000078: Starting JGroups channel ejb
2018-11-13 11:31:07,996 INFO  [org.infinispan.remoting.transport.jgroups.JGroupsTransport] (MSC service thread 1-5) ISPN000078: Starting JGroups channel ejb
2018-11-13 11:31:07,997 INFO  [org.infinispan.remoting.transport.jgroups.JGroupsTransport] (MSC service thread 1-3) ISPN000078: Starting JGroups channel ejb
2018-11-13 11:31:08,004 INFO  [org.infinispan.CLUSTER] (MSC service thread 1-2) ISPN000094: Received new cluster view for channel ejb: [master:server-one|0] (1) [master:server-one]
2018-11-13 11:31:08,004 INFO  [org.infinispan.CLUSTER] (MSC service thread 1-4) ISPN000094: Received new cluster view for channel ejb: [master:server-one|0] (1) [master:server-one]
2018-11-13 11:31:08,004 INFO  [org.infinispan.CLUSTER] (MSC service thread 1-6) ISPN000094: Received new cluster view for channel ejb: [master:server-one|0] (1) [master:server-one]
2018-11-13 11:31:08,004 INFO  [org.infinispan.CLUSTER] (MSC service thread 1-3) ISPN000094: Received new cluster view for channel ejb: [master:server-one|0] (1) [master:server-one]
2018-11-13 11:31:08,004 INFO  [org.infinispan.CLUSTER] (MSC service thread 1-5) ISPN000094: Received new cluster view for channel ejb: [master:server-one|0] (1) [master:server-one]
2018-11-13 11:31:08,009 INFO  [org.infinispan.remoting.transport.jgroups.JGroupsTransport] (MSC service thread 1-5) ISPN000079: Channel ejb local address is master:server-one, physical addresses are [127.0.0.1:55350]
2018-11-13 11:31:08,009 INFO  [org.infinispan.remoting.transport.jgroups.JGroupsTransport] (MSC service thread 1-3) ISPN000079: Channel ejb local address is master:server-one, physical addresses are [127.0.0.1:55350]
2018-11-13 11:31:08,010 INFO  [org.infinispan.remoting.transport.jgroups.JGroupsTransport] (MSC service thread 1-2) ISPN000079: Channel ejb local address is master:server-one, physical addresses are [127.0.0.1:55350]
2018-11-13 11:31:08,010 INFO  [org.infinispan.remoting.transport.jgroups.JGroupsTransport] (MSC service thread 1-6) ISPN000079: Channel ejb local address is master:server-one, physical addresses are [127.0.0.1:55350]
2018-11-13 11:31:08,010 INFO  [org.infinispan.remoting.transport.jgroups.JGroupsTransport] (MSC service thread 1-4) ISPN000079: Channel ejb local address is master:server-one, physical addresses are [127.0.0.1:55350]
2018-11-13 11:31:08,014 INFO  [org.infinispan.factories.GlobalComponentRegistry] (MSC service thread 1-2) ISPN000128: Infinispan version: Infinispan 'Gaina' 9.2.4.Final
2018-11-13 11:31:08,246 INFO  [org.jboss.as.clustering.infinispan] (ServerService Thread Pool -- 50) WFLYCLINF0002: Started authorization cache from keycloak container
2018-11-13 11:31:08,245 INFO  [org.jboss.as.clustering.infinispan] (ServerService Thread Pool -- 60) WFLYCLINF0002: Started users cache from keycloak container
2018-11-13 11:31:08,246 INFO  [org.jboss.as.clustering.infinispan] (ServerService Thread Pool -- 59) WFLYCLINF0002: Started keys cache from keycloak container
2018-11-13 11:31:08,248 INFO  [org.jboss.as.clustering.infinispan] (ServerService Thread Pool -- 54) WFLYCLINF0002: Started realms cache from keycloak container
2018-11-13 11:31:08,314 INFO  [org.jboss.as.clustering.infinispan] (ServerService Thread Pool -- 61) WFLYCLINF0002: Started work cache from keycloak container
2018-11-13 11:31:08,314 INFO  [org.jboss.as.clustering.infinispan] (ServerService Thread Pool -- 57) WFLYCLINF0002: Started sessions cache from keycloak container
2018-11-13 11:31:08,314 INFO  [org.jboss.as.clustering.infinispan] (ServerService Thread Pool -- 51) WFLYCLINF0002: Started offlineSessions cache from keycloak container
2018-11-13 11:31:08,314 INFO  [org.jboss.as.clustering.infinispan] (ServerService Thread Pool -- 58) WFLYCLINF0002: Started offlineClientSessions cache from keycloak container
2018-11-13 11:31:08,315 INFO  [org.jboss.as.clustering.infinispan] (ServerService Thread Pool -- 52) WFLYCLINF0002: Started clientSessions cache from keycloak container
2018-11-13 11:31:08,315 INFO  [org.jboss.as.clustering.infinispan] (ServerService Thread Pool -- 53) WFLYCLINF0002: Started loginFailures cache from keycloak container
2018-11-13 11:31:08,314 INFO  [org.jboss.as.clustering.infinispan] (ServerService Thread Pool -- 55) WFLYCLINF0002: Started authenticationSessions cache from keycloak container
2018-11-13 11:31:08,315 INFO  [org.jboss.as.clustering.infinispan] (ServerService Thread Pool -- 56) WFLYCLINF0002: Started actionTokens cache from keycloak container
2018-11-13 11:31:08,316 INFO  [org.jboss.as.clustering.infinispan] (ServerService Thread Pool -- 62) WFLYCLINF0002: Started client-mappings cache from ejb container
2018-11-13 11:31:09,010 INFO  [org.keycloak.services] (ServerService Thread Pool -- 53) KC-SERVICES0001: Loading config from standalone.xml or domain.xml
2018-11-13 11:31:09,351 INFO  [org.jboss.as.clustering.infinispan] (ServerService Thread Pool -- 53) WFLYCLINF0002: Started realmRevisions cache from keycloak container
2018-11-13 11:31:09,355 INFO  [org.jboss.as.clustering.infinispan] (ServerService Thread Pool -- 53) WFLYCLINF0002: Started userRevisions cache from keycloak container
2018-11-13 11:31:09,365 INFO  [org.jboss.as.clustering.infinispan] (ServerService Thread Pool -- 53) WFLYCLINF0002: Started authorizationRevisions cache from keycloak container
2018-11-13 11:31:09,366 INFO  [org.keycloak.connections.infinispan.DefaultInfinispanConnectionProviderFactory] (ServerService Thread Pool -- 53) Node name: master:server-one, Site name: null
2018-11-13 11:31:11,403 INFO  [org.hibernate.jpa.internal.util.LogHelper] (ServerService Thread Pool -- 53) HHH000204: Processing PersistenceUnitInfo [
	name: keycloak-default
	...]
2018-11-13 11:31:11,451 INFO  [org.hibernate.Version] (ServerService Thread Pool -- 53) HHH000412: Hibernate Core {5.1.14.Final}
2018-11-13 11:31:11,452 INFO  [org.hibernate.cfg.Environment] (ServerService Thread Pool -- 53) HHH000206: hibernate.properties not found
2018-11-13 11:31:11,454 INFO  [org.hibernate.cfg.Environment] (ServerService Thread Pool -- 53) HHH000021: Bytecode provider name : javassist
2018-11-13 11:31:11,482 INFO  [org.hibernate.annotations.common.Version] (ServerService Thread Pool -- 53) HCANN000001: Hibernate Commons Annotations {5.0.2.Final}
2018-11-13 11:31:11,605 INFO  [org.hibernate.dialect.Dialect] (ServerService Thread Pool -- 53) HHH000400: Using dialect: org.hibernate.dialect.H2Dialect
2018-11-13 11:31:11,611 WARN  [org.hibernate.dialect.H2Dialect] (ServerService Thread Pool -- 53) HHH000431: Unable to determine H2 database version, certain features may not work
2018-11-13 11:31:11,643 INFO  [org.hibernate.envers.boot.internal.EnversServiceImpl] (ServerService Thread Pool -- 53) Envers integration enabled? : true
2018-11-13 11:31:12,101 INFO  [org.hibernate.validator.internal.util.Version] (ServerService Thread Pool -- 53) HV000001: Hibernate Validator 5.3.6.Final
2018-11-13 11:31:12,743 INFO  [org.hibernate.hql.internal.QueryTranslatorFactoryInitiator] (ServerService Thread Pool -- 53) HHH000397: Using ASTQueryTranslatorFactory
2018-11-13 11:31:13,745 INFO  [org.jboss.resteasy.resteasy_jaxrs.i18n] (ServerService Thread Pool -- 53) RESTEASY002225: Deploying javax.ws.rs.core.Application: class org.keycloak.services.resources.KeycloakApplication
2018-11-13 11:31:13,747 INFO  [org.jboss.resteasy.resteasy_jaxrs.i18n] (ServerService Thread Pool -- 53) RESTEASY002200: Adding class resource org.keycloak.services.resources.JsResource from Application class org.keycloak.services.resources.KeycloakApplication
2018-11-13 11:31:13,747 INFO  [org.jboss.resteasy.resteasy_jaxrs.i18n] (ServerService Thread Pool -- 53) RESTEASY002200: Adding class resource org.keycloak.services.resources.ThemeResource from Application class org.keycloak.services.resources.KeycloakApplication
2018-11-13 11:31:13,747 INFO  [org.jboss.resteasy.resteasy_jaxrs.i18n] (ServerService Thread Pool -- 53) RESTEASY002205: Adding provider class org.keycloak.services.filters.KeycloakTransactionCommitter from Application class org.keycloak.services.resources.KeycloakApplication
2018-11-13 11:31:13,747 INFO  [org.jboss.resteasy.resteasy_jaxrs.i18n] (ServerService Thread Pool -- 53) RESTEASY002205: Adding provider class org.keycloak.services.error.KeycloakErrorHandler from Application class org.keycloak.services.resources.KeycloakApplication
2018-11-13 11:31:13,747 INFO  [org.jboss.resteasy.resteasy_jaxrs.i18n] (ServerService Thread Pool -- 53) RESTEASY002220: Adding singleton resource org.keycloak.services.resources.admin.AdminRoot from Application class org.keycloak.services.resources.KeycloakApplication
2018-11-13 11:31:13,748 INFO  [org.jboss.resteasy.resteasy_jaxrs.i18n] (ServerService Thread Pool -- 53) RESTEASY002220: Adding singleton resource org.keycloak.services.resources.WelcomeResource from Application class org.keycloak.services.resources.KeycloakApplication
2018-11-13 11:31:13,748 INFO  [org.jboss.resteasy.resteasy_jaxrs.i18n] (ServerService Thread Pool -- 53) RESTEASY002220: Adding singleton resource org.keycloak.services.resources.RealmsResource from Application class org.keycloak.services.resources.KeycloakApplication
2018-11-13 11:31:13,748 INFO  [org.jboss.resteasy.resteasy_jaxrs.i18n] (ServerService Thread Pool -- 53) RESTEASY002210: Adding provider singleton org.keycloak.services.util.ObjectMapperResolver from Application class org.keycloak.services.resources.KeycloakApplication
2018-11-13 11:31:13,748 INFO  [org.jboss.resteasy.resteasy_jaxrs.i18n] (ServerService Thread Pool -- 53) RESTEASY002220: Adding singleton resource org.keycloak.services.resources.RobotsResource from Application class org.keycloak.services.resources.KeycloakApplication
2018-11-13 11:31:13,817 INFO  [org.wildfly.extension.undertow] (ServerService Thread Pool -- 53) WFLYUT0021: Registered web context: '/auth' for server 'default-server'
2018-11-13 11:31:13,842 INFO  [org.jboss.as.server] (ServerService Thread Pool -- 27) WFLYSRV0010: Deployed "keycloak-server.war" (runtime-name : "keycloak-server.war")
2018-11-13 11:31:13,875 INFO  [org.jboss.as.server] (Controller Boot Thread) WFLYSRV0212: Resuming server
2018-11-13 11:31:13,879 INFO  [org.jboss.as] (Controller Boot Thread) WFLYSRV0025: Keycloak 4.5.0.Final (WildFly Core 5.0.0.Final) started in 12544ms - Started 609 of 889 services (619 services are lazy, passive or on-demand)
2018-11-13 11:31:25,098 INFO  [org.jboss.as.server] (Thread-2) WFLYSRV0236: Suspending server with no timeout.
2018-11-13 11:31:25,104 INFO  [org.jboss.as.ejb3] (Thread-2) WFLYEJB0493: EJB subsystem suspension complete
2018-11-13 11:31:25,108 INFO  [org.jboss.as.server] (Thread-2) WFLYSRV0220: Server shutdown has been requested via an OS signal
2018-11-13 11:31:25,142 INFO  [org.infinispan.remoting.transport.jgroups.JGroupsTransport] (MSC service thread 1-7) ISPN000080: Disconnecting JGroups channel ejb
2018-11-13 11:31:25,142 INFO  [org.jboss.as.connector.subsystems.datasources] (MSC service thread 1-1) WFLYJCA0010: Unbound data source [java:jboss/datasources/KeycloakDS]
2018-11-13 11:31:25,143 INFO  [org.wildfly.extension.undertow] (MSC service thread 1-1) WFLYUT0008: Undertow HTTPS listener https suspending
2018-11-13 11:31:25,144 INFO  [org.wildfly.extension.undertow] (ServerService Thread Pool -- 53) WFLYUT0022: Unregistered web context: '/auth' from server 'default-server'
2018-11-13 11:31:25,146 INFO  [org.infinispan.remoting.transport.jgroups.JGroupsTransport] (MSC service thread 1-5) ISPN000080: Disconnecting JGroups channel ejb
2018-11-13 11:31:25,148 INFO  [org.infinispan.remoting.transport.jgroups.JGroupsTransport] (MSC service thread 1-8) ISPN000080: Disconnecting JGroups channel ejb
2018-11-13 11:31:25,151 INFO  [org.wildfly.extension.undertow] (MSC service thread 1-1) WFLYUT0007: Undertow HTTPS listener https stopped, was bound to 127.0.0.1:8593
2018-11-13 11:31:25,164 INFO  [org.jboss.as.connector.subsystems.datasources] (MSC service thread 1-6) WFLYJCA0010: Unbound data source [java:jboss/datasources/ExampleDS]
2018-11-13 11:31:25,164 INFO  [org.jboss.modcluster] (ServerService Thread Pool -- 12) MODCLUSTER000002: Initiating mod_cluster shutdown
2018-11-13 11:31:25,165 INFO  [org.wildfly.extension.undertow] (MSC service thread 1-1) WFLYUT0008: Undertow AJP listener ajp suspending
2018-11-13 11:31:25,165 INFO  [org.jboss.as.connector.deployers.jdbc] (MSC service thread 1-6) WFLYJCA0019: Stopped Driver service with driver-name = h2
2018-11-13 11:31:25,166 INFO  [org.wildfly.extension.undertow] (MSC service thread 1-1) WFLYUT0007: Undertow AJP listener ajp stopped, was bound to 127.0.0.1:8159
2018-11-13 11:31:25,165 WARN  [org.jboss.modcluster] (ServerService Thread Pool -- 12) MODCLUSTER000033: Failed to interrupt socket reception.: java.io.IOException: Can't assign requested address (sendto failed)
	at java.net.PlainDatagramSocketImpl.send(Native Method)
	at java.net.DatagramSocket.send(DatagramSocket.java:693)
	at org.jboss.modcluster.advertise.impl.AdvertiseListenerImpl.interruptDatagramReader(AdvertiseListenerImpl.java:209)
	at org.jboss.modcluster.advertise.impl.AdvertiseListenerImpl.stop(AdvertiseListenerImpl.java:228)
	at org.jboss.modcluster.advertise.impl.AdvertiseListenerImpl.destroy(AdvertiseListenerImpl.java:244)
	at org.jboss.modcluster.ModClusterService.shutdown(ModClusterService.java:216)
	at org.wildfly.extension.mod_cluster.ContainerEventHandlerService.stop(ContainerEventHandlerService.java:69)
	at org.wildfly.clustering.service.AsynchronousServiceBuilder.lambda$stop$1(AsynchronousServiceBuilder.java:124)
	at org.jboss.threads.ContextClassLoaderSavingRunnable.run(ContextClassLoaderSavingRunnable.java:35)
	at org.jboss.threads.EnhancedQueueExecutor.safeRun(EnhancedQueueExecutor.java:1985)
	at org.jboss.threads.EnhancedQueueExecutor$ThreadBody.doRunTask(EnhancedQueueExecutor.java:1487)
	at org.jboss.threads.EnhancedQueueExecutor$ThreadBody.run(EnhancedQueueExecutor.java:1378)
	at java.lang.Thread.run(Thread.java:745)
	at org.jboss.threads.JBossThread.run(JBossThread.java:485)

2018-11-13 11:31:25,167 INFO  [org.wildfly.extension.undertow] (MSC service thread 1-4) WFLYUT0019: Host default-host stopping
2018-11-13 11:31:25,175 INFO  [org.jboss.as.clustering.infinispan] (ServerService Thread Pool -- 53) WFLYCLINF0003: Stopped users cache from keycloak container
2018-11-13 11:31:25,175 INFO  [org.jboss.as.clustering.infinispan] (ServerService Thread Pool -- 21) WFLYCLINF0003: Stopped authorization cache from keycloak container
2018-11-13 11:31:25,177 INFO  [org.jboss.as.clustering.infinispan] (ServerService Thread Pool -- 26) WFLYCLINF0003: Stopped keys cache from keycloak container
2018-11-13 11:31:25,180 INFO  [org.jboss.as.clustering.infinispan] (ServerService Thread Pool -- 14) WFLYCLINF0003: Stopped realms cache from keycloak container
2018-11-13 11:31:25,189 INFO  [org.jboss.as.clustering.infinispan] (ServerService Thread Pool -- 11) WFLYCLINF0003: Stopped actionTokens cache from keycloak container
2018-11-13 11:31:25,189 INFO  [org.jboss.as.clustering.infinispan] (ServerService Thread Pool -- 6) WFLYCLINF0003: Stopped sessions cache from keycloak container
2018-11-13 11:31:25,189 INFO  [org.jboss.as.clustering.infinispan] (ServerService Thread Pool -- 24) WFLYCLINF0003: Stopped loginFailures cache from keycloak container
2018-11-13 11:31:25,189 INFO  [org.jboss.as.clustering.infinispan] (ServerService Thread Pool -- 25) WFLYCLINF0003: Stopped work cache from keycloak container
2018-11-13 11:31:25,189 INFO  [org.jboss.as.clustering.infinispan] (ServerService Thread Pool -- 5) WFLYCLINF0003: Stopped clientSessions cache from keycloak container
2018-11-13 11:31:25,190 INFO  [org.jboss.as.clustering.infinispan] (ServerService Thread Pool -- 12) WFLYCLINF0003: Stopped offlineSessions cache from keycloak container
2018-11-13 11:31:25,190 INFO  [org.jboss.as.clustering.infinispan] (ServerService Thread Pool -- 20) WFLYCLINF0003: Stopped offlineClientSessions cache from keycloak container
2018-11-13 11:31:25,192 INFO  [org.jboss.as.clustering.infinispan] (ServerService Thread Pool -- 2) WFLYCLINF0003: Stopped authenticationSessions cache from keycloak container
2018-11-13 11:31:25,194 INFO  [org.wildfly.extension.undertow] (MSC service thread 1-1) WFLYUT0008: Undertow HTTP listener default suspending
2018-11-13 11:31:25,195 INFO  [org.wildfly.extension.undertow] (MSC service thread 1-1) WFLYUT0007: Undertow HTTP listener default stopped, was bound to 127.0.0.1:8230
2018-11-13 11:31:25,197 INFO  [org.wildfly.extension.undertow] (MSC service thread 1-2) WFLYUT0004: Undertow 2.0.9.Final stopping
2018-11-13 11:31:25,199 INFO  [org.jboss.as.server.deployment] (MSC service thread 1-3) WFLYSRV0028: Stopped deployment keycloak-server.war (runtime-name: keycloak-server.war) in 85ms
2018-11-13 11:31:25,200 INFO  [org.jboss.as.clustering.infinispan] (MSC service thread 1-1) WFLYCLINF0003: Stopped authorizationRevisions cache from keycloak container
2018-11-13 11:31:25,202 INFO  [org.jboss.as.clustering.infinispan] (ServerService Thread Pool -- 5) WFLYCLINF0003: Stopped client-mappings cache from ejb container
2018-11-13 11:31:25,204 INFO  [org.jboss.as.clustering.infinispan] (MSC service thread 1-1) WFLYCLINF0003: Stopped realmRevisions cache from keycloak container
2018-11-13 11:31:25,208 INFO  [org.infinispan.remoting.transport.jgroups.JGroupsTransport] (MSC service thread 1-6) ISPN000080: Disconnecting JGroups channel ejb
2018-11-13 11:31:25,213 INFO  [org.jboss.as.clustering.infinispan] (MSC service thread 1-1) WFLYCLINF0003: Stopped userRevisions cache from keycloak container
2018-11-13 11:31:25,214 INFO  [org.infinispan.remoting.transport.jgroups.JGroupsTransport] (MSC service thread 1-1) ISPN000080: Disconnecting JGroups channel ejb
2018-11-13 11:31:25,237 INFO  [org.jboss.as] (MSC service thread 1-7) WFLYSRV0050: Keycloak 4.5.0.Final (WildFly Core 5.0.0.Final) stopped in 123ms
2018-11-13 11:31:44,341 INFO  [org.jboss.modules] (main) JBoss Modules version 1.8.5.Final
2018-11-13 11:31:44,651 INFO  [org.jboss.msc] (main) JBoss MSC version 1.4.2.Final
2018-11-13 11:31:44,660 INFO  [org.jboss.threads] (main) JBoss Threads version 2.3.2.Final
2018-11-13 11:31:44,802 INFO  [org.jboss.as] (MSC service thread 1-2) WFLYSRV0049: Keycloak 4.5.0.Final (WildFly Core 5.0.0.Final) starting
2018-11-13 11:31:44,803 DEBUG [org.jboss.as.config] (MSC service thread 1-2) Configured system properties:
	[Server:server-one] = 
	[pcid:604212705] = 
	awt.toolkit = sun.lwawt.macosx.LWCToolkit
	file.encoding = UTF-8
	file.encoding.pkg = sun.io
	file.separator = /
	ftp.nonProxyHosts = local|*.local|169.254/16|*.169.254/16
	gopherProxySet = false
	http.nonProxyHosts = local|*.local|169.254/16|*.169.254/16
	java.awt.graphicsenv = sun.awt.CGraphicsEnvironment
	java.awt.headless = true
	java.awt.printerjob = sun.lwawt.macosx.CPrinterJob
	java.class.path = /Users/dariosarcevic/opt/keycloak-4.5.0.Final/jboss-modules.jar
	java.class.version = 52.0
	java.endorsed.dirs = /Library/Java/JavaVirtualMachines/jdk1.8.0_121.jdk/Contents/Home/jre/lib/endorsed
	java.ext.dirs = /Users/dariosarcevic/Library/Java/Extensions:/Library/Java/JavaVirtualMachines/jdk1.8.0_121.jdk/Contents/Home/jre/lib/ext:/Library/Java/Extensions:/Network/Library/Java/Extensions:/System/Library/Java/Extensions:/usr/lib/java
	java.home = /Library/Java/JavaVirtualMachines/jdk1.8.0_121.jdk/Contents/Home/jre
	java.io.tmpdir = /var/folders/7q/6n592llx45v38533ds9r46kr0000gn/T/
	java.library.path = /Users/dariosarcevic/Library/Java/Extensions:/Library/Java/Extensions:/Network/Library/Java/Extensions:/System/Library/Java/Extensions:/usr/lib/java:.
	java.net.preferIPv4Stack = true
	java.runtime.name = Java(TM) SE Runtime Environment
	java.runtime.version = 1.8.0_121-b13
	java.specification.name = Java Platform API Specification
	java.specification.vendor = Oracle Corporation
	java.specification.version = 1.8
	java.util.logging.manager = org.jboss.logmanager.LogManager
	java.vendor = Oracle Corporation
	java.vendor.url = http://java.oracle.com/
	java.vendor.url.bug = http://bugreport.sun.com/bugreport/
	java.version = 1.8.0_121
	java.vm.info = mixed mode
	java.vm.name = Java HotSpot(TM) 64-Bit Server VM
	java.vm.specification.name = Java Virtual Machine Specification
	java.vm.specification.vendor = Oracle Corporation
	java.vm.specification.version = 1.8
	java.vm.vendor = Oracle Corporation
	java.vm.version = 25.121-b13
	javax.management.builder.initial = org.jboss.as.jmx.PluggableMBeanServerBuilder
	jboss.domain.base.dir = /Users/dariosarcevic/opt/keycloak-4.5.0.Final/domain
	jboss.domain.config.dir = /Users/dariosarcevic/opt/keycloak-4.5.0.Final/domain/configuration
	jboss.home.dir = /Users/dariosarcevic/opt/keycloak-4.5.0.Final
	jboss.host.name = darios-macbook-pro
	jboss.modules.dir = /Users/dariosarcevic/opt/keycloak-4.5.0.Final/modules
	jboss.modules.system.pkgs = org.jboss.byteman
	jboss.node.name = master:server-one
	jboss.qualified.host.name = darios-macbook-pro.local
	jboss.server.base.dir = /Users/dariosarcevic/opt/keycloak-4.5.0.Final/domain/servers/server-one
	jboss.server.config.dir = /Users/dariosarcevic/opt/keycloak-4.5.0.Final/domain/servers/server-one/configuration
	jboss.server.data.dir = /Users/dariosarcevic/opt/keycloak-4.5.0.Final/domain/servers/server-one/data
	jboss.server.deploy.dir = /Users/dariosarcevic/opt/keycloak-4.5.0.Final/domain/servers/server-one/data/content
	jboss.server.log.dir = /Users/dariosarcevic/opt/keycloak-4.5.0.Final/domain/servers/server-one/log
	jboss.server.name = server-one
	jboss.server.persist.config = true
	jboss.server.temp.dir = /Users/dariosarcevic/opt/keycloak-4.5.0.Final/domain/servers/server-one/tmp
	line.separator = 

	logging.configuration = file:/Users/dariosarcevic/opt/keycloak-4.5.0.Final/domain/servers/server-one/data/logging.properties
	module.path = /Users/dariosarcevic/opt/keycloak-4.5.0.Final/modules
	org.jboss.resolver.warning = true
	os.arch = x86_64
	os.name = Mac OS X
	os.version = 10.14
	path.separator = :
	socksNonProxyHosts = local|*.local|169.254/16|*.169.254/16
	sun.arch.data.model = 64
	sun.boot.class.path = /Library/Java/JavaVirtualMachines/jdk1.8.0_121.jdk/Contents/Home/jre/lib/resources.jar:/Library/Java/JavaVirtualMachines/jdk1.8.0_121.jdk/Contents/Home/jre/lib/rt.jar:/Library/Java/JavaVirtualMachines/jdk1.8.0_121.jdk/Contents/Home/jre/lib/sunrsasign.jar:/Library/Java/JavaVirtualMachines/jdk1.8.0_121.jdk/Contents/Home/jre/lib/jsse.jar:/Library/Java/JavaVirtualMachines/jdk1.8.0_121.jdk/Contents/Home/jre/lib/jce.jar:/Library/Java/JavaVirtualMachines/jdk1.8.0_121.jdk/Contents/Home/jre/lib/charsets.jar:/Library/Java/JavaVirtualMachines/jdk1.8.0_121.jdk/Contents/Home/jre/lib/jfr.jar:/Library/Java/JavaVirtualMachines/jdk1.8.0_121.jdk/Contents/Home/jre/classes
	sun.boot.library.path = /Library/Java/JavaVirtualMachines/jdk1.8.0_121.jdk/Contents/Home/jre/lib
	sun.cpu.endian = little
	sun.cpu.isalist = 
	sun.io.unicode.encoding = UnicodeBig
	sun.java.command = /Users/dariosarcevic/opt/keycloak-4.5.0.Final/jboss-modules.jar -mp /Users/dariosarcevic/opt/keycloak-4.5.0.Final/modules org.jboss.as.server
	sun.java.launcher = SUN_STANDARD
	sun.jnu.encoding = UTF-8
	sun.management.compiler = HotSpot 64-Bit Tiered Compilers
	sun.os.patch.level = unknown
	user.country = US
	user.country.format = HR
	user.dir = /Users/dariosarcevic/opt/keycloak-4.5.0.Final
	user.home = /Users/dariosarcevic
	user.language = en
	user.name = dariosarcevic
	user.timezone = Europe/Zagreb
2018-11-13 11:31:44,804 DEBUG [org.jboss.as.config] (MSC service thread 1-2) VM Arguments: -D[Server:server-one] -D[pcid:604212705] -Xms64m -Xmx512m -XX:MetaspaceSize=96m -XX:MaxMetaspaceSize=256m -Djava.awt.headless=true -Djava.net.preferIPv4Stack=true -Djboss.home.dir=/Users/dariosarcevic/opt/keycloak-4.5.0.Final -Djboss.modules.system.pkgs=org.jboss.byteman -Djboss.server.log.dir=/Users/dariosarcevic/opt/keycloak-4.5.0.Final/domain/servers/server-one/log -Djboss.server.temp.dir=/Users/dariosarcevic/opt/keycloak-4.5.0.Final/domain/servers/server-one/tmp -Djboss.server.data.dir=/Users/dariosarcevic/opt/keycloak-4.5.0.Final/domain/servers/server-one/data -Dlogging.configuration=file:/Users/dariosarcevic/opt/keycloak-4.5.0.Final/domain/servers/server-one/data/logging.properties 
2018-11-13 11:31:44,890 INFO  [org.xnio] (MSC service thread 1-8) XNIO version 3.6.3.Final
2018-11-13 11:31:44,896 INFO  [org.xnio.nio] (MSC service thread 1-8) XNIO NIO Implementation Version 3.6.3.Final
2018-11-13 11:31:44,930 INFO  [org.jboss.remoting] (MSC service thread 1-2) JBoss Remoting version 5.0.7.Final
2018-11-13 11:31:45,218 INFO  [org.wildfly.security] (ServerService Thread Pool -- 2) ELY00001: WildFly Elytron version 1.3.3.Final
2018-11-13 11:31:45,897 INFO  [org.jboss.as.controller.management-deprecated] (ServerService Thread Pool -- 20) WFLYCTL0028: Attribute 'security-realm' in the resource at address '/subsystem=undertow/server=default-server/https-listener=https' is deprecated, and may be removed in a future version. See the attribute description in the output of the read-resource-description operation to learn more about the deprecation.
2018-11-13 11:31:46,052 WARN  [org.jboss.as.txn] (ServerService Thread Pool -- 29) WFLYTX0013: The node-identifier attribute on the /subsystem=transactions is set to the default value. This is a danger for environments running multiple servers. Please make sure the attribute value is unique.
2018-11-13 11:31:46,060 INFO  [org.jboss.as.clustering.jgroups] (ServerService Thread Pool -- 40) WFLYCLJG0001: Activating JGroups subsystem. JGroups version 4.0.11
2018-11-13 11:31:46,062 INFO  [org.jboss.as.naming] (ServerService Thread Pool -- 35) WFLYNAM0001: Activating Naming Subsystem
2018-11-13 11:31:46,063 INFO  [org.jboss.as.security] (ServerService Thread Pool -- 31) WFLYSEC0002: Activating Security Subsystem
2018-11-13 11:31:46,064 INFO  [org.jboss.as.clustering.infinispan] (ServerService Thread Pool -- 43) WFLYCLINF0001: Activating Infinispan subsystem.
2018-11-13 11:31:46,064 INFO  [org.wildfly.extension.io] (ServerService Thread Pool -- 44) WFLYIO001: Worker 'default' has auto-configured to 16 core threads with 128 task threads based on your 8 available processors
2018-11-13 11:31:46,070 INFO  [org.jboss.as.security] (MSC service thread 1-8) WFLYSEC0001: Current PicketBox version=5.0.2.Final
2018-11-13 11:31:46,071 INFO  [org.jboss.as.jaxrs] (ServerService Thread Pool -- 42) WFLYRS0016: RESTEasy version 3.5.1.Final
2018-11-13 11:31:46,081 INFO  [org.jboss.as.connector] (MSC service thread 1-3) WFLYJCA0009: Starting JCA Subsystem (WildFly/IronJacamar 1.4.9.Final)
2018-11-13 11:31:46,091 INFO  [org.jboss.as.ee] (ServerService Thread Pool -- 46) WFLYEE0119: The system property 'ee8.preview.mode' is NOT set to 'true'. For provided EE 8 APIs where the EE 8 version of the API differs from what is supported in EE 7, the EE 7 variant of the API will be used. Support for this setting will be removed once all EE 8 APIs are provided and certified.
2018-11-13 11:31:46,097 INFO  [org.wildfly.extension.undertow] (ServerService Thread Pool -- 28) WFLYUT0014: Creating file handler for path '/Users/dariosarcevic/opt/keycloak-4.5.0.Final/welcome-content' with options [directory-listing: 'false', follow-symlink: 'false', case-sensitive: 'true', safe-symlink-paths: '[]']
2018-11-13 11:31:46,098 INFO  [org.wildfly.extension.undertow] (MSC service thread 1-4) WFLYUT0003: Undertow 2.0.9.Final starting
2018-11-13 11:31:46,110 INFO  [org.jboss.as.naming] (MSC service thread 1-6) WFLYNAM0003: Starting Naming Service
2018-11-13 11:31:46,113 INFO  [org.jboss.as.mail.extension] (MSC service thread 1-6) WFLYMAIL0001: Bound mail session [java:jboss/mail/Default]
2018-11-13 11:31:46,118 INFO  [org.jboss.as.connector.subsystems.datasources] (ServerService Thread Pool -- 47) WFLYJCA0004: Deploying JDBC-compliant driver class org.h2.Driver (version 1.4)
2018-11-13 11:31:46,122 INFO  [org.jboss.as.connector.deployers.jdbc] (MSC service thread 1-2) WFLYJCA0018: Started Driver service with driver-name = h2
2018-11-13 11:31:46,195 INFO  [org.wildfly.extension.undertow] (MSC service thread 1-3) WFLYUT0012: Started server default-server.
2018-11-13 11:31:46,197 INFO  [org.wildfly.extension.undertow] (MSC service thread 1-7) WFLYUT0018: Host default-host starting
2018-11-13 11:31:46,219 INFO  [org.wildfly.extension.undertow] (MSC service thread 1-5) WFLYUT0006: Undertow AJP listener ajp listening on 127.0.0.1:8159
2018-11-13 11:31:46,224 INFO  [org.jboss.modcluster] (ServerService Thread Pool -- 50) MODCLUSTER000001: Initializing mod_cluster version 1.3.9.Final
2018-11-13 11:31:46,233 INFO  [org.jboss.modcluster] (ServerService Thread Pool -- 50) MODCLUSTER000032: Listening to proxy advertisements on /224.0.1.105:23364
2018-11-13 11:31:46,239 INFO  [org.wildfly.extension.undertow] (MSC service thread 1-3) WFLYUT0006: Undertow HTTP listener default listening on 127.0.0.1:8230
2018-11-13 11:31:46,248 INFO  [org.jboss.as.ejb3] (MSC service thread 1-6) WFLYEJB0481: Strict pool slsb-strict-max-pool is using a max instance size of 128 (per class), which is derived from thread worker pool sizing.
2018-11-13 11:31:46,248 INFO  [org.jboss.as.ejb3] (MSC service thread 1-5) WFLYEJB0482: Strict pool mdb-strict-max-pool is using a max instance size of 32 (per class), which is derived from the number of CPUs on this host.
2018-11-13 11:31:46,313 INFO  [org.jboss.as.ejb3] (MSC service thread 1-1) WFLYEJB0493: EJB subsystem suspension complete
2018-11-13 11:31:46,515 INFO  [org.jboss.as.connector.subsystems.datasources] (MSC service thread 1-5) WFLYJCA0001: Bound data source [java:jboss/datasources/KeycloakDS]
2018-11-13 11:31:46,515 INFO  [org.jboss.as.connector.subsystems.datasources] (MSC service thread 1-3) WFLYJCA0001: Bound data source [java:jboss/datasources/ExampleDS]
2018-11-13 11:31:46,542 INFO  [org.jboss.as.patching] (MSC service thread 1-6) WFLYPAT0050: Keycloak cumulative patch ID is: base, one-off patches include: none
2018-11-13 11:31:46,554 WARN  [org.jboss.as.domain.management.security] (MSC service thread 1-2) WFLYDM0111: Keystore /Users/dariosarcevic/opt/keycloak-4.5.0.Final/domain/configuration/application.keystore not found, it will be auto generated on first use with a self signed certificate for host localhost
2018-11-13 11:31:46,565 INFO  [org.jboss.as.server.deployment] (MSC service thread 1-2) WFLYSRV0027: Starting deployment of "keycloak-server.war" (runtime-name: "keycloak-server.war")
2018-11-13 11:31:46,583 INFO  [org.wildfly.extension.undertow] (MSC service thread 1-7) WFLYUT0006: Undertow HTTPS listener https listening on 127.0.0.1:8593
2018-11-13 11:31:47,024 WARN  [org.jgroups.protocols.UDP] (ServerService Thread Pool -- 50) JGRP000015: the receive buffer of socket MulticastSocket was set to 20.00MB, but the OS only allocated 6.71MB. This might lead to performance problems. Please set your max receive buffer in the OS correctly (e.g. net.core.rmem_max on Linux)
2018-11-13 11:31:47,025 WARN  [org.jgroups.protocols.UDP] (ServerService Thread Pool -- 50) JGRP000015: the receive buffer of socket MulticastSocket was set to 25.00MB, but the OS only allocated 6.71MB. This might lead to performance problems. Please set your max receive buffer in the OS correctly (e.g. net.core.rmem_max on Linux)
2018-11-13 11:31:50,393 INFO  [org.infinispan.remoting.transport.jgroups.JGroupsTransport] (MSC service thread 1-4) ISPN000078: Starting JGroups channel ejb
2018-11-13 11:31:50,392 INFO  [org.infinispan.remoting.transport.jgroups.JGroupsTransport] (MSC service thread 1-8) ISPN000078: Starting JGroups channel ejb
2018-11-13 11:31:50,395 INFO  [org.infinispan.remoting.transport.jgroups.JGroupsTransport] (MSC service thread 1-5) ISPN000078: Starting JGroups channel ejb
2018-11-13 11:31:50,395 INFO  [org.infinispan.remoting.transport.jgroups.JGroupsTransport] (MSC service thread 1-3) ISPN000078: Starting JGroups channel ejb
2018-11-13 11:31:50,395 INFO  [org.infinispan.remoting.transport.jgroups.JGroupsTransport] (MSC service thread 1-6) ISPN000078: Starting JGroups channel ejb
2018-11-13 11:31:50,399 INFO  [org.infinispan.CLUSTER] (MSC service thread 1-8) ISPN000094: Received new cluster view for channel ejb: [master:server-one|0] (1) [master:server-one]
2018-11-13 11:31:50,399 INFO  [org.infinispan.CLUSTER] (MSC service thread 1-3) ISPN000094: Received new cluster view for channel ejb: [master:server-one|0] (1) [master:server-one]
2018-11-13 11:31:50,400 INFO  [org.infinispan.CLUSTER] (MSC service thread 1-4) ISPN000094: Received new cluster view for channel ejb: [master:server-one|0] (1) [master:server-one]
2018-11-13 11:31:50,400 INFO  [org.infinispan.CLUSTER] (MSC service thread 1-6) ISPN000094: Received new cluster view for channel ejb: [master:server-one|0] (1) [master:server-one]
2018-11-13 11:31:50,400 INFO  [org.infinispan.CLUSTER] (MSC service thread 1-5) ISPN000094: Received new cluster view for channel ejb: [master:server-one|0] (1) [master:server-one]
2018-11-13 11:31:50,407 INFO  [org.infinispan.remoting.transport.jgroups.JGroupsTransport] (MSC service thread 1-5) ISPN000079: Channel ejb local address is master:server-one, physical addresses are [127.0.0.1:55350]
2018-11-13 11:31:50,407 INFO  [org.infinispan.remoting.transport.jgroups.JGroupsTransport] (MSC service thread 1-8) ISPN000079: Channel ejb local address is master:server-one, physical addresses are [127.0.0.1:55350]
2018-11-13 11:31:50,408 INFO  [org.infinispan.remoting.transport.jgroups.JGroupsTransport] (MSC service thread 1-3) ISPN000079: Channel ejb local address is master:server-one, physical addresses are [127.0.0.1:55350]
2018-11-13 11:31:50,407 INFO  [org.infinispan.remoting.transport.jgroups.JGroupsTransport] (MSC service thread 1-4) ISPN000079: Channel ejb local address is master:server-one, physical addresses are [127.0.0.1:55350]
2018-11-13 11:31:50,407 INFO  [org.infinispan.remoting.transport.jgroups.JGroupsTransport] (MSC service thread 1-6) ISPN000079: Channel ejb local address is master:server-one, physical addresses are [127.0.0.1:55350]
2018-11-13 11:31:50,413 INFO  [org.infinispan.factories.GlobalComponentRegistry] (MSC service thread 1-8) ISPN000128: Infinispan version: Infinispan 'Gaina' 9.2.4.Final
2018-11-13 11:31:50,665 INFO  [org.jboss.as.clustering.infinispan] (ServerService Thread Pool -- 55) WFLYCLINF0002: Started keys cache from keycloak container
2018-11-13 11:31:50,665 INFO  [org.jboss.as.clustering.infinispan] (ServerService Thread Pool -- 57) WFLYCLINF0002: Started authorization cache from keycloak container
2018-11-13 11:31:50,666 INFO  [org.jboss.as.clustering.infinispan] (ServerService Thread Pool -- 58) WFLYCLINF0002: Started users cache from keycloak container
2018-11-13 11:31:50,666 INFO  [org.jboss.as.clustering.infinispan] (ServerService Thread Pool -- 51) WFLYCLINF0002: Started realms cache from keycloak container
2018-11-13 11:31:50,734 INFO  [org.jboss.as.clustering.infinispan] (ServerService Thread Pool -- 52) WFLYCLINF0002: Started work cache from keycloak container
2018-11-13 11:31:50,735 INFO  [org.jboss.as.clustering.infinispan] (ServerService Thread Pool -- 53) WFLYCLINF0002: Started actionTokens cache from keycloak container
2018-11-13 11:31:50,735 INFO  [org.jboss.as.clustering.infinispan] (ServerService Thread Pool -- 62) WFLYCLINF0002: Started client-mappings cache from ejb container
2018-11-13 11:31:50,735 INFO  [org.jboss.as.clustering.infinispan] (ServerService Thread Pool -- 60) WFLYCLINF0002: Started offlineClientSessions cache from keycloak container
2018-11-13 11:31:50,734 INFO  [org.jboss.as.clustering.infinispan] (ServerService Thread Pool -- 59) WFLYCLINF0002: Started sessions cache from keycloak container
2018-11-13 11:31:50,734 INFO  [org.jboss.as.clustering.infinispan] (ServerService Thread Pool -- 54) WFLYCLINF0002: Started loginFailures cache from keycloak container
2018-11-13 11:31:50,736 INFO  [org.jboss.as.clustering.infinispan] (ServerService Thread Pool -- 50) WFLYCLINF0002: Started authenticationSessions cache from keycloak container
2018-11-13 11:31:50,735 INFO  [org.jboss.as.clustering.infinispan] (ServerService Thread Pool -- 61) WFLYCLINF0002: Started offlineSessions cache from keycloak container
2018-11-13 11:31:50,736 INFO  [org.jboss.as.clustering.infinispan] (ServerService Thread Pool -- 56) WFLYCLINF0002: Started clientSessions cache from keycloak container
2018-11-13 11:31:51,274 INFO  [org.keycloak.services] (ServerService Thread Pool -- 54) KC-SERVICES0001: Loading config from standalone.xml or domain.xml
2018-11-13 11:31:51,789 INFO  [org.jboss.as.clustering.infinispan] (ServerService Thread Pool -- 54) WFLYCLINF0002: Started realmRevisions cache from keycloak container
2018-11-13 11:31:51,794 INFO  [org.jboss.as.clustering.infinispan] (ServerService Thread Pool -- 54) WFLYCLINF0002: Started userRevisions cache from keycloak container
2018-11-13 11:31:51,802 INFO  [org.jboss.as.clustering.infinispan] (ServerService Thread Pool -- 54) WFLYCLINF0002: Started authorizationRevisions cache from keycloak container
2018-11-13 11:31:51,804 INFO  [org.keycloak.connections.infinispan.DefaultInfinispanConnectionProviderFactory] (ServerService Thread Pool -- 54) Node name: master:server-one, Site name: null
2018-11-13 11:31:53,861 INFO  [org.hibernate.jpa.internal.util.LogHelper] (ServerService Thread Pool -- 54) HHH000204: Processing PersistenceUnitInfo [
	name: keycloak-default
	...]
2018-11-13 11:31:53,907 INFO  [org.hibernate.Version] (ServerService Thread Pool -- 54) HHH000412: Hibernate Core {5.1.14.Final}
2018-11-13 11:31:53,908 INFO  [org.hibernate.cfg.Environment] (ServerService Thread Pool -- 54) HHH000206: hibernate.properties not found
2018-11-13 11:31:53,910 INFO  [org.hibernate.cfg.Environment] (ServerService Thread Pool -- 54) HHH000021: Bytecode provider name : javassist
2018-11-13 11:31:53,938 INFO  [org.hibernate.annotations.common.Version] (ServerService Thread Pool -- 54) HCANN000001: Hibernate Commons Annotations {5.0.2.Final}
2018-11-13 11:31:54,045 INFO  [org.hibernate.dialect.Dialect] (ServerService Thread Pool -- 54) HHH000400: Using dialect: org.hibernate.dialect.H2Dialect
2018-11-13 11:31:54,052 WARN  [org.hibernate.dialect.H2Dialect] (ServerService Thread Pool -- 54) HHH000431: Unable to determine H2 database version, certain features may not work
2018-11-13 11:31:54,083 INFO  [org.hibernate.envers.boot.internal.EnversServiceImpl] (ServerService Thread Pool -- 54) Envers integration enabled? : true
2018-11-13 11:31:54,507 INFO  [org.hibernate.validator.internal.util.Version] (ServerService Thread Pool -- 54) HV000001: Hibernate Validator 5.3.6.Final
2018-11-13 11:31:55,083 INFO  [org.hibernate.hql.internal.QueryTranslatorFactoryInitiator] (ServerService Thread Pool -- 54) HHH000397: Using ASTQueryTranslatorFactory
2018-11-13 11:31:56,093 INFO  [org.jboss.resteasy.resteasy_jaxrs.i18n] (ServerService Thread Pool -- 54) RESTEASY002225: Deploying javax.ws.rs.core.Application: class org.keycloak.services.resources.KeycloakApplication
2018-11-13 11:31:56,094 INFO  [org.jboss.resteasy.resteasy_jaxrs.i18n] (ServerService Thread Pool -- 54) RESTEASY002200: Adding class resource org.keycloak.services.resources.ThemeResource from Application class org.keycloak.services.resources.KeycloakApplication
2018-11-13 11:31:56,095 INFO  [org.jboss.resteasy.resteasy_jaxrs.i18n] (ServerService Thread Pool -- 54) RESTEASY002200: Adding class resource org.keycloak.services.resources.JsResource from Application class org.keycloak.services.resources.KeycloakApplication
2018-11-13 11:31:56,095 INFO  [org.jboss.resteasy.resteasy_jaxrs.i18n] (ServerService Thread Pool -- 54) RESTEASY002205: Adding provider class org.keycloak.services.filters.KeycloakTransactionCommitter from Application class org.keycloak.services.resources.KeycloakApplication
2018-11-13 11:31:56,095 INFO  [org.jboss.resteasy.resteasy_jaxrs.i18n] (ServerService Thread Pool -- 54) RESTEASY002205: Adding provider class org.keycloak.services.error.KeycloakErrorHandler from Application class org.keycloak.services.resources.KeycloakApplication
2018-11-13 11:31:56,095 INFO  [org.jboss.resteasy.resteasy_jaxrs.i18n] (ServerService Thread Pool -- 54) RESTEASY002220: Adding singleton resource org.keycloak.services.resources.admin.AdminRoot from Application class org.keycloak.services.resources.KeycloakApplication
2018-11-13 11:31:56,095 INFO  [org.jboss.resteasy.resteasy_jaxrs.i18n] (ServerService Thread Pool -- 54) RESTEASY002220: Adding singleton resource org.keycloak.services.resources.RobotsResource from Application class org.keycloak.services.resources.KeycloakApplication
2018-11-13 11:31:56,095 INFO  [org.jboss.resteasy.resteasy_jaxrs.i18n] (ServerService Thread Pool -- 54) RESTEASY002220: Adding singleton resource org.keycloak.services.resources.RealmsResource from Application class org.keycloak.services.resources.KeycloakApplication
2018-11-13 11:31:56,095 INFO  [org.jboss.resteasy.resteasy_jaxrs.i18n] (ServerService Thread Pool -- 54) RESTEASY002210: Adding provider singleton org.keycloak.services.util.ObjectMapperResolver from Application class org.keycloak.services.resources.KeycloakApplication
2018-11-13 11:31:56,096 INFO  [org.jboss.resteasy.resteasy_jaxrs.i18n] (ServerService Thread Pool -- 54) RESTEASY002220: Adding singleton resource org.keycloak.services.resources.WelcomeResource from Application class org.keycloak.services.resources.KeycloakApplication
2018-11-13 11:31:56,166 INFO  [org.wildfly.extension.undertow] (ServerService Thread Pool -- 54) WFLYUT0021: Registered web context: '/auth' for server 'default-server'
2018-11-13 11:31:56,199 INFO  [org.jboss.as.server] (ServerService Thread Pool -- 27) WFLYSRV0010: Deployed "keycloak-server.war" (runtime-name : "keycloak-server.war")
2018-11-13 11:31:56,246 INFO  [org.jboss.as.server] (Controller Boot Thread) WFLYSRV0212: Resuming server
2018-11-13 11:31:56,250 INFO  [org.jboss.as] (Controller Boot Thread) WFLYSRV0025: Keycloak 4.5.0.Final (WildFly Core 5.0.0.Final) started in 12450ms - Started 609 of 889 services (619 services are lazy, passive or on-demand)
2018-11-13 11:37:46,859 INFO  [org.jboss.as.server] (Thread-2) WFLYSRV0236: Suspending server with no timeout.
2018-11-13 11:37:46,870 INFO  [org.jboss.as.ejb3] (Thread-2) WFLYEJB0493: EJB subsystem suspension complete
2018-11-13 11:37:46,873 INFO  [org.jboss.as.server] (Thread-2) WFLYSRV0220: Server shutdown has been requested via an OS signal
2018-11-13 11:37:46,894 INFO  [org.jboss.as.connector.subsystems.datasources] (MSC service thread 1-3) WFLYJCA0010: Unbound data source [java:jboss/datasources/KeycloakDS]
2018-11-13 11:37:46,894 INFO  [org.wildfly.extension.undertow] (MSC service thread 1-2) WFLYUT0008: Undertow HTTPS listener https suspending
2018-11-13 11:37:46,897 INFO  [org.wildfly.extension.undertow] (ServerService Thread Pool -- 54) WFLYUT0022: Unregistered web context: '/auth' from server 'default-server'
2018-11-13 11:37:46,897 INFO  [org.wildfly.extension.undertow] (MSC service thread 1-2) WFLYUT0007: Undertow HTTPS listener https stopped, was bound to 127.0.0.1:8593
2018-11-13 11:37:46,898 INFO  [org.infinispan.remoting.transport.jgroups.JGroupsTransport] (MSC service thread 1-6) ISPN000080: Disconnecting JGroups channel ejb
2018-11-13 11:37:46,899 INFO  [org.infinispan.remoting.transport.jgroups.JGroupsTransport] (MSC service thread 1-1) ISPN000080: Disconnecting JGroups channel ejb
2018-11-13 11:37:46,902 INFO  [org.infinispan.remoting.transport.jgroups.JGroupsTransport] (MSC service thread 1-4) ISPN000080: Disconnecting JGroups channel ejb
2018-11-13 11:37:46,915 INFO  [org.jboss.modcluster] (ServerService Thread Pool -- 69) MODCLUSTER000002: Initiating mod_cluster shutdown
2018-11-13 11:37:46,915 INFO  [org.wildfly.extension.undertow] (MSC service thread 1-2) WFLYUT0008: Undertow AJP listener ajp suspending
2018-11-13 11:37:46,915 INFO  [org.wildfly.extension.undertow] (MSC service thread 1-2) WFLYUT0007: Undertow AJP listener ajp stopped, was bound to 127.0.0.1:8159
2018-11-13 11:37:46,916 INFO  [org.jboss.as.connector.subsystems.datasources] (MSC service thread 1-5) WFLYJCA0010: Unbound data source [java:jboss/datasources/ExampleDS]
2018-11-13 11:37:46,917 INFO  [org.wildfly.extension.undertow] (MSC service thread 1-3) WFLYUT0019: Host default-host stopping
2018-11-13 11:37:46,917 INFO  [org.jboss.as.connector.deployers.jdbc] (MSC service thread 1-2) WFLYJCA0019: Stopped Driver service with driver-name = h2
2018-11-13 11:37:46,915 WARN  [org.jboss.modcluster] (ServerService Thread Pool -- 69) MODCLUSTER000033: Failed to interrupt socket reception.: java.io.IOException: Can't assign requested address (sendto failed)
	at java.net.PlainDatagramSocketImpl.send(Native Method)
	at java.net.DatagramSocket.send(DatagramSocket.java:693)
	at org.jboss.modcluster.advertise.impl.AdvertiseListenerImpl.interruptDatagramReader(AdvertiseListenerImpl.java:209)
	at org.jboss.modcluster.advertise.impl.AdvertiseListenerImpl.stop(AdvertiseListenerImpl.java:228)
	at org.jboss.modcluster.advertise.impl.AdvertiseListenerImpl.destroy(AdvertiseListenerImpl.java:244)
	at org.jboss.modcluster.ModClusterService.shutdown(ModClusterService.java:216)
	at org.wildfly.extension.mod_cluster.ContainerEventHandlerService.stop(ContainerEventHandlerService.java:69)
	at org.wildfly.clustering.service.AsynchronousServiceBuilder.lambda$stop$1(AsynchronousServiceBuilder.java:124)
	at org.jboss.threads.ContextClassLoaderSavingRunnable.run(ContextClassLoaderSavingRunnable.java:35)
	at org.jboss.threads.EnhancedQueueExecutor.safeRun(EnhancedQueueExecutor.java:1985)
	at org.jboss.threads.EnhancedQueueExecutor$ThreadBody.doRunTask(EnhancedQueueExecutor.java:1487)
	at org.jboss.threads.EnhancedQueueExecutor$ThreadBody.run(EnhancedQueueExecutor.java:1378)
	at java.lang.Thread.run(Thread.java:745)
	at org.jboss.threads.JBossThread.run(JBossThread.java:485)

2018-11-13 11:37:46,923 INFO  [org.jboss.as.clustering.infinispan] (ServerService Thread Pool -- 72) WFLYCLINF0003: Stopped users cache from keycloak container
2018-11-13 11:37:46,924 INFO  [org.jboss.as.clustering.infinispan] (ServerService Thread Pool -- 74) WFLYCLINF0003: Stopped keys cache from keycloak container
2018-11-13 11:37:46,924 INFO  [org.jboss.as.clustering.infinispan] (ServerService Thread Pool -- 76) WFLYCLINF0003: Stopped authorization cache from keycloak container
2018-11-13 11:37:46,930 INFO  [org.jboss.as.clustering.infinispan] (ServerService Thread Pool -- 71) WFLYCLINF0003: Stopped realms cache from keycloak container
2018-11-13 11:37:46,932 INFO  [org.wildfly.extension.undertow] (MSC service thread 1-4) WFLYUT0008: Undertow HTTP listener default suspending
2018-11-13 11:37:46,934 INFO  [org.wildfly.extension.undertow] (MSC service thread 1-4) WFLYUT0007: Undertow HTTP listener default stopped, was bound to 127.0.0.1:8230
2018-11-13 11:37:46,935 INFO  [org.wildfly.extension.undertow] (MSC service thread 1-3) WFLYUT0004: Undertow 2.0.9.Final stopping
2018-11-13 11:37:46,935 INFO  [org.jboss.as.server.deployment] (MSC service thread 1-4) WFLYSRV0028: Stopped deployment keycloak-server.war (runtime-name: keycloak-server.war) in 58ms
2018-11-13 11:37:46,939 INFO  [org.jboss.as.clustering.infinispan] (ServerService Thread Pool -- 54) WFLYCLINF0003: Stopped clientSessions cache from keycloak container
2018-11-13 11:37:46,940 INFO  [org.jboss.as.clustering.infinispan] (ServerService Thread Pool -- 68) WFLYCLINF0003: Stopped offlineClientSessions cache from keycloak container
2018-11-13 11:37:46,940 INFO  [org.jboss.as.clustering.infinispan] (ServerService Thread Pool -- 73) WFLYCLINF0003: Stopped offlineSessions cache from keycloak container
2018-11-13 11:37:46,940 INFO  [org.jboss.as.clustering.infinispan] (ServerService Thread Pool -- 65) WFLYCLINF0003: Stopped sessions cache from keycloak container
2018-11-13 11:37:46,940 INFO  [org.jboss.as.clustering.infinispan] (ServerService Thread Pool -- 70) WFLYCLINF0003: Stopped work cache from keycloak container
2018-11-13 11:37:46,941 INFO  [org.jboss.as.clustering.infinispan] (ServerService Thread Pool -- 75) WFLYCLINF0003: Stopped authenticationSessions cache from keycloak container
2018-11-13 11:37:46,941 INFO  [org.jboss.as.clustering.infinispan] (ServerService Thread Pool -- 66) WFLYCLINF0003: Stopped actionTokens cache from keycloak container
2018-11-13 11:37:46,942 INFO  [org.jboss.as.clustering.infinispan] (ServerService Thread Pool -- 69) WFLYCLINF0003: Stopped loginFailures cache from keycloak container
2018-11-13 11:37:46,942 INFO  [org.jboss.as.clustering.infinispan] (ServerService Thread Pool -- 71) WFLYCLINF0003: Stopped client-mappings cache from ejb container
2018-11-13 11:37:46,944 INFO  [org.infinispan.remoting.transport.jgroups.JGroupsTransport] (MSC service thread 1-5) ISPN000080: Disconnecting JGroups channel ejb
2018-11-13 11:37:46,944 INFO  [org.jboss.as.clustering.infinispan] (MSC service thread 1-6) WFLYCLINF0003: Stopped authorizationRevisions cache from keycloak container
2018-11-13 11:37:46,949 INFO  [org.jboss.as.clustering.infinispan] (MSC service thread 1-6) WFLYCLINF0003: Stopped realmRevisions cache from keycloak container
2018-11-13 11:37:46,952 INFO  [org.jboss.as.clustering.infinispan] (MSC service thread 1-6) WFLYCLINF0003: Stopped userRevisions cache from keycloak container
2018-11-13 11:37:46,953 INFO  [org.infinispan.remoting.transport.jgroups.JGroupsTransport] (MSC service thread 1-6) ISPN000080: Disconnecting JGroups channel ejb
2018-11-13 11:37:46,973 INFO  [org.jboss.as] (MSC service thread 1-3) WFLYSRV0050: Keycloak 4.5.0.Final (WildFly Core 5.0.0.Final) stopped in 96ms
